{"numFailedTestSuites":1,"numFailedTests":10,"numPassedTestSuites":0,"numPassedTests":3,"numPendingTestSuites":0,"numPendingTests":0,"numRuntimeErrorTestSuites":0,"numTodoTests":0,"numTotalTestSuites":1,"numTotalTests":13,"openHandles":[],"snapshot":{"added":0,"didUpdate":false,"failure":false,"filesAdded":0,"filesRemoved":0,"filesRemovedList":[],"filesUnmatched":0,"filesUpdated":0,"matched":0,"total":0,"unchecked":0,"uncheckedKeysByFile":[],"unmatched":0,"updated":0},"startTime":1773311709541,"success":false,"testResults":[{"assertionResults":[{"ancestorTitles":["PremiumUpgradeScreen"],"duration":2888,"failing":false,"failureDetails":[],"failureMessages":[],"fullName":"PremiumUpgradeScreen renders without crashing","invocations":1,"location":null,"numPassingAsserts":1,"retryReasons":[],"startAt":1773311710657,"status":"passed","title":"renders without crashing"},{"ancestorTitles":["PremiumUpgradeScreen"],"duration":11,"failing":false,"failureDetails":[],"failureMessages":[],"fullName":"PremiumUpgradeScreen displays premium title","invocations":1,"location":null,"numPassingAsserts":1,"retryReasons":[],"startAt":1773311713546,"status":"passed","title":"displays premium title"},{"ancestorTitles":["PremiumUpgradeScreen"],"duration":12,"failing":false,"failureDetails":[{}],"failureMessages":["Error: Unable to find an element with text: Débloquez tout votre potentiel santé\n\n\u001b[36m<View>\u001b[39m\n  \u001b[0mModalHandle\u001b[0m\n  \u001b[36m<View>\u001b[39m\n    \u001b[36m<View />\u001b[39m\n    \u001b[36m<Text>\u001b[39m\n      \u001b[0mHealth Scan Premium\u001b[0m\n    \u001b[36m</Text>\u001b[39m\n    \u001b[36m<View\u001b[39m\n      \u001b[33maccessible\u001b[39m=\u001b[32m{true}\u001b[39m\n    \u001b[36m>\u001b[39m\n      \u001b[36m<X />\u001b[39m\n    \u001b[36m</View>\u001b[39m\n  \u001b[36m</View>\u001b[39m\n  \u001b[36m<RCTScrollView>\u001b[39m\n    \u001b[36m<View>\u001b[39m\n      \u001b[36m<View\u001b[39m\n        \u001b[33mstyle\u001b[39m=\u001b[32m{\n          {\n            \"opacity\": 0,\n          }\n        }\u001b[39m\n      \u001b[36m>\u001b[39m\n        \u001b[36m<View>\u001b[39m\n          \u001b[36m<View>\u001b[39m\n            \u001b[36m<Crown />\u001b[39m\n            \u001b[36m<View>\u001b[39m\n              \u001b[36m<Sparkles />\u001b[39m\n            \u001b[36m</View>\u001b[39m\n          \u001b[36m</View>\u001b[39m\n          \u001b[36m<Text>\u001b[39m\n            \u001b[0mpremium.subscription_page.hero_title\u001b[0m\n          \u001b[36m</Text>\u001b[39m\n          \u001b[36m<Text>\u001b[39m\n            \u001b[0mpremium.subscription_page.hero_subtitle\u001b[0m\n          \u001b[36m</Text>\u001b[39m\n        \u001b[36m</View>\u001b[39m\n        \u001b[36m<RCTScrollView>\u001b[39m\n          \u001b[36m<View>\u001b[39m\n            \u001b[36m<View>\u001b[39m\n              \u001b[36m<View>\u001b[39m\n                \u001b[36m<Text>\u001b[39m\n                  \u001b[0mpremium.subscription_page.free_title\u001b[0m\n                \u001b[36m</Text>\u001b[39m\n                \u001b[36m<Text>\u001b[39m\n                  \u001b[0mpremium.subscription_page.free_price\u001b[0m\n                \u001b[36m</Text>\u001b[39m\n              \u001b[36m</View>\u001b[39m\n              \u001b[36m<View />\u001b[39m\n              \u001b[36m<View>\u001b[39m\n                \u001b[36m<View>\u001b[39m\n                  \u001b[36m<View>\u001b[39m\n                    \u001b[36m<Check />\u001b[39m\n                  \u001b[36m</View>\u001b[39m\n                  \u001b[36m<Text>\u001b[39m\n                    \u001b[0mpremium.subscription_page.free_feat_face\u001b[0m\n                  \u001b[36m</Text>\u001b[39m\n                \u001b[36m</View>\u001b[39m\n                \u001b[36m<View>\u001b[39m\n                  \u001b[36m<View>\u001b[39m\n                    \u001b[36m<Check />\u001b[39m\n                  \u001b[36m</View>\u001b[39m\n                  \u001b[36m<Text>\u001b[39m\n                    \u001b[0mpremium.subscription_page.free_feat_body\u001b[0m\n                  \u001b[36m</Text>\u001b[39m\n                \u001b[36m</View>\u001b[39m\n                \u001b[36m<View>\u001b[39m\n                  \u001b[36m<View>\u001b[39m\n                    \u001b[36m<Check />\u001b[39m\n                  \u001b[36m</View>\u001b[39m\n                  \u001b[36m<Text>\u001b[39m\n                    \u001b[0mpremium.subscription_page.free_feat_nutrition\u001b[0m\n                  \u001b[36m</Text>\u001b[39m\n                \u001b[36m</View>\u001b[39m\n                \u001b[36m<View>\u001b[39m\n                  \u001b[36m<View>\u001b[39m\n                    \u001b[36m<Check />\u001b[39m\n                  \u001b[36m</View>\u001b[39m\n                  \u001b[36m<Text>\u001b[39m\n                    \u001b[0mpremium.subscription_page.free_feat_partial\u001b[0m\n                  \u001b[36m</Text>\u001b[39m\n                \u001b[36m</View>\u001b[39m\n                \u001b[36m<View>\u001b[39m\n                  \u001b[36m<View>\u001b[39m\n                    \u001b[36m<X />\u001b[39m\n                  \u001b[36m</View>\u001b[39m\n                  \u001b[36m<Text>\u001b[39m\n                    \u001b[0mpremium.subscription_page.free_feat_no_super\u001b[0m\n                  \u001b[36m</Text>\u001b[39m\n                \u001b[36m</View>\u001b[39m\n                \u001b[36m<View>\u001b[39m\n                  \u001b[36m<View>\u001b[39m\n                    \u001b[36m<X />\u001b[39m\n                  \u001b[36m</View>\u001b[39m\n                  \u001b[36m<Text>\u001b[39m\n                    \u001b[0mpremium.subscription_page.free_feat_no_history\u001b[0m\n                  \u001b[36m</Text>\u001b[39m\n                \u001b[36m</View>\u001b[39m\n              \u001b[36m</View>\u001b[39m\n            \u001b[36m</View>\u001b[39m\n            \u001b[36m<View>\u001b[39m\n              \u001b[36m<View>\u001b[39m\n                \u001b[36m<Text>\u001b[39m\n                  \u001b[0mpremium.subscription_page.monthly_title\u001b[0m\n                \u001b[36m</Text>\u001b[39m\n                \u001b[36m<Text>\u001b[39m\n                  \u001b[0mpremium.subscription_page.monthly_price\u001b[0m\n                \u001b[36m</Text>\u001b[39m\n              \u001b[36m</View>\u001b[39m\n              \u001b[36m<View />\u001b[39m\n              \u001b[36m<View>\u001b[39m\n                \u001b[36m<View>\u001b[39m\n                  \u001b[36m<View>\u001b[39m\n                    \u001b[36m<Check />\u001b[39m\n                  \u001b[36m</View>\u001b[39m\n                  \u001b[36m<Text>\u001b[39m\n                    \u001b[0mpremium.subscription_page.prem_feat_face\u001b[0m\n                  \u001b[36m</Text>\u001b[39m\n                \u001b[36m</View>\u001b[39m\n                \u001b[36m<View>\u001b[39m\n                  \u001b[36m<View>\u001b[39m\n                    \u001b[36m<Check />\u001b[39m\n                  \u001b[36m</View>\u001b[39m\n                  \u001b[36m<Text>\u001b[39m\n                    \u001b[0mpremium.subscription_page.prem_feat_body\u001b[0m\n                  \u001b[36m</Text>\u001b[39m\n                \u001b[36m</View>\u001b[39m\n                \u001b[36m<View>\u001b[39m\n                  \u001b[36m<View>\u001b[39m\n                    \u001b[36m<Check />\u001b[39m\n                  \u001b[36m</View>\u001b[39m\n                  \u001b[36m<Text>\u001b[39m\n                    \u001b[0mpremium.subscription_page.prem_feat_nutrition\u001b[0m\n                  \u001b[36m</Text>\u001b[39m\n                \u001b[36m</View>\u001b[39m\n                \u001b[36m<View>\u001b[39m\n                  \u001b[36m<View>\u001b[39m\n                    \u001b[36m<Check />\u001b[39m\n                  \u001b[36m</View>\u001b[39m\n                  \u001b[36m<Text>\u001b[39m\n                    \u001b[0mpremium.subscription_page.prem_feat_super\u001b[0m\n                  \u001b[36m</Text>\u001b[39m\n                \u001b[36m</View>\u001b[39m\n                \u001b[36m<View>\u001b[39m\n                  \u001b[36m<View>\u001b[39m\n                    \u001b[36m<Check />\u001b[39m\n                  \u001b[36m</View>\u001b[39m\n                  \u001b[36m<Text>\u001b[39m\n                    \u001b[0mpremium.subscription_page.prem_feat_unlocked\u001b[0m\n                  \u001b[36m</Text>\u001b[39m\n                \u001b[36m</View>\u001b[39m\n                \u001b[36m<View>\u001b[39m\n                  \u001b[36m<View>\u001b[39m\n                    \u001b[36m<Check />\u001b[39m\n                  \u001b[36m</View>\u001b[39m\n                  \u001b[36m<Text>\u001b[39m\n                    \u001b[0mpremium.subscription_page.prem_feat_history\u001b[0m\n                  \u001b[36m</Text>\u001b[39m\n                \u001b[36m</View>\u001b[39m\n                \u001b[36m<View>\u001b[39m\n                  \u001b[36m<View>\u001b[39m\n                    \u001b[36m<Check />\u001b[39m\n                  \u001b[36m</View>\u001b[39m\n                  \u001b[36m<Text>\u001b[39m\n                    \u001b[0mpremium.subscription_page.prem_feat_ai\u001b[0m\n                  \u001b[36m</Text>\u001b[39m\n                \u001b[36m</View>\u001b[39m\n              \u001b[36m</View>\u001b[39m\n              \u001b[36m<View\u001b[39m\n                \u001b[33maccessibilityState\u001b[39m=\u001b[32m{\n                  {\n                    \"disabled\": false,\n                  }\n                }\u001b[39m\n                \u001b[33maccessible\u001b[39m=\u001b[32m{true}\u001b[39m\n              \u001b[36m>\u001b[39m\n                \u001b[36m<Text>\u001b[39m\n                  \u001b[0mpremium.subscription_page.cta_monthly\u001b[0m\n                \u001b[36m</Text>\u001b[39m\n              \u001b[36m</View>\u001b[39m\n            \u001b[36m</View>\u001b[39m\n            \u001b[36m<View>\u001b[39m\n              \u001b[36m<View>\u001b[39m\n                \u001b[36m<Star />\u001b[39m\n                \u001b[36m<Text>\u001b[39m\n                  \u001b[0mpremium.subscription_page.annual_badge\u001b[0m\n                \u001b[36m</Text>\u001b[39m\n              \u001b[36m</View>\u001b[39m\n              \u001b[36m<View>\u001b[39m\n                \u001b[36m<Text>\u001b[39m\n                  \u001b[0mpremium.subscription_page.annual_title\u001b[0m\n                \u001b[36m</Text>\u001b[39m\n                \u001b[36m<Text>\u001b[39m\n                  \u001b[0mpremium.subscription_page.annual_price\u001b[0m\n                \u001b[36m</Text>\u001b[39m\n                \u001b[36m<Text>\u001b[39m\n                  \u001b[0mpremium.subscription_page.annual_monthly\u001b[0m\n                \u001b[36m</Text>\u001b[39m\n                \u001b[36m<Text>\u001b[39m\n                  \u001b[0mpremium.subscription_page.annual_crossed\u001b[0m\n                \u001b[36m</Text>\u001b[39m\n              \u001b[36m</View>\u001b[39m\n              \u001b[36m<View />\u001b[39m\n              \u001b[36m<View>\u001b[39m\n                \u001b[36m<View>\u001b[39m\n                  \u001b[36m<View>\u001b[39m\n                    \u001b[36m<Check />\u001b[39m\n                  \u001b[36m</View>\u001b[39m\n                  \u001b[36m<Text>\u001b[39m\n                    \u001b[0mpremium.subscription_page.prem_feat_face\u001b[0m\n                  \u001b[36m</Text>\u001b[39m\n                \u001b[36m</View>\u001b[39m\n                \u001b[36m<View>\u001b[39m\n                  \u001b[36m<View>\u001b[39m\n                    \u001b[36m<Check />\u001b[39m\n                  \u001b[36m</View>\u001b[39m\n                  \u001b[36m<Text>\u001b[39m\n                    \u001b[0mpremium.subscription_page.prem_feat_body\u001b[0m\n                  \u001b[36m</Text>\u001b[39m\n                \u001b[36m</View>\u001b[39m\n                \u001b[36m<View>\u001b[39m\n                  \u001b[36m<View>\u001b[39m\n                    \u001b[36m<Check />\u001b[39m\n                  \u001b[36m</View>\u001b[39m\n                  \u001b[36m<Text>\u001b[39m\n                    \u001b[0mpremium.subscription_page.prem_feat_nutrition\u001b[0m\n                  \u001b[36m</Text>\u001b[39m\n                \u001b[36m</View>\u001b[39m\n                \u001b[36m<View>\u001b[39m\n                  \u001b[36m<View>\u001b[39m\n                    \u001b[36m<Check />\u001b[39m\n                  \u001b[36m</View>\u001b[39m\n                  \u001b[36m<Text>\u001b[39m\n                    \u001b[0mpremium.subscription_page.prem_feat_super\u001b[0m\n                  \u001b[36m</Text>\u001b[39m\n                \u001b[36m</View>\u001b[39m\n                \u001b[36m<View>\u001b[39m\n                  \u001b[36m<View>\u001b[39m\n                    \u001b[36m<Check />\u001b[39m\n                  \u001b[36m</View>\u001b[39m\n                  \u001b[36m<Text>\u001b[39m\n                    \u001b[0mpremium.subscription_page.prem_feat_unlocked\u001b[0m\n                  \u001b[36m</Text>\u001b[39m\n                \u001b[36m</View>\u001b[39m\n                \u001b[36m<View>\u001b[39m\n                  \u001b[36m<View>\u001b[39m\n                    \u001b[36m<Check />\u001b[39m\n                  \u001b[36m</View>\u001b[39m\n                  \u001b[36m<Text>\u001b[39m\n                    \u001b[0mpremium.subscription_page.prem_feat_history\u001b[0m\n                  \u001b[36m</Text>\u001b[39m\n                \u001b[36m</View>\u001b[39m\n                \u001b[36m<View>\u001b[39m\n                  \u001b[36m<View>\u001b[39m\n                    \u001b[36m<Check />\u001b[39m\n                  \u001b[36m</View>\u001b[39m\n                  \u001b[36m<Text>\u001b[39m\n                    \u001b[0mpremium.subscription_page.prem_feat_ai\u001b[0m\n                  \u001b[36m</Text>\u001b[39m\n                \u001b[36m</View>\u001b[39m\n              \u001b[36m</View>\u001b[39m\n              \u001b[36m<View\u001b[39m\n                \u001b[33maccessibilityState\u001b[39m=\u001b[32m{\n                  {\n                    \"disabled\": false,\n                  }\n                }\u001b[39m\n                \u001b[33maccessible\u001b[39m=\u001b[32m{true}\u001b[39m\n              \u001b[36m>\u001b[39m\n                \u001b[36m<Text>\u001b[39m\n                  \u001b[0mpremium.subscription_page.cta_annual\u001b[0m\n                \u001b[36m</Text>\u001b[39m\n              \u001b[36m</View>\u001b[39m\n            \u001b[36m</View>\u001b[39m\n          \u001b[36m</View>\u001b[39m\n        \u001b[36m</RCTScrollView>\u001b[39m\n        \u001b[36m<View>\u001b[39m\n          \u001b[36m<View\u001b[39m\n            \u001b[33maccessibilityState\u001b[39m=\u001b[32m{\n              {\n                \"disabled\": false,\n              }\n            }\u001b[39m\n            \u001b[33maccessible\u001b[39m=\u001b[32m{true}\u001b[39m\n          \u001b[36m>\u001b[39m\n            \u001b[36m<RefreshCw />\u001b[39m\n            \u001b[36m<Text>\u001b[39m\n              \u001b[0mRestaurer les achats\u001b[0m\n            \u001b[36m</Text>\u001b[39m\n          \u001b[36m</View>\u001b[39m\n          \u001b[36m<Text>\u001b[39m\n            \u001b[0mpremium.subscription_page.legal\u001b[0m\n          \u001b[36m</Text>\u001b[39m\n          \u001b[36m<View>\u001b[39m\n            \u001b[36m<View\u001b[39m\n              \u001b[33maccessible\u001b[39m=\u001b[32m{true}\u001b[39m\n            \u001b[36m>\u001b[39m\n              \u001b[36m<Text>\u001b[39m\n                \u001b[0mpremium.subscription_page.privacy_link\u001b[0m\n              \u001b[36m</Text>\u001b[39m\n            \u001b[36m</View>\u001b[39m\n            \u001b[36m<Text>\u001b[39m\n              \u001b[0m•\u001b[0m\n            \u001b[36m</Text>\u001b[39m\n            \u001b[36m<View\u001b[39m\n              \u001b[33maccessible\u001b[39m=\u001b[32m{true}\u001b[39m\n            \u001b[36m>\u001b[39m\n              \u001b[36m<Text>\u001b[39m\n                \u001b[0mpremium.subscription_page.terms_link\u001b[0m\n              \u001b[36m</Text>\u001b[39m\n            \u001b[36m</View>\u001b[39m\n          \u001b[36m</View>\u001b[39m\n          \u001b[36m<Text>\u001b[39m\n            \u001b[0mpremium.store_note\u001b[0m\n          \u001b[36m</Text>\u001b[39m\n        \u001b[36m</View>\u001b[39m\n      \u001b[36m</View>\u001b[39m\n    \u001b[36m</View>\u001b[39m\n  \u001b[36m</RCTScrollView>\u001b[39m\n\u001b[36m</View>\u001b[39m\n    at Object.getByText (C:\\Users\\maloh\\Downloads\\1-main\\__tests__\\screens\\PremiumUpgradeScreen.test.tsx:80:19)\n    at Promise.finally.completed (C:\\Users\\maloh\\Downloads\\1-main\\node_modules\\jest-circus\\build\\jestAdapterInit.js:1557:28)\n    at new Promise (<anonymous>)\n    at callAsyncCircusFn (C:\\Users\\maloh\\Downloads\\1-main\\node_modules\\jest-circus\\build\\jestAdapterInit.js:1497:10)\n    at _callCircusTest (C:\\Users\\maloh\\Downloads\\1-main\\node_modules\\jest-circus\\build\\jestAdapterInit.js:1007:40)\n    at _runTest (C:\\Users\\maloh\\Downloads\\1-main\\node_modules\\jest-circus\\build\\jestAdapterInit.js:947:3)\n    at C:\\Users\\maloh\\Downloads\\1-main\\node_modules\\jest-circus\\build\\jestAdapterInit.js:849:7\n    at _runTestsForDescribeBlock (C:\\Users\\maloh\\Downloads\\1-main\\node_modules\\jest-circus\\build\\jestAdapterInit.js:862:11)\n    at _runTestsForDescribeBlock (C:\\Users\\maloh\\Downloads\\1-main\\node_modules\\jest-circus\\build\\jestAdapterInit.js:857:11)\n    at run (C:\\Users\\maloh\\Downloads\\1-main\\node_modules\\jest-circus\\build\\jestAdapterInit.js:761:3)\n    at runAndTransformResultsToJestFormat (C:\\Users\\maloh\\Downloads\\1-main\\node_modules\\jest-circus\\build\\jestAdapterInit.js:1918:21)\n    at jestAdapter (C:\\Users\\maloh\\Downloads\\1-main\\node_modules\\jest-circus\\build\\runner.js:101:19)\n    at runTestInternal (C:\\Users\\maloh\\Downloads\\1-main\\node_modules\\jest-runner\\build\\index.js:275:16)\n    at runTest (C:\\Users\\maloh\\Downloads\\1-main\\node_modules\\jest-runner\\build\\index.js:343:7)"],"fullName":"PremiumUpgradeScreen displays hero title","invocations":1,"location":null,"numPassingAsserts":0,"retryReasons":[],"startAt":1773311713558,"status":"failed","title":"displays hero title"},{"ancestorTitles":["PremiumUpgradeScreen"],"duration":12,"failing":false,"failureDetails":[{}],"failureMessages":["Error: Unable to find an element with text: Choisissez la formule qui vous correspond\n\n\u001b[36m<View>\u001b[39m\n  \u001b[0mModalHandle\u001b[0m\n  \u001b[36m<View>\u001b[39m\n    \u001b[36m<View />\u001b[39m\n    \u001b[36m<Text>\u001b[39m\n      \u001b[0mHealth Scan Premium\u001b[0m\n    \u001b[36m</Text>\u001b[39m\n    \u001b[36m<View\u001b[39m\n      \u001b[33maccessible\u001b[39m=\u001b[32m{true}\u001b[39m\n    \u001b[36m>\u001b[39m\n      \u001b[36m<X />\u001b[39m\n    \u001b[36m</View>\u001b[39m\n  \u001b[36m</View>\u001b[39m\n  \u001b[36m<RCTScrollView>\u001b[39m\n    \u001b[36m<View>\u001b[39m\n      \u001b[36m<View\u001b[39m\n        \u001b[33mstyle\u001b[39m=\u001b[32m{\n          {\n            \"opacity\": 0,\n          }\n        }\u001b[39m\n      \u001b[36m>\u001b[39m\n        \u001b[36m<View>\u001b[39m\n          \u001b[36m<View>\u001b[39m\n            \u001b[36m<Crown />\u001b[39m\n            \u001b[36m<View>\u001b[39m\n              \u001b[36m<Sparkles />\u001b[39m\n            \u001b[36m</View>\u001b[39m\n          \u001b[36m</View>\u001b[39m\n          \u001b[36m<Text>\u001b[39m\n            \u001b[0mpremium.subscription_page.hero_title\u001b[0m\n          \u001b[36m</Text>\u001b[39m\n          \u001b[36m<Text>\u001b[39m\n            \u001b[0mpremium.subscription_page.hero_subtitle\u001b[0m\n          \u001b[36m</Text>\u001b[39m\n        \u001b[36m</View>\u001b[39m\n        \u001b[36m<RCTScrollView>\u001b[39m\n          \u001b[36m<View>\u001b[39m\n            \u001b[36m<View>\u001b[39m\n              \u001b[36m<View>\u001b[39m\n                \u001b[36m<Text>\u001b[39m\n                  \u001b[0mpremium.subscription_page.free_title\u001b[0m\n                \u001b[36m</Text>\u001b[39m\n                \u001b[36m<Text>\u001b[39m\n                  \u001b[0mpremium.subscription_page.free_price\u001b[0m\n                \u001b[36m</Text>\u001b[39m\n              \u001b[36m</View>\u001b[39m\n              \u001b[36m<View />\u001b[39m\n              \u001b[36m<View>\u001b[39m\n                \u001b[36m<View>\u001b[39m\n                  \u001b[36m<View>\u001b[39m\n                    \u001b[36m<Check />\u001b[39m\n                  \u001b[36m</View>\u001b[39m\n                  \u001b[36m<Text>\u001b[39m\n                    \u001b[0mpremium.subscription_page.free_feat_face\u001b[0m\n                  \u001b[36m</Text>\u001b[39m\n                \u001b[36m</View>\u001b[39m\n                \u001b[36m<View>\u001b[39m\n                  \u001b[36m<View>\u001b[39m\n                    \u001b[36m<Check />\u001b[39m\n                  \u001b[36m</View>\u001b[39m\n                  \u001b[36m<Text>\u001b[39m\n                    \u001b[0mpremium.subscription_page.free_feat_body\u001b[0m\n                  \u001b[36m</Text>\u001b[39m\n                \u001b[36m</View>\u001b[39m\n                \u001b[36m<View>\u001b[39m\n                  \u001b[36m<View>\u001b[39m\n                    \u001b[36m<Check />\u001b[39m\n                  \u001b[36m</View>\u001b[39m\n                  \u001b[36m<Text>\u001b[39m\n                    \u001b[0mpremium.subscription_page.free_feat_nutrition\u001b[0m\n                  \u001b[36m</Text>\u001b[39m\n                \u001b[36m</View>\u001b[39m\n                \u001b[36m<View>\u001b[39m\n                  \u001b[36m<View>\u001b[39m\n                    \u001b[36m<Check />\u001b[39m\n                  \u001b[36m</View>\u001b[39m\n                  \u001b[36m<Text>\u001b[39m\n                    \u001b[0mpremium.subscription_page.free_feat_partial\u001b[0m\n                  \u001b[36m</Text>\u001b[39m\n                \u001b[36m</View>\u001b[39m\n                \u001b[36m<View>\u001b[39m\n                  \u001b[36m<View>\u001b[39m\n                    \u001b[36m<X />\u001b[39m\n                  \u001b[36m</View>\u001b[39m\n                  \u001b[36m<Text>\u001b[39m\n                    \u001b[0mpremium.subscription_page.free_feat_no_super\u001b[0m\n                  \u001b[36m</Text>\u001b[39m\n                \u001b[36m</View>\u001b[39m\n                \u001b[36m<View>\u001b[39m\n                  \u001b[36m<View>\u001b[39m\n                    \u001b[36m<X />\u001b[39m\n                  \u001b[36m</View>\u001b[39m\n                  \u001b[36m<Text>\u001b[39m\n                    \u001b[0mpremium.subscription_page.free_feat_no_history\u001b[0m\n                  \u001b[36m</Text>\u001b[39m\n                \u001b[36m</View>\u001b[39m\n              \u001b[36m</View>\u001b[39m\n            \u001b[36m</View>\u001b[39m\n            \u001b[36m<View>\u001b[39m\n              \u001b[36m<View>\u001b[39m\n                \u001b[36m<Text>\u001b[39m\n                  \u001b[0mpremium.subscription_page.monthly_title\u001b[0m\n                \u001b[36m</Text>\u001b[39m\n                \u001b[36m<Text>\u001b[39m\n                  \u001b[0mpremium.subscription_page.monthly_price\u001b[0m\n                \u001b[36m</Text>\u001b[39m\n              \u001b[36m</View>\u001b[39m\n              \u001b[36m<View />\u001b[39m\n              \u001b[36m<View>\u001b[39m\n                \u001b[36m<View>\u001b[39m\n                  \u001b[36m<View>\u001b[39m\n                    \u001b[36m<Check />\u001b[39m\n                  \u001b[36m</View>\u001b[39m\n                  \u001b[36m<Text>\u001b[39m\n                    \u001b[0mpremium.subscription_page.prem_feat_face\u001b[0m\n                  \u001b[36m</Text>\u001b[39m\n                \u001b[36m</View>\u001b[39m\n                \u001b[36m<View>\u001b[39m\n                  \u001b[36m<View>\u001b[39m\n                    \u001b[36m<Check />\u001b[39m\n                  \u001b[36m</View>\u001b[39m\n                  \u001b[36m<Text>\u001b[39m\n                    \u001b[0mpremium.subscription_page.prem_feat_body\u001b[0m\n                  \u001b[36m</Text>\u001b[39m\n                \u001b[36m</View>\u001b[39m\n                \u001b[36m<View>\u001b[39m\n                  \u001b[36m<View>\u001b[39m\n                    \u001b[36m<Check />\u001b[39m\n                  \u001b[36m</View>\u001b[39m\n                  \u001b[36m<Text>\u001b[39m\n                    \u001b[0mpremium.subscription_page.prem_feat_nutrition\u001b[0m\n                  \u001b[36m</Text>\u001b[39m\n                \u001b[36m</View>\u001b[39m\n                \u001b[36m<View>\u001b[39m\n                  \u001b[36m<View>\u001b[39m\n                    \u001b[36m<Check />\u001b[39m\n                  \u001b[36m</View>\u001b[39m\n                  \u001b[36m<Text>\u001b[39m\n                    \u001b[0mpremium.subscription_page.prem_feat_super\u001b[0m\n                  \u001b[36m</Text>\u001b[39m\n                \u001b[36m</View>\u001b[39m\n                \u001b[36m<View>\u001b[39m\n                  \u001b[36m<View>\u001b[39m\n                    \u001b[36m<Check />\u001b[39m\n                  \u001b[36m</View>\u001b[39m\n                  \u001b[36m<Text>\u001b[39m\n                    \u001b[0mpremium.subscription_page.prem_feat_unlocked\u001b[0m\n                  \u001b[36m</Text>\u001b[39m\n                \u001b[36m</View>\u001b[39m\n                \u001b[36m<View>\u001b[39m\n                  \u001b[36m<View>\u001b[39m\n                    \u001b[36m<Check />\u001b[39m\n                  \u001b[36m</View>\u001b[39m\n                  \u001b[36m<Text>\u001b[39m\n                    \u001b[0mpremium.subscription_page.prem_feat_history\u001b[0m\n                  \u001b[36m</Text>\u001b[39m\n                \u001b[36m</View>\u001b[39m\n                \u001b[36m<View>\u001b[39m\n                  \u001b[36m<View>\u001b[39m\n                    \u001b[36m<Check />\u001b[39m\n                  \u001b[36m</View>\u001b[39m\n                  \u001b[36m<Text>\u001b[39m\n                    \u001b[0mpremium.subscription_page.prem_feat_ai\u001b[0m\n                  \u001b[36m</Text>\u001b[39m\n                \u001b[36m</View>\u001b[39m\n              \u001b[36m</View>\u001b[39m\n              \u001b[36m<View\u001b[39m\n                \u001b[33maccessibilityState\u001b[39m=\u001b[32m{\n                  {\n                    \"disabled\": false,\n                  }\n                }\u001b[39m\n                \u001b[33maccessible\u001b[39m=\u001b[32m{true}\u001b[39m\n              \u001b[36m>\u001b[39m\n                \u001b[36m<Text>\u001b[39m\n                  \u001b[0mpremium.subscription_page.cta_monthly\u001b[0m\n                \u001b[36m</Text>\u001b[39m\n              \u001b[36m</View>\u001b[39m\n            \u001b[36m</View>\u001b[39m\n            \u001b[36m<View>\u001b[39m\n              \u001b[36m<View>\u001b[39m\n                \u001b[36m<Star />\u001b[39m\n                \u001b[36m<Text>\u001b[39m\n                  \u001b[0mpremium.subscription_page.annual_badge\u001b[0m\n                \u001b[36m</Text>\u001b[39m\n              \u001b[36m</View>\u001b[39m\n              \u001b[36m<View>\u001b[39m\n                \u001b[36m<Text>\u001b[39m\n                  \u001b[0mpremium.subscription_page.annual_title\u001b[0m\n                \u001b[36m</Text>\u001b[39m\n                \u001b[36m<Text>\u001b[39m\n                  \u001b[0mpremium.subscription_page.annual_price\u001b[0m\n                \u001b[36m</Text>\u001b[39m\n                \u001b[36m<Text>\u001b[39m\n                  \u001b[0mpremium.subscription_page.annual_monthly\u001b[0m\n                \u001b[36m</Text>\u001b[39m\n                \u001b[36m<Text>\u001b[39m\n                  \u001b[0mpremium.subscription_page.annual_crossed\u001b[0m\n                \u001b[36m</Text>\u001b[39m\n              \u001b[36m</View>\u001b[39m\n              \u001b[36m<View />\u001b[39m\n              \u001b[36m<View>\u001b[39m\n                \u001b[36m<View>\u001b[39m\n                  \u001b[36m<View>\u001b[39m\n                    \u001b[36m<Check />\u001b[39m\n                  \u001b[36m</View>\u001b[39m\n                  \u001b[36m<Text>\u001b[39m\n                    \u001b[0mpremium.subscription_page.prem_feat_face\u001b[0m\n                  \u001b[36m</Text>\u001b[39m\n                \u001b[36m</View>\u001b[39m\n                \u001b[36m<View>\u001b[39m\n                  \u001b[36m<View>\u001b[39m\n                    \u001b[36m<Check />\u001b[39m\n                  \u001b[36m</View>\u001b[39m\n                  \u001b[36m<Text>\u001b[39m\n                    \u001b[0mpremium.subscription_page.prem_feat_body\u001b[0m\n                  \u001b[36m</Text>\u001b[39m\n                \u001b[36m</View>\u001b[39m\n                \u001b[36m<View>\u001b[39m\n                  \u001b[36m<View>\u001b[39m\n                    \u001b[36m<Check />\u001b[39m\n                  \u001b[36m</View>\u001b[39m\n                  \u001b[36m<Text>\u001b[39m\n                    \u001b[0mpremium.subscription_page.prem_feat_nutrition\u001b[0m\n                  \u001b[36m</Text>\u001b[39m\n                \u001b[36m</View>\u001b[39m\n                \u001b[36m<View>\u001b[39m\n                  \u001b[36m<View>\u001b[39m\n                    \u001b[36m<Check />\u001b[39m\n                  \u001b[36m</View>\u001b[39m\n                  \u001b[36m<Text>\u001b[39m\n                    \u001b[0mpremium.subscription_page.prem_feat_super\u001b[0m\n                  \u001b[36m</Text>\u001b[39m\n                \u001b[36m</View>\u001b[39m\n                \u001b[36m<View>\u001b[39m\n                  \u001b[36m<View>\u001b[39m\n                    \u001b[36m<Check />\u001b[39m\n                  \u001b[36m</View>\u001b[39m\n                  \u001b[36m<Text>\u001b[39m\n                    \u001b[0mpremium.subscription_page.prem_feat_unlocked\u001b[0m\n                  \u001b[36m</Text>\u001b[39m\n                \u001b[36m</View>\u001b[39m\n                \u001b[36m<View>\u001b[39m\n                  \u001b[36m<View>\u001b[39m\n                    \u001b[36m<Check />\u001b[39m\n                  \u001b[36m</View>\u001b[39m\n                  \u001b[36m<Text>\u001b[39m\n                    \u001b[0mpremium.subscription_page.prem_feat_history\u001b[0m\n                  \u001b[36m</Text>\u001b[39m\n                \u001b[36m</View>\u001b[39m\n                \u001b[36m<View>\u001b[39m\n                  \u001b[36m<View>\u001b[39m\n                    \u001b[36m<Check />\u001b[39m\n                  \u001b[36m</View>\u001b[39m\n                  \u001b[36m<Text>\u001b[39m\n                    \u001b[0mpremium.subscription_page.prem_feat_ai\u001b[0m\n                  \u001b[36m</Text>\u001b[39m\n                \u001b[36m</View>\u001b[39m\n              \u001b[36m</View>\u001b[39m\n              \u001b[36m<View\u001b[39m\n                \u001b[33maccessibilityState\u001b[39m=\u001b[32m{\n                  {\n                    \"disabled\": false,\n                  }\n                }\u001b[39m\n                \u001b[33maccessible\u001b[39m=\u001b[32m{true}\u001b[39m\n              \u001b[36m>\u001b[39m\n                \u001b[36m<Text>\u001b[39m\n                  \u001b[0mpremium.subscription_page.cta_annual\u001b[0m\n                \u001b[36m</Text>\u001b[39m\n              \u001b[36m</View>\u001b[39m\n            \u001b[36m</View>\u001b[39m\n          \u001b[36m</View>\u001b[39m\n        \u001b[36m</RCTScrollView>\u001b[39m\n        \u001b[36m<View>\u001b[39m\n          \u001b[36m<View\u001b[39m\n            \u001b[33maccessibilityState\u001b[39m=\u001b[32m{\n              {\n                \"disabled\": false,\n              }\n            }\u001b[39m\n            \u001b[33maccessible\u001b[39m=\u001b[32m{true}\u001b[39m\n          \u001b[36m>\u001b[39m\n            \u001b[36m<RefreshCw />\u001b[39m\n            \u001b[36m<Text>\u001b[39m\n              \u001b[0mRestaurer les achats\u001b[0m\n            \u001b[36m</Text>\u001b[39m\n          \u001b[36m</View>\u001b[39m\n          \u001b[36m<Text>\u001b[39m\n            \u001b[0mpremium.subscription_page.legal\u001b[0m\n          \u001b[36m</Text>\u001b[39m\n          \u001b[36m<View>\u001b[39m\n            \u001b[36m<View\u001b[39m\n              \u001b[33maccessible\u001b[39m=\u001b[32m{true}\u001b[39m\n            \u001b[36m>\u001b[39m\n              \u001b[36m<Text>\u001b[39m\n                \u001b[0mpremium.subscription_page.privacy_link\u001b[0m\n              \u001b[36m</Text>\u001b[39m\n            \u001b[36m</View>\u001b[39m\n            \u001b[36m<Text>\u001b[39m\n              \u001b[0m•\u001b[0m\n            \u001b[36m</Text>\u001b[39m\n            \u001b[36m<View\u001b[39m\n              \u001b[33maccessible\u001b[39m=\u001b[32m{true}\u001b[39m\n            \u001b[36m>\u001b[39m\n              \u001b[36m<Text>\u001b[39m\n                \u001b[0mpremium.subscription_page.terms_link\u001b[0m\n              \u001b[36m</Text>\u001b[39m\n            \u001b[36m</View>\u001b[39m\n          \u001b[36m</View>\u001b[39m\n          \u001b[36m<Text>\u001b[39m\n            \u001b[0mpremium.store_note\u001b[0m\n          \u001b[36m</Text>\u001b[39m\n        \u001b[36m</View>\u001b[39m\n      \u001b[36m</View>\u001b[39m\n    \u001b[36m</View>\u001b[39m\n  \u001b[36m</RCTScrollView>\u001b[39m\n\u001b[36m</View>\u001b[39m\n    at Object.getByText (C:\\Users\\maloh\\Downloads\\1-main\\__tests__\\screens\\PremiumUpgradeScreen.test.tsx:86:19)\n    at Promise.finally.completed (C:\\Users\\maloh\\Downloads\\1-main\\node_modules\\jest-circus\\build\\jestAdapterInit.js:1557:28)\n    at new Promise (<anonymous>)\n    at callAsyncCircusFn (C:\\Users\\maloh\\Downloads\\1-main\\node_modules\\jest-circus\\build\\jestAdapterInit.js:1497:10)\n    at _callCircusTest (C:\\Users\\maloh\\Downloads\\1-main\\node_modules\\jest-circus\\build\\jestAdapterInit.js:1007:40)\n    at _runTest (C:\\Users\\maloh\\Downloads\\1-main\\node_modules\\jest-circus\\build\\jestAdapterInit.js:947:3)\n    at C:\\Users\\maloh\\Downloads\\1-main\\node_modules\\jest-circus\\build\\jestAdapterInit.js:849:7\n    at _runTestsForDescribeBlock (C:\\Users\\maloh\\Downloads\\1-main\\node_modules\\jest-circus\\build\\jestAdapterInit.js:862:11)\n    at _runTestsForDescribeBlock (C:\\Users\\maloh\\Downloads\\1-main\\node_modules\\jest-circus\\build\\jestAdapterInit.js:857:11)\n    at run (C:\\Users\\maloh\\Downloads\\1-main\\node_modules\\jest-circus\\build\\jestAdapterInit.js:761:3)\n    at runAndTransformResultsToJestFormat (C:\\Users\\maloh\\Downloads\\1-main\\node_modules\\jest-circus\\build\\jestAdapterInit.js:1918:21)\n    at jestAdapter (C:\\Users\\maloh\\Downloads\\1-main\\node_modules\\jest-circus\\build\\runner.js:101:19)\n    at runTestInternal (C:\\Users\\maloh\\Downloads\\1-main\\node_modules\\jest-runner\\build\\index.js:275:16)\n    at runTest (C:\\Users\\maloh\\Downloads\\1-main\\node_modules\\jest-runner\\build\\index.js:343:7)"],"fullName":"PremiumUpgradeScreen displays hero subtitle","invocations":1,"location":null,"numPassingAsserts":0,"retryReasons":[],"startAt":1773311713574,"status":"failed","title":"displays hero subtitle"},{"ancestorTitles":["PremiumUpgradeScreen"],"duration":11,"failing":false,"failureDetails":[{}],"failureMessages":["Error: Unable to find an element with text: Gratuit\n\n\u001b[36m<View>\u001b[39m\n  \u001b[0mModalHandle\u001b[0m\n  \u001b[36m<View>\u001b[39m\n    \u001b[36m<View />\u001b[39m\n    \u001b[36m<Text>\u001b[39m\n      \u001b[0mHealth Scan Premium\u001b[0m\n    \u001b[36m</Text>\u001b[39m\n    \u001b[36m<View\u001b[39m\n      \u001b[33maccessible\u001b[39m=\u001b[32m{true}\u001b[39m\n    \u001b[36m>\u001b[39m\n      \u001b[36m<X />\u001b[39m\n    \u001b[36m</View>\u001b[39m\n  \u001b[36m</View>\u001b[39m\n  \u001b[36m<RCTScrollView>\u001b[39m\n    \u001b[36m<View>\u001b[39m\n      \u001b[36m<View\u001b[39m\n        \u001b[33mstyle\u001b[39m=\u001b[32m{\n          {\n            \"opacity\": 0,\n          }\n        }\u001b[39m\n      \u001b[36m>\u001b[39m\n        \u001b[36m<View>\u001b[39m\n          \u001b[36m<View>\u001b[39m\n            \u001b[36m<Crown />\u001b[39m\n            \u001b[36m<View>\u001b[39m\n              \u001b[36m<Sparkles />\u001b[39m\n            \u001b[36m</View>\u001b[39m\n          \u001b[36m</View>\u001b[39m\n          \u001b[36m<Text>\u001b[39m\n            \u001b[0mpremium.subscription_page.hero_title\u001b[0m\n          \u001b[36m</Text>\u001b[39m\n          \u001b[36m<Text>\u001b[39m\n            \u001b[0mpremium.subscription_page.hero_subtitle\u001b[0m\n          \u001b[36m</Text>\u001b[39m\n        \u001b[36m</View>\u001b[39m\n        \u001b[36m<RCTScrollView>\u001b[39m\n          \u001b[36m<View>\u001b[39m\n            \u001b[36m<View>\u001b[39m\n              \u001b[36m<View>\u001b[39m\n                \u001b[36m<Text>\u001b[39m\n                  \u001b[0mpremium.subscription_page.free_title\u001b[0m\n                \u001b[36m</Text>\u001b[39m\n                \u001b[36m<Text>\u001b[39m\n                  \u001b[0mpremium.subscription_page.free_price\u001b[0m\n                \u001b[36m</Text>\u001b[39m\n              \u001b[36m</View>\u001b[39m\n              \u001b[36m<View />\u001b[39m\n              \u001b[36m<View>\u001b[39m\n                \u001b[36m<View>\u001b[39m\n                  \u001b[36m<View>\u001b[39m\n                    \u001b[36m<Check />\u001b[39m\n                  \u001b[36m</View>\u001b[39m\n                  \u001b[36m<Text>\u001b[39m\n                    \u001b[0mpremium.subscription_page.free_feat_face\u001b[0m\n                  \u001b[36m</Text>\u001b[39m\n                \u001b[36m</View>\u001b[39m\n                \u001b[36m<View>\u001b[39m\n                  \u001b[36m<View>\u001b[39m\n                    \u001b[36m<Check />\u001b[39m\n                  \u001b[36m</View>\u001b[39m\n                  \u001b[36m<Text>\u001b[39m\n                    \u001b[0mpremium.subscription_page.free_feat_body\u001b[0m\n                  \u001b[36m</Text>\u001b[39m\n                \u001b[36m</View>\u001b[39m\n                \u001b[36m<View>\u001b[39m\n                  \u001b[36m<View>\u001b[39m\n                    \u001b[36m<Check />\u001b[39m\n                  \u001b[36m</View>\u001b[39m\n                  \u001b[36m<Text>\u001b[39m\n                    \u001b[0mpremium.subscription_page.free_feat_nutrition\u001b[0m\n                  \u001b[36m</Text>\u001b[39m\n                \u001b[36m</View>\u001b[39m\n                \u001b[36m<View>\u001b[39m\n                  \u001b[36m<View>\u001b[39m\n                    \u001b[36m<Check />\u001b[39m\n                  \u001b[36m</View>\u001b[39m\n                  \u001b[36m<Text>\u001b[39m\n                    \u001b[0mpremium.subscription_page.free_feat_partial\u001b[0m\n                  \u001b[36m</Text>\u001b[39m\n                \u001b[36m</View>\u001b[39m\n                \u001b[36m<View>\u001b[39m\n                  \u001b[36m<View>\u001b[39m\n                    \u001b[36m<X />\u001b[39m\n                  \u001b[36m</View>\u001b[39m\n                  \u001b[36m<Text>\u001b[39m\n                    \u001b[0mpremium.subscription_page.free_feat_no_super\u001b[0m\n                  \u001b[36m</Text>\u001b[39m\n                \u001b[36m</View>\u001b[39m\n                \u001b[36m<View>\u001b[39m\n                  \u001b[36m<View>\u001b[39m\n                    \u001b[36m<X />\u001b[39m\n                  \u001b[36m</View>\u001b[39m\n                  \u001b[36m<Text>\u001b[39m\n                    \u001b[0mpremium.subscription_page.free_feat_no_history\u001b[0m\n                  \u001b[36m</Text>\u001b[39m\n                \u001b[36m</View>\u001b[39m\n              \u001b[36m</View>\u001b[39m\n            \u001b[36m</View>\u001b[39m\n            \u001b[36m<View>\u001b[39m\n              \u001b[36m<View>\u001b[39m\n                \u001b[36m<Text>\u001b[39m\n                  \u001b[0mpremium.subscription_page.monthly_title\u001b[0m\n                \u001b[36m</Text>\u001b[39m\n                \u001b[36m<Text>\u001b[39m\n                  \u001b[0mpremium.subscription_page.monthly_price\u001b[0m\n                \u001b[36m</Text>\u001b[39m\n              \u001b[36m</View>\u001b[39m\n              \u001b[36m<View />\u001b[39m\n              \u001b[36m<View>\u001b[39m\n                \u001b[36m<View>\u001b[39m\n                  \u001b[36m<View>\u001b[39m\n                    \u001b[36m<Check />\u001b[39m\n                  \u001b[36m</View>\u001b[39m\n                  \u001b[36m<Text>\u001b[39m\n                    \u001b[0mpremium.subscription_page.prem_feat_face\u001b[0m\n                  \u001b[36m</Text>\u001b[39m\n                \u001b[36m</View>\u001b[39m\n                \u001b[36m<View>\u001b[39m\n                  \u001b[36m<View>\u001b[39m\n                    \u001b[36m<Check />\u001b[39m\n                  \u001b[36m</View>\u001b[39m\n                  \u001b[36m<Text>\u001b[39m\n                    \u001b[0mpremium.subscription_page.prem_feat_body\u001b[0m\n                  \u001b[36m</Text>\u001b[39m\n                \u001b[36m</View>\u001b[39m\n                \u001b[36m<View>\u001b[39m\n                  \u001b[36m<View>\u001b[39m\n                    \u001b[36m<Check />\u001b[39m\n                  \u001b[36m</View>\u001b[39m\n                  \u001b[36m<Text>\u001b[39m\n                    \u001b[0mpremium.subscription_page.prem_feat_nutrition\u001b[0m\n                  \u001b[36m</Text>\u001b[39m\n                \u001b[36m</View>\u001b[39m\n                \u001b[36m<View>\u001b[39m\n                  \u001b[36m<View>\u001b[39m\n                    \u001b[36m<Check />\u001b[39m\n                  \u001b[36m</View>\u001b[39m\n                  \u001b[36m<Text>\u001b[39m\n                    \u001b[0mpremium.subscription_page.prem_feat_super\u001b[0m\n                  \u001b[36m</Text>\u001b[39m\n                \u001b[36m</View>\u001b[39m\n                \u001b[36m<View>\u001b[39m\n                  \u001b[36m<View>\u001b[39m\n                    \u001b[36m<Check />\u001b[39m\n                  \u001b[36m</View>\u001b[39m\n                  \u001b[36m<Text>\u001b[39m\n                    \u001b[0mpremium.subscription_page.prem_feat_unlocked\u001b[0m\n                  \u001b[36m</Text>\u001b[39m\n                \u001b[36m</View>\u001b[39m\n                \u001b[36m<View>\u001b[39m\n                  \u001b[36m<View>\u001b[39m\n                    \u001b[36m<Check />\u001b[39m\n                  \u001b[36m</View>\u001b[39m\n                  \u001b[36m<Text>\u001b[39m\n                    \u001b[0mpremium.subscription_page.prem_feat_history\u001b[0m\n                  \u001b[36m</Text>\u001b[39m\n                \u001b[36m</View>\u001b[39m\n                \u001b[36m<View>\u001b[39m\n                  \u001b[36m<View>\u001b[39m\n                    \u001b[36m<Check />\u001b[39m\n                  \u001b[36m</View>\u001b[39m\n                  \u001b[36m<Text>\u001b[39m\n                    \u001b[0mpremium.subscription_page.prem_feat_ai\u001b[0m\n                  \u001b[36m</Text>\u001b[39m\n                \u001b[36m</View>\u001b[39m\n              \u001b[36m</View>\u001b[39m\n              \u001b[36m<View\u001b[39m\n                \u001b[33maccessibilityState\u001b[39m=\u001b[32m{\n                  {\n                    \"disabled\": false,\n                  }\n                }\u001b[39m\n                \u001b[33maccessible\u001b[39m=\u001b[32m{true}\u001b[39m\n              \u001b[36m>\u001b[39m\n                \u001b[36m<Text>\u001b[39m\n                  \u001b[0mpremium.subscription_page.cta_monthly\u001b[0m\n                \u001b[36m</Text>\u001b[39m\n              \u001b[36m</View>\u001b[39m\n            \u001b[36m</View>\u001b[39m\n            \u001b[36m<View>\u001b[39m\n              \u001b[36m<View>\u001b[39m\n                \u001b[36m<Star />\u001b[39m\n                \u001b[36m<Text>\u001b[39m\n                  \u001b[0mpremium.subscription_page.annual_badge\u001b[0m\n                \u001b[36m</Text>\u001b[39m\n              \u001b[36m</View>\u001b[39m\n              \u001b[36m<View>\u001b[39m\n                \u001b[36m<Text>\u001b[39m\n                  \u001b[0mpremium.subscription_page.annual_title\u001b[0m\n                \u001b[36m</Text>\u001b[39m\n                \u001b[36m<Text>\u001b[39m\n                  \u001b[0mpremium.subscription_page.annual_price\u001b[0m\n                \u001b[36m</Text>\u001b[39m\n                \u001b[36m<Text>\u001b[39m\n                  \u001b[0mpremium.subscription_page.annual_monthly\u001b[0m\n                \u001b[36m</Text>\u001b[39m\n                \u001b[36m<Text>\u001b[39m\n                  \u001b[0mpremium.subscription_page.annual_crossed\u001b[0m\n                \u001b[36m</Text>\u001b[39m\n              \u001b[36m</View>\u001b[39m\n              \u001b[36m<View />\u001b[39m\n              \u001b[36m<View>\u001b[39m\n                \u001b[36m<View>\u001b[39m\n                  \u001b[36m<View>\u001b[39m\n                    \u001b[36m<Check />\u001b[39m\n                  \u001b[36m</View>\u001b[39m\n                  \u001b[36m<Text>\u001b[39m\n                    \u001b[0mpremium.subscription_page.prem_feat_face\u001b[0m\n                  \u001b[36m</Text>\u001b[39m\n                \u001b[36m</View>\u001b[39m\n                \u001b[36m<View>\u001b[39m\n                  \u001b[36m<View>\u001b[39m\n                    \u001b[36m<Check />\u001b[39m\n                  \u001b[36m</View>\u001b[39m\n                  \u001b[36m<Text>\u001b[39m\n                    \u001b[0mpremium.subscription_page.prem_feat_body\u001b[0m\n                  \u001b[36m</Text>\u001b[39m\n                \u001b[36m</View>\u001b[39m\n                \u001b[36m<View>\u001b[39m\n                  \u001b[36m<View>\u001b[39m\n                    \u001b[36m<Check />\u001b[39m\n                  \u001b[36m</View>\u001b[39m\n                  \u001b[36m<Text>\u001b[39m\n                    \u001b[0mpremium.subscription_page.prem_feat_nutrition\u001b[0m\n                  \u001b[36m</Text>\u001b[39m\n                \u001b[36m</View>\u001b[39m\n                \u001b[36m<View>\u001b[39m\n                  \u001b[36m<View>\u001b[39m\n                    \u001b[36m<Check />\u001b[39m\n                  \u001b[36m</View>\u001b[39m\n                  \u001b[36m<Text>\u001b[39m\n                    \u001b[0mpremium.subscription_page.prem_feat_super\u001b[0m\n                  \u001b[36m</Text>\u001b[39m\n                \u001b[36m</View>\u001b[39m\n                \u001b[36m<View>\u001b[39m\n                  \u001b[36m<View>\u001b[39m\n                    \u001b[36m<Check />\u001b[39m\n                  \u001b[36m</View>\u001b[39m\n                  \u001b[36m<Text>\u001b[39m\n                    \u001b[0mpremium.subscription_page.prem_feat_unlocked\u001b[0m\n                  \u001b[36m</Text>\u001b[39m\n                \u001b[36m</View>\u001b[39m\n                \u001b[36m<View>\u001b[39m\n                  \u001b[36m<View>\u001b[39m\n                    \u001b[36m<Check />\u001b[39m\n                  \u001b[36m</View>\u001b[39m\n                  \u001b[36m<Text>\u001b[39m\n                    \u001b[0mpremium.subscription_page.prem_feat_history\u001b[0m\n                  \u001b[36m</Text>\u001b[39m\n                \u001b[36m</View>\u001b[39m\n                \u001b[36m<View>\u001b[39m\n                  \u001b[36m<View>\u001b[39m\n                    \u001b[36m<Check />\u001b[39m\n                  \u001b[36m</View>\u001b[39m\n                  \u001b[36m<Text>\u001b[39m\n                    \u001b[0mpremium.subscription_page.prem_feat_ai\u001b[0m\n                  \u001b[36m</Text>\u001b[39m\n                \u001b[36m</View>\u001b[39m\n              \u001b[36m</View>\u001b[39m\n              \u001b[36m<View\u001b[39m\n                \u001b[33maccessibilityState\u001b[39m=\u001b[32m{\n                  {\n                    \"disabled\": false,\n                  }\n                }\u001b[39m\n                \u001b[33maccessible\u001b[39m=\u001b[32m{true}\u001b[39m\n              \u001b[36m>\u001b[39m\n                \u001b[36m<Text>\u001b[39m\n                  \u001b[0mpremium.subscription_page.cta_annual\u001b[0m\n                \u001b[36m</Text>\u001b[39m\n              \u001b[36m</View>\u001b[39m\n            \u001b[36m</View>\u001b[39m\n          \u001b[36m</View>\u001b[39m\n        \u001b[36m</RCTScrollView>\u001b[39m\n        \u001b[36m<View>\u001b[39m\n          \u001b[36m<View\u001b[39m\n            \u001b[33maccessibilityState\u001b[39m=\u001b[32m{\n              {\n                \"disabled\": false,\n              }\n            }\u001b[39m\n            \u001b[33maccessible\u001b[39m=\u001b[32m{true}\u001b[39m\n          \u001b[36m>\u001b[39m\n            \u001b[36m<RefreshCw />\u001b[39m\n            \u001b[36m<Text>\u001b[39m\n              \u001b[0mRestaurer les achats\u001b[0m\n            \u001b[36m</Text>\u001b[39m\n          \u001b[36m</View>\u001b[39m\n          \u001b[36m<Text>\u001b[39m\n            \u001b[0mpremium.subscription_page.legal\u001b[0m\n          \u001b[36m</Text>\u001b[39m\n          \u001b[36m<View>\u001b[39m\n            \u001b[36m<View\u001b[39m\n              \u001b[33maccessible\u001b[39m=\u001b[32m{true}\u001b[39m\n            \u001b[36m>\u001b[39m\n              \u001b[36m<Text>\u001b[39m\n                \u001b[0mpremium.subscription_page.privacy_link\u001b[0m\n              \u001b[36m</Text>\u001b[39m\n            \u001b[36m</View>\u001b[39m\n            \u001b[36m<Text>\u001b[39m\n              \u001b[0m•\u001b[0m\n            \u001b[36m</Text>\u001b[39m\n            \u001b[36m<View\u001b[39m\n              \u001b[33maccessible\u001b[39m=\u001b[32m{true}\u001b[39m\n            \u001b[36m>\u001b[39m\n              \u001b[36m<Text>\u001b[39m\n                \u001b[0mpremium.subscription_page.terms_link\u001b[0m\n              \u001b[36m</Text>\u001b[39m\n            \u001b[36m</View>\u001b[39m\n          \u001b[36m</View>\u001b[39m\n          \u001b[36m<Text>\u001b[39m\n            \u001b[0mpremium.store_note\u001b[0m\n          \u001b[36m</Text>\u001b[39m\n        \u001b[36m</View>\u001b[39m\n      \u001b[36m</View>\u001b[39m\n    \u001b[36m</View>\u001b[39m\n  \u001b[36m</RCTScrollView>\u001b[39m\n\u001b[36m</View>\u001b[39m\n    at Object.getByText (C:\\Users\\maloh\\Downloads\\1-main\\__tests__\\screens\\PremiumUpgradeScreen.test.tsx:93:19)\n    at Promise.finally.completed (C:\\Users\\maloh\\Downloads\\1-main\\node_modules\\jest-circus\\build\\jestAdapterInit.js:1557:28)\n    at new Promise (<anonymous>)\n    at callAsyncCircusFn (C:\\Users\\maloh\\Downloads\\1-main\\node_modules\\jest-circus\\build\\jestAdapterInit.js:1497:10)\n    at _callCircusTest (C:\\Users\\maloh\\Downloads\\1-main\\node_modules\\jest-circus\\build\\jestAdapterInit.js:1007:40)\n    at _runTest (C:\\Users\\maloh\\Downloads\\1-main\\node_modules\\jest-circus\\build\\jestAdapterInit.js:947:3)\n    at C:\\Users\\maloh\\Downloads\\1-main\\node_modules\\jest-circus\\build\\jestAdapterInit.js:849:7\n    at _runTestsForDescribeBlock (C:\\Users\\maloh\\Downloads\\1-main\\node_modules\\jest-circus\\build\\jestAdapterInit.js:862:11)\n    at _runTestsForDescribeBlock (C:\\Users\\maloh\\Downloads\\1-main\\node_modules\\jest-circus\\build\\jestAdapterInit.js:857:11)\n    at run (C:\\Users\\maloh\\Downloads\\1-main\\node_modules\\jest-circus\\build\\jestAdapterInit.js:761:3)\n    at runAndTransformResultsToJestFormat (C:\\Users\\maloh\\Downloads\\1-main\\node_modules\\jest-circus\\build\\jestAdapterInit.js:1918:21)\n    at jestAdapter (C:\\Users\\maloh\\Downloads\\1-main\\node_modules\\jest-circus\\build\\runner.js:101:19)\n    at runTestInternal (C:\\Users\\maloh\\Downloads\\1-main\\node_modules\\jest-runner\\build\\index.js:275:16)\n    at runTest (C:\\Users\\maloh\\Downloads\\1-main\\node_modules\\jest-runner\\build\\index.js:343:7)"],"fullName":"PremiumUpgradeScreen displays the three plan titles","invocations":1,"location":null,"numPassingAsserts":0,"retryReasons":[],"startAt":1773311713586,"status":"failed","title":"displays the three plan titles"},{"ancestorTitles":["PremiumUpgradeScreen"],"duration":11,"failing":false,"failureDetails":[{}],"failureMessages":["Error: Unable to find an element with text: 0 €\n\n\u001b[36m<View>\u001b[39m\n  \u001b[0mModalHandle\u001b[0m\n  \u001b[36m<View>\u001b[39m\n    \u001b[36m<View />\u001b[39m\n    \u001b[36m<Text>\u001b[39m\n      \u001b[0mHealth Scan Premium\u001b[0m\n    \u001b[36m</Text>\u001b[39m\n    \u001b[36m<View\u001b[39m\n      \u001b[33maccessible\u001b[39m=\u001b[32m{true}\u001b[39m\n    \u001b[36m>\u001b[39m\n      \u001b[36m<X />\u001b[39m\n    \u001b[36m</View>\u001b[39m\n  \u001b[36m</View>\u001b[39m\n  \u001b[36m<RCTScrollView>\u001b[39m\n    \u001b[36m<View>\u001b[39m\n      \u001b[36m<View\u001b[39m\n        \u001b[33mstyle\u001b[39m=\u001b[32m{\n          {\n            \"opacity\": 0,\n          }\n        }\u001b[39m\n      \u001b[36m>\u001b[39m\n        \u001b[36m<View>\u001b[39m\n          \u001b[36m<View>\u001b[39m\n            \u001b[36m<Crown />\u001b[39m\n            \u001b[36m<View>\u001b[39m\n              \u001b[36m<Sparkles />\u001b[39m\n            \u001b[36m</View>\u001b[39m\n          \u001b[36m</View>\u001b[39m\n          \u001b[36m<Text>\u001b[39m\n            \u001b[0mpremium.subscription_page.hero_title\u001b[0m\n          \u001b[36m</Text>\u001b[39m\n          \u001b[36m<Text>\u001b[39m\n            \u001b[0mpremium.subscription_page.hero_subtitle\u001b[0m\n          \u001b[36m</Text>\u001b[39m\n        \u001b[36m</View>\u001b[39m\n        \u001b[36m<RCTScrollView>\u001b[39m\n          \u001b[36m<View>\u001b[39m\n            \u001b[36m<View>\u001b[39m\n              \u001b[36m<View>\u001b[39m\n                \u001b[36m<Text>\u001b[39m\n                  \u001b[0mpremium.subscription_page.free_title\u001b[0m\n                \u001b[36m</Text>\u001b[39m\n                \u001b[36m<Text>\u001b[39m\n                  \u001b[0mpremium.subscription_page.free_price\u001b[0m\n                \u001b[36m</Text>\u001b[39m\n              \u001b[36m</View>\u001b[39m\n              \u001b[36m<View />\u001b[39m\n              \u001b[36m<View>\u001b[39m\n                \u001b[36m<View>\u001b[39m\n                  \u001b[36m<View>\u001b[39m\n                    \u001b[36m<Check />\u001b[39m\n                  \u001b[36m</View>\u001b[39m\n                  \u001b[36m<Text>\u001b[39m\n                    \u001b[0mpremium.subscription_page.free_feat_face\u001b[0m\n                  \u001b[36m</Text>\u001b[39m\n                \u001b[36m</View>\u001b[39m\n                \u001b[36m<View>\u001b[39m\n                  \u001b[36m<View>\u001b[39m\n                    \u001b[36m<Check />\u001b[39m\n                  \u001b[36m</View>\u001b[39m\n                  \u001b[36m<Text>\u001b[39m\n                    \u001b[0mpremium.subscription_page.free_feat_body\u001b[0m\n                  \u001b[36m</Text>\u001b[39m\n                \u001b[36m</View>\u001b[39m\n                \u001b[36m<View>\u001b[39m\n                  \u001b[36m<View>\u001b[39m\n                    \u001b[36m<Check />\u001b[39m\n                  \u001b[36m</View>\u001b[39m\n                  \u001b[36m<Text>\u001b[39m\n                    \u001b[0mpremium.subscription_page.free_feat_nutrition\u001b[0m\n                  \u001b[36m</Text>\u001b[39m\n                \u001b[36m</View>\u001b[39m\n                \u001b[36m<View>\u001b[39m\n                  \u001b[36m<View>\u001b[39m\n                    \u001b[36m<Check />\u001b[39m\n                  \u001b[36m</View>\u001b[39m\n                  \u001b[36m<Text>\u001b[39m\n                    \u001b[0mpremium.subscription_page.free_feat_partial\u001b[0m\n                  \u001b[36m</Text>\u001b[39m\n                \u001b[36m</View>\u001b[39m\n                \u001b[36m<View>\u001b[39m\n                  \u001b[36m<View>\u001b[39m\n                    \u001b[36m<X />\u001b[39m\n                  \u001b[36m</View>\u001b[39m\n                  \u001b[36m<Text>\u001b[39m\n                    \u001b[0mpremium.subscription_page.free_feat_no_super\u001b[0m\n                  \u001b[36m</Text>\u001b[39m\n                \u001b[36m</View>\u001b[39m\n                \u001b[36m<View>\u001b[39m\n                  \u001b[36m<View>\u001b[39m\n                    \u001b[36m<X />\u001b[39m\n                  \u001b[36m</View>\u001b[39m\n                  \u001b[36m<Text>\u001b[39m\n                    \u001b[0mpremium.subscription_page.free_feat_no_history\u001b[0m\n                  \u001b[36m</Text>\u001b[39m\n                \u001b[36m</View>\u001b[39m\n              \u001b[36m</View>\u001b[39m\n            \u001b[36m</View>\u001b[39m\n            \u001b[36m<View>\u001b[39m\n              \u001b[36m<View>\u001b[39m\n                \u001b[36m<Text>\u001b[39m\n                  \u001b[0mpremium.subscription_page.monthly_title\u001b[0m\n                \u001b[36m</Text>\u001b[39m\n                \u001b[36m<Text>\u001b[39m\n                  \u001b[0mpremium.subscription_page.monthly_price\u001b[0m\n                \u001b[36m</Text>\u001b[39m\n              \u001b[36m</View>\u001b[39m\n              \u001b[36m<View />\u001b[39m\n              \u001b[36m<View>\u001b[39m\n                \u001b[36m<View>\u001b[39m\n                  \u001b[36m<View>\u001b[39m\n                    \u001b[36m<Check />\u001b[39m\n                  \u001b[36m</View>\u001b[39m\n                  \u001b[36m<Text>\u001b[39m\n                    \u001b[0mpremium.subscription_page.prem_feat_face\u001b[0m\n                  \u001b[36m</Text>\u001b[39m\n                \u001b[36m</View>\u001b[39m\n                \u001b[36m<View>\u001b[39m\n                  \u001b[36m<View>\u001b[39m\n                    \u001b[36m<Check />\u001b[39m\n                  \u001b[36m</View>\u001b[39m\n                  \u001b[36m<Text>\u001b[39m\n                    \u001b[0mpremium.subscription_page.prem_feat_body\u001b[0m\n                  \u001b[36m</Text>\u001b[39m\n                \u001b[36m</View>\u001b[39m\n                \u001b[36m<View>\u001b[39m\n                  \u001b[36m<View>\u001b[39m\n                    \u001b[36m<Check />\u001b[39m\n                  \u001b[36m</View>\u001b[39m\n                  \u001b[36m<Text>\u001b[39m\n                    \u001b[0mpremium.subscription_page.prem_feat_nutrition\u001b[0m\n                  \u001b[36m</Text>\u001b[39m\n                \u001b[36m</View>\u001b[39m\n                \u001b[36m<View>\u001b[39m\n                  \u001b[36m<View>\u001b[39m\n                    \u001b[36m<Check />\u001b[39m\n                  \u001b[36m</View>\u001b[39m\n                  \u001b[36m<Text>\u001b[39m\n                    \u001b[0mpremium.subscription_page.prem_feat_super\u001b[0m\n                  \u001b[36m</Text>\u001b[39m\n                \u001b[36m</View>\u001b[39m\n                \u001b[36m<View>\u001b[39m\n                  \u001b[36m<View>\u001b[39m\n                    \u001b[36m<Check />\u001b[39m\n                  \u001b[36m</View>\u001b[39m\n                  \u001b[36m<Text>\u001b[39m\n                    \u001b[0mpremium.subscription_page.prem_feat_unlocked\u001b[0m\n                  \u001b[36m</Text>\u001b[39m\n                \u001b[36m</View>\u001b[39m\n                \u001b[36m<View>\u001b[39m\n                  \u001b[36m<View>\u001b[39m\n                    \u001b[36m<Check />\u001b[39m\n                  \u001b[36m</View>\u001b[39m\n                  \u001b[36m<Text>\u001b[39m\n                    \u001b[0mpremium.subscription_page.prem_feat_history\u001b[0m\n                  \u001b[36m</Text>\u001b[39m\n                \u001b[36m</View>\u001b[39m\n                \u001b[36m<View>\u001b[39m\n                  \u001b[36m<View>\u001b[39m\n                    \u001b[36m<Check />\u001b[39m\n                  \u001b[36m</View>\u001b[39m\n                  \u001b[36m<Text>\u001b[39m\n                    \u001b[0mpremium.subscription_page.prem_feat_ai\u001b[0m\n                  \u001b[36m</Text>\u001b[39m\n                \u001b[36m</View>\u001b[39m\n              \u001b[36m</View>\u001b[39m\n              \u001b[36m<View\u001b[39m\n                \u001b[33maccessibilityState\u001b[39m=\u001b[32m{\n                  {\n                    \"disabled\": false,\n                  }\n                }\u001b[39m\n                \u001b[33maccessible\u001b[39m=\u001b[32m{true}\u001b[39m\n              \u001b[36m>\u001b[39m\n                \u001b[36m<Text>\u001b[39m\n                  \u001b[0mpremium.subscription_page.cta_monthly\u001b[0m\n                \u001b[36m</Text>\u001b[39m\n              \u001b[36m</View>\u001b[39m\n            \u001b[36m</View>\u001b[39m\n            \u001b[36m<View>\u001b[39m\n              \u001b[36m<View>\u001b[39m\n                \u001b[36m<Star />\u001b[39m\n                \u001b[36m<Text>\u001b[39m\n                  \u001b[0mpremium.subscription_page.annual_badge\u001b[0m\n                \u001b[36m</Text>\u001b[39m\n              \u001b[36m</View>\u001b[39m\n              \u001b[36m<View>\u001b[39m\n                \u001b[36m<Text>\u001b[39m\n                  \u001b[0mpremium.subscription_page.annual_title\u001b[0m\n                \u001b[36m</Text>\u001b[39m\n                \u001b[36m<Text>\u001b[39m\n                  \u001b[0mpremium.subscription_page.annual_price\u001b[0m\n                \u001b[36m</Text>\u001b[39m\n                \u001b[36m<Text>\u001b[39m\n                  \u001b[0mpremium.subscription_page.annual_monthly\u001b[0m\n                \u001b[36m</Text>\u001b[39m\n                \u001b[36m<Text>\u001b[39m\n                  \u001b[0mpremium.subscription_page.annual_crossed\u001b[0m\n                \u001b[36m</Text>\u001b[39m\n              \u001b[36m</View>\u001b[39m\n              \u001b[36m<View />\u001b[39m\n              \u001b[36m<View>\u001b[39m\n                \u001b[36m<View>\u001b[39m\n                  \u001b[36m<View>\u001b[39m\n                    \u001b[36m<Check />\u001b[39m\n                  \u001b[36m</View>\u001b[39m\n                  \u001b[36m<Text>\u001b[39m\n                    \u001b[0mpremium.subscription_page.prem_feat_face\u001b[0m\n                  \u001b[36m</Text>\u001b[39m\n                \u001b[36m</View>\u001b[39m\n                \u001b[36m<View>\u001b[39m\n                  \u001b[36m<View>\u001b[39m\n                    \u001b[36m<Check />\u001b[39m\n                  \u001b[36m</View>\u001b[39m\n                  \u001b[36m<Text>\u001b[39m\n                    \u001b[0mpremium.subscription_page.prem_feat_body\u001b[0m\n                  \u001b[36m</Text>\u001b[39m\n                \u001b[36m</View>\u001b[39m\n                \u001b[36m<View>\u001b[39m\n                  \u001b[36m<View>\u001b[39m\n                    \u001b[36m<Check />\u001b[39m\n                  \u001b[36m</View>\u001b[39m\n                  \u001b[36m<Text>\u001b[39m\n                    \u001b[0mpremium.subscription_page.prem_feat_nutrition\u001b[0m\n                  \u001b[36m</Text>\u001b[39m\n                \u001b[36m</View>\u001b[39m\n                \u001b[36m<View>\u001b[39m\n                  \u001b[36m<View>\u001b[39m\n                    \u001b[36m<Check />\u001b[39m\n                  \u001b[36m</View>\u001b[39m\n                  \u001b[36m<Text>\u001b[39m\n                    \u001b[0mpremium.subscription_page.prem_feat_super\u001b[0m\n                  \u001b[36m</Text>\u001b[39m\n                \u001b[36m</View>\u001b[39m\n                \u001b[36m<View>\u001b[39m\n                  \u001b[36m<View>\u001b[39m\n                    \u001b[36m<Check />\u001b[39m\n                  \u001b[36m</View>\u001b[39m\n                  \u001b[36m<Text>\u001b[39m\n                    \u001b[0mpremium.subscription_page.prem_feat_unlocked\u001b[0m\n                  \u001b[36m</Text>\u001b[39m\n                \u001b[36m</View>\u001b[39m\n                \u001b[36m<View>\u001b[39m\n                  \u001b[36m<View>\u001b[39m\n                    \u001b[36m<Check />\u001b[39m\n                  \u001b[36m</View>\u001b[39m\n                  \u001b[36m<Text>\u001b[39m\n                    \u001b[0mpremium.subscription_page.prem_feat_history\u001b[0m\n                  \u001b[36m</Text>\u001b[39m\n                \u001b[36m</View>\u001b[39m\n                \u001b[36m<View>\u001b[39m\n                  \u001b[36m<View>\u001b[39m\n                    \u001b[36m<Check />\u001b[39m\n                  \u001b[36m</View>\u001b[39m\n                  \u001b[36m<Text>\u001b[39m\n                    \u001b[0mpremium.subscription_page.prem_feat_ai\u001b[0m\n                  \u001b[36m</Text>\u001b[39m\n                \u001b[36m</View>\u001b[39m\n              \u001b[36m</View>\u001b[39m\n              \u001b[36m<View\u001b[39m\n                \u001b[33maccessibilityState\u001b[39m=\u001b[32m{\n                  {\n                    \"disabled\": false,\n                  }\n                }\u001b[39m\n                \u001b[33maccessible\u001b[39m=\u001b[32m{true}\u001b[39m\n              \u001b[36m>\u001b[39m\n                \u001b[36m<Text>\u001b[39m\n                  \u001b[0mpremium.subscription_page.cta_annual\u001b[0m\n                \u001b[36m</Text>\u001b[39m\n              \u001b[36m</View>\u001b[39m\n            \u001b[36m</View>\u001b[39m\n          \u001b[36m</View>\u001b[39m\n        \u001b[36m</RCTScrollView>\u001b[39m\n        \u001b[36m<View>\u001b[39m\n          \u001b[36m<View\u001b[39m\n            \u001b[33maccessibilityState\u001b[39m=\u001b[32m{\n              {\n                \"disabled\": false,\n              }\n            }\u001b[39m\n            \u001b[33maccessible\u001b[39m=\u001b[32m{true}\u001b[39m\n          \u001b[36m>\u001b[39m\n            \u001b[36m<RefreshCw />\u001b[39m\n            \u001b[36m<Text>\u001b[39m\n              \u001b[0mRestaurer les achats\u001b[0m\n            \u001b[36m</Text>\u001b[39m\n          \u001b[36m</View>\u001b[39m\n          \u001b[36m<Text>\u001b[39m\n            \u001b[0mpremium.subscription_page.legal\u001b[0m\n          \u001b[36m</Text>\u001b[39m\n          \u001b[36m<View>\u001b[39m\n            \u001b[36m<View\u001b[39m\n              \u001b[33maccessible\u001b[39m=\u001b[32m{true}\u001b[39m\n            \u001b[36m>\u001b[39m\n              \u001b[36m<Text>\u001b[39m\n                \u001b[0mpremium.subscription_page.privacy_link\u001b[0m\n              \u001b[36m</Text>\u001b[39m\n            \u001b[36m</View>\u001b[39m\n            \u001b[36m<Text>\u001b[39m\n              \u001b[0m•\u001b[0m\n            \u001b[36m</Text>\u001b[39m\n            \u001b[36m<View\u001b[39m\n              \u001b[33maccessible\u001b[39m=\u001b[32m{true}\u001b[39m\n            \u001b[36m>\u001b[39m\n              \u001b[36m<Text>\u001b[39m\n                \u001b[0mpremium.subscription_page.terms_link\u001b[0m\n              \u001b[36m</Text>\u001b[39m\n            \u001b[36m</View>\u001b[39m\n          \u001b[36m</View>\u001b[39m\n          \u001b[36m<Text>\u001b[39m\n            \u001b[0mpremium.store_note\u001b[0m\n          \u001b[36m</Text>\u001b[39m\n        \u001b[36m</View>\u001b[39m\n      \u001b[36m</View>\u001b[39m\n    \u001b[36m</View>\u001b[39m\n  \u001b[36m</RCTScrollView>\u001b[39m\n\u001b[36m</View>\u001b[39m\n    at Object.getByText (C:\\Users\\maloh\\Downloads\\1-main\\__tests__\\screens\\PremiumUpgradeScreen.test.tsx:103:19)\n    at Promise.finally.completed (C:\\Users\\maloh\\Downloads\\1-main\\node_modules\\jest-circus\\build\\jestAdapterInit.js:1557:28)\n    at new Promise (<anonymous>)\n    at callAsyncCircusFn (C:\\Users\\maloh\\Downloads\\1-main\\node_modules\\jest-circus\\build\\jestAdapterInit.js:1497:10)\n    at _callCircusTest (C:\\Users\\maloh\\Downloads\\1-main\\node_modules\\jest-circus\\build\\jestAdapterInit.js:1007:40)\n    at _runTest (C:\\Users\\maloh\\Downloads\\1-main\\node_modules\\jest-circus\\build\\jestAdapterInit.js:947:3)\n    at C:\\Users\\maloh\\Downloads\\1-main\\node_modules\\jest-circus\\build\\jestAdapterInit.js:849:7\n    at _runTestsForDescribeBlock (C:\\Users\\maloh\\Downloads\\1-main\\node_modules\\jest-circus\\build\\jestAdapterInit.js:862:11)\n    at _runTestsForDescribeBlock (C:\\Users\\maloh\\Downloads\\1-main\\node_modules\\jest-circus\\build\\jestAdapterInit.js:857:11)\n    at run (C:\\Users\\maloh\\Downloads\\1-main\\node_modules\\jest-circus\\build\\jestAdapterInit.js:761:3)\n    at runAndTransformResultsToJestFormat (C:\\Users\\maloh\\Downloads\\1-main\\node_modules\\jest-circus\\build\\jestAdapterInit.js:1918:21)\n    at jestAdapter (C:\\Users\\maloh\\Downloads\\1-main\\node_modules\\jest-circus\\build\\runner.js:101:19)\n    at runTestInternal (C:\\Users\\maloh\\Downloads\\1-main\\node_modules\\jest-runner\\build\\index.js:275:16)\n    at runTest (C:\\Users\\maloh\\Downloads\\1-main\\node_modules\\jest-runner\\build\\index.js:343:7)"],"fullName":"PremiumUpgradeScreen displays prices","invocations":1,"location":null,"numPassingAsserts":0,"retryReasons":[],"startAt":1773311713597,"status":"failed","title":"displays prices"},{"ancestorTitles":["PremiumUpgradeScreen"],"duration":10,"failing":false,"failureDetails":[{}],"failureMessages":["Error: Unable to find an element with text: MEILLEURE OFFRE\n\n\u001b[36m<View>\u001b[39m\n  \u001b[0mModalHandle\u001b[0m\n  \u001b[36m<View>\u001b[39m\n    \u001b[36m<View />\u001b[39m\n    \u001b[36m<Text>\u001b[39m\n      \u001b[0mHealth Scan Premium\u001b[0m\n    \u001b[36m</Text>\u001b[39m\n    \u001b[36m<View\u001b[39m\n      \u001b[33maccessible\u001b[39m=\u001b[32m{true}\u001b[39m\n    \u001b[36m>\u001b[39m\n      \u001b[36m<X />\u001b[39m\n    \u001b[36m</View>\u001b[39m\n  \u001b[36m</View>\u001b[39m\n  \u001b[36m<RCTScrollView>\u001b[39m\n    \u001b[36m<View>\u001b[39m\n      \u001b[36m<View\u001b[39m\n        \u001b[33mstyle\u001b[39m=\u001b[32m{\n          {\n            \"opacity\": 0,\n          }\n        }\u001b[39m\n      \u001b[36m>\u001b[39m\n        \u001b[36m<View>\u001b[39m\n          \u001b[36m<View>\u001b[39m\n            \u001b[36m<Crown />\u001b[39m\n            \u001b[36m<View>\u001b[39m\n              \u001b[36m<Sparkles />\u001b[39m\n            \u001b[36m</View>\u001b[39m\n          \u001b[36m</View>\u001b[39m\n          \u001b[36m<Text>\u001b[39m\n            \u001b[0mpremium.subscription_page.hero_title\u001b[0m\n          \u001b[36m</Text>\u001b[39m\n          \u001b[36m<Text>\u001b[39m\n            \u001b[0mpremium.subscription_page.hero_subtitle\u001b[0m\n          \u001b[36m</Text>\u001b[39m\n        \u001b[36m</View>\u001b[39m\n        \u001b[36m<RCTScrollView>\u001b[39m\n          \u001b[36m<View>\u001b[39m\n            \u001b[36m<View>\u001b[39m\n              \u001b[36m<View>\u001b[39m\n                \u001b[36m<Text>\u001b[39m\n                  \u001b[0mpremium.subscription_page.free_title\u001b[0m\n                \u001b[36m</Text>\u001b[39m\n                \u001b[36m<Text>\u001b[39m\n                  \u001b[0mpremium.subscription_page.free_price\u001b[0m\n                \u001b[36m</Text>\u001b[39m\n              \u001b[36m</View>\u001b[39m\n              \u001b[36m<View />\u001b[39m\n              \u001b[36m<View>\u001b[39m\n                \u001b[36m<View>\u001b[39m\n                  \u001b[36m<View>\u001b[39m\n                    \u001b[36m<Check />\u001b[39m\n                  \u001b[36m</View>\u001b[39m\n                  \u001b[36m<Text>\u001b[39m\n                    \u001b[0mpremium.subscription_page.free_feat_face\u001b[0m\n                  \u001b[36m</Text>\u001b[39m\n                \u001b[36m</View>\u001b[39m\n                \u001b[36m<View>\u001b[39m\n                  \u001b[36m<View>\u001b[39m\n                    \u001b[36m<Check />\u001b[39m\n                  \u001b[36m</View>\u001b[39m\n                  \u001b[36m<Text>\u001b[39m\n                    \u001b[0mpremium.subscription_page.free_feat_body\u001b[0m\n                  \u001b[36m</Text>\u001b[39m\n                \u001b[36m</View>\u001b[39m\n                \u001b[36m<View>\u001b[39m\n                  \u001b[36m<View>\u001b[39m\n                    \u001b[36m<Check />\u001b[39m\n                  \u001b[36m</View>\u001b[39m\n                  \u001b[36m<Text>\u001b[39m\n                    \u001b[0mpremium.subscription_page.free_feat_nutrition\u001b[0m\n                  \u001b[36m</Text>\u001b[39m\n                \u001b[36m</View>\u001b[39m\n                \u001b[36m<View>\u001b[39m\n                  \u001b[36m<View>\u001b[39m\n                    \u001b[36m<Check />\u001b[39m\n                  \u001b[36m</View>\u001b[39m\n                  \u001b[36m<Text>\u001b[39m\n                    \u001b[0mpremium.subscription_page.free_feat_partial\u001b[0m\n                  \u001b[36m</Text>\u001b[39m\n                \u001b[36m</View>\u001b[39m\n                \u001b[36m<View>\u001b[39m\n                  \u001b[36m<View>\u001b[39m\n                    \u001b[36m<X />\u001b[39m\n                  \u001b[36m</View>\u001b[39m\n                  \u001b[36m<Text>\u001b[39m\n                    \u001b[0mpremium.subscription_page.free_feat_no_super\u001b[0m\n                  \u001b[36m</Text>\u001b[39m\n                \u001b[36m</View>\u001b[39m\n                \u001b[36m<View>\u001b[39m\n                  \u001b[36m<View>\u001b[39m\n                    \u001b[36m<X />\u001b[39m\n                  \u001b[36m</View>\u001b[39m\n                  \u001b[36m<Text>\u001b[39m\n                    \u001b[0mpremium.subscription_page.free_feat_no_history\u001b[0m\n                  \u001b[36m</Text>\u001b[39m\n                \u001b[36m</View>\u001b[39m\n              \u001b[36m</View>\u001b[39m\n            \u001b[36m</View>\u001b[39m\n            \u001b[36m<View>\u001b[39m\n              \u001b[36m<View>\u001b[39m\n                \u001b[36m<Text>\u001b[39m\n                  \u001b[0mpremium.subscription_page.monthly_title\u001b[0m\n                \u001b[36m</Text>\u001b[39m\n                \u001b[36m<Text>\u001b[39m\n                  \u001b[0mpremium.subscription_page.monthly_price\u001b[0m\n                \u001b[36m</Text>\u001b[39m\n              \u001b[36m</View>\u001b[39m\n              \u001b[36m<View />\u001b[39m\n              \u001b[36m<View>\u001b[39m\n                \u001b[36m<View>\u001b[39m\n                  \u001b[36m<View>\u001b[39m\n                    \u001b[36m<Check />\u001b[39m\n                  \u001b[36m</View>\u001b[39m\n                  \u001b[36m<Text>\u001b[39m\n                    \u001b[0mpremium.subscription_page.prem_feat_face\u001b[0m\n                  \u001b[36m</Text>\u001b[39m\n                \u001b[36m</View>\u001b[39m\n                \u001b[36m<View>\u001b[39m\n                  \u001b[36m<View>\u001b[39m\n                    \u001b[36m<Check />\u001b[39m\n                  \u001b[36m</View>\u001b[39m\n                  \u001b[36m<Text>\u001b[39m\n                    \u001b[0mpremium.subscription_page.prem_feat_body\u001b[0m\n                  \u001b[36m</Text>\u001b[39m\n                \u001b[36m</View>\u001b[39m\n                \u001b[36m<View>\u001b[39m\n                  \u001b[36m<View>\u001b[39m\n                    \u001b[36m<Check />\u001b[39m\n                  \u001b[36m</View>\u001b[39m\n                  \u001b[36m<Text>\u001b[39m\n                    \u001b[0mpremium.subscription_page.prem_feat_nutrition\u001b[0m\n                  \u001b[36m</Text>\u001b[39m\n                \u001b[36m</View>\u001b[39m\n                \u001b[36m<View>\u001b[39m\n                  \u001b[36m<View>\u001b[39m\n                    \u001b[36m<Check />\u001b[39m\n                  \u001b[36m</View>\u001b[39m\n                  \u001b[36m<Text>\u001b[39m\n                    \u001b[0mpremium.subscription_page.prem_feat_super\u001b[0m\n                  \u001b[36m</Text>\u001b[39m\n                \u001b[36m</View>\u001b[39m\n                \u001b[36m<View>\u001b[39m\n                  \u001b[36m<View>\u001b[39m\n                    \u001b[36m<Check />\u001b[39m\n                  \u001b[36m</View>\u001b[39m\n                  \u001b[36m<Text>\u001b[39m\n                    \u001b[0mpremium.subscription_page.prem_feat_unlocked\u001b[0m\n                  \u001b[36m</Text>\u001b[39m\n                \u001b[36m</View>\u001b[39m\n                \u001b[36m<View>\u001b[39m\n                  \u001b[36m<View>\u001b[39m\n                    \u001b[36m<Check />\u001b[39m\n                  \u001b[36m</View>\u001b[39m\n                  \u001b[36m<Text>\u001b[39m\n                    \u001b[0mpremium.subscription_page.prem_feat_history\u001b[0m\n                  \u001b[36m</Text>\u001b[39m\n                \u001b[36m</View>\u001b[39m\n                \u001b[36m<View>\u001b[39m\n                  \u001b[36m<View>\u001b[39m\n                    \u001b[36m<Check />\u001b[39m\n                  \u001b[36m</View>\u001b[39m\n                  \u001b[36m<Text>\u001b[39m\n                    \u001b[0mpremium.subscription_page.prem_feat_ai\u001b[0m\n                  \u001b[36m</Text>\u001b[39m\n                \u001b[36m</View>\u001b[39m\n              \u001b[36m</View>\u001b[39m\n              \u001b[36m<View\u001b[39m\n                \u001b[33maccessibilityState\u001b[39m=\u001b[32m{\n                  {\n                    \"disabled\": false,\n                  }\n                }\u001b[39m\n                \u001b[33maccessible\u001b[39m=\u001b[32m{true}\u001b[39m\n              \u001b[36m>\u001b[39m\n                \u001b[36m<Text>\u001b[39m\n                  \u001b[0mpremium.subscription_page.cta_monthly\u001b[0m\n                \u001b[36m</Text>\u001b[39m\n              \u001b[36m</View>\u001b[39m\n            \u001b[36m</View>\u001b[39m\n            \u001b[36m<View>\u001b[39m\n              \u001b[36m<View>\u001b[39m\n                \u001b[36m<Star />\u001b[39m\n                \u001b[36m<Text>\u001b[39m\n                  \u001b[0mpremium.subscription_page.annual_badge\u001b[0m\n                \u001b[36m</Text>\u001b[39m\n              \u001b[36m</View>\u001b[39m\n              \u001b[36m<View>\u001b[39m\n                \u001b[36m<Text>\u001b[39m\n                  \u001b[0mpremium.subscription_page.annual_title\u001b[0m\n                \u001b[36m</Text>\u001b[39m\n                \u001b[36m<Text>\u001b[39m\n                  \u001b[0mpremium.subscription_page.annual_price\u001b[0m\n                \u001b[36m</Text>\u001b[39m\n                \u001b[36m<Text>\u001b[39m\n                  \u001b[0mpremium.subscription_page.annual_monthly\u001b[0m\n                \u001b[36m</Text>\u001b[39m\n                \u001b[36m<Text>\u001b[39m\n                  \u001b[0mpremium.subscription_page.annual_crossed\u001b[0m\n                \u001b[36m</Text>\u001b[39m\n              \u001b[36m</View>\u001b[39m\n              \u001b[36m<View />\u001b[39m\n              \u001b[36m<View>\u001b[39m\n                \u001b[36m<View>\u001b[39m\n                  \u001b[36m<View>\u001b[39m\n                    \u001b[36m<Check />\u001b[39m\n                  \u001b[36m</View>\u001b[39m\n                  \u001b[36m<Text>\u001b[39m\n                    \u001b[0mpremium.subscription_page.prem_feat_face\u001b[0m\n                  \u001b[36m</Text>\u001b[39m\n                \u001b[36m</View>\u001b[39m\n                \u001b[36m<View>\u001b[39m\n                  \u001b[36m<View>\u001b[39m\n                    \u001b[36m<
[...]
       \u001b[36m</Text>\u001b[39m\n                \u001b[36m</View>\u001b[39m\n                \u001b[36m<Text>\u001b[39m\n                  \u001b[0m•\u001b[0m\n                \u001b[36m</Text>\u001b[39m\n                \u001b[36m<View\u001b[39m\n                  \u001b[33maccessible\u001b[39m=\u001b[32m{true}\u001b[39m\n                \u001b[36m>\u001b[39m\n                  \u001b[36m<Text>\u001b[39m\n                    \u001b[0mpremium.subscription_page.terms_link\u001b[0m\n                  \u001b[36m</Text>\u001b[39m\n                \u001b[36m</View>\u001b[39m\n              \u001b[36m</View>\u001b[39m\n              \u001b[36m<Text>\u001b[39m\n                \u001b[0mpremium.store_note\u001b[0m\n              \u001b[36m</Text>\u001b[39m\n            \u001b[36m</View>\u001b[39m\n          \u001b[36m</View>\u001b[39m\n        \u001b[36m</View>\u001b[39m\n      \u001b[36m</RCTScrollView>\u001b[39m\n    \u001b[36m</View>\u001b[39m\n\u001b[2m\u001b[22m\n\u001b[2m    \u001b[0m \u001b[90m 133 |\u001b[39m     render(\u001b[33m<\u001b[39m\u001b[33mPremiumUpgradeScreen\u001b[39m \u001b[33m/\u001b[39m\u001b[33m>\u001b[39m)\u001b[33m;\u001b[39m\u001b[22m\n\u001b[2m     \u001b[90m 134 |\u001b[39m\u001b[22m\n\u001b[2m    \u001b[31m\u001b[1m>\u001b[22m\u001b[2m\u001b[39m\u001b[90m 135 |\u001b[39m     expect(screen\u001b[33m.\u001b[39mgetByText(\u001b[32m'Abonnement renouvelé automatiquement. Annulable à tout moment.'\u001b[39m))\u001b[33m.\u001b[39mtoBeTruthy()\u001b[33m;\u001b[39m\u001b[22m\n\u001b[2m     \u001b[90m     |\u001b[39m                   \u001b[31m\u001b[1m^\u001b[22m\u001b[2m\u001b[39m\u001b[22m\n\u001b[2m     \u001b[90m 136 |\u001b[39m   })\u001b[33m;\u001b[39m\u001b[22m\n\u001b[2m     \u001b[90m 137 |\u001b[39m\u001b[22m\n\u001b[2m     \u001b[90m 138 |\u001b[39m   it(\u001b[32m'displays restore purchases button'\u001b[39m\u001b[33m,\u001b[39m () \u001b[33m=>\u001b[39m {\u001b[0m\u001b[22m\n\u001b[2m\u001b[22m\n\u001b[2m      \u001b[2mat Object.getByText (\u001b[22m\u001b[2m\u001b[0m\u001b[36m__tests__/screens/PremiumUpgradeScreen.test.tsx\u001b[39m\u001b[0m\u001b[2m:135:19)\u001b[22m\u001b[2m\u001b[22m\n\n\u001b[1m\u001b[31m  \u001b[1m● \u001b[22m\u001b[1mPremiumUpgradeScreen › displays restore purchases button\u001b[39m\u001b[22m\n\n    Unable to find an element with text: Restaurer mes achats\n\n    \u001b[36m<View>\u001b[39m\n      \u001b[0mModalHandle\u001b[0m\n      \u001b[36m<View>\u001b[39m\n        \u001b[36m<View />\u001b[39m\n        \u001b[36m<Text>\u001b[39m\n          \u001b[0mHealth Scan Premium\u001b[0m\n        \u001b[36m</Text>\u001b[39m\n        \u001b[36m<View\u001b[39m\n          \u001b[33maccessible\u001b[39m=\u001b[32m{true}\u001b[39m\n        \u001b[36m>\u001b[39m\n          \u001b[36m<X />\u001b[39m\n        \u001b[36m</View>\u001b[39m\n      \u001b[36m</View>\u001b[39m\n      \u001b[36m<RCTScrollView>\u001b[39m\n        \u001b[36m<View>\u001b[39m\n          \u001b[36m<View\u001b[39m\n            \u001b[33mstyle\u001b[39m=\u001b[32m{\n              {\n                \"opacity\": 0,\n              }\n            }\u001b[39m\n          \u001b[36m>\u001b[39m\n            \u001b[36m<View>\u001b[39m\n              \u001b[36m<View>\u001b[39m\n                \u001b[36m<Crown />\u001b[39m\n                \u001b[36m<View>\u001b[39m\n                  \u001b[36m<Sparkles />\u001b[39m\n                \u001b[36m</View>\u001b[39m\n              \u001b[36m</View>\u001b[39m\n              \u001b[36m<Text>\u001b[39m\n                \u001b[0mpremium.subscription_page.hero_title\u001b[0m\n              \u001b[36m</Text>\u001b[39m\n              \u001b[36m<Text>\u001b[39m\n                \u001b[0mpremium.subscription_page.hero_subtitle\u001b[0m\n              \u001b[36m</Text>\u001b[39m\n            \u001b[36m</View>\u001b[39m\n            \u001b[36m<RCTScrollView>\u001b[39m\n              \u001b[36m<View>\u001b[39m\n                \u001b[36m<View>\u001b[39m\n                  \u001b[36m<View>\u001b[39m\n                    \u001b[36m<Text>\u001b[39m\n                      \u001b[0mpremium.subscription_page.free_title\u001b[0m\n                    \u001b[36m</Text>\u001b[39m\n                    \u001b[36m<Text>\u001b[39m\n                      \u001b[0mpremium.subscription_page.free_price\u001b[0m\n                    \u001b[36m</Text>\u001b[39m\n                  \u001b[36m</View>\u001b[39m\n                  \u001b[36m<View />\u001b[39m\n                  \u001b[36m<View>\u001b[39m\n                    \u001b[36m<View>\u001b[39m\n                      \u001b[36m<View>\u001b[39m\n                        \u001b[36m<Check />\u001b[39m\n                      \u001b[36m</View>\u001b[39m\n                      \u001b[36m<Text>\u001b[39m\n                        \u001b[0mpremium.subscription_page.free_feat_face\u001b[0m\n                      \u001b[36m</Text>\u001b[39m\n                    \u001b[36m</View>\u001b[39m\n                    \u001b[36m<View>\u001b[39m\n                      \u001b[36m<View>\u001b[39m\n                        \u001b[36m<Check />\u001b[39m\n                      \u001b[36m</View>\u001b[39m\n                      \u001b[36m<Text>\u001b[39m\n                        \u001b[0mpremium.subscription_page.free_feat_body\u001b[0m\n                      \u001b[36m</Text>\u001b[39m\n                    \u001b[36m</View>\u001b[39m\n                    \u001b[36m<View>\u001b[39m\n                      \u001b[36m<View>\u001b[39m\n                        \u001b[36m<Check />\u001b[39m\n                      \u001b[36m</View>\u001b[39m\n                      \u001b[36m<Text>\u001b[39m\n                        \u001b[0mpremium.subscription_page.free_feat_nutrition\u001b[0m\n                      \u001b[36m</Text>\u001b[39m\n                    \u001b[36m</View>\u001b[39m\n                    \u001b[36m<View>\u001b[39m\n                      \u001b[36m<View>\u001b[39m\n                        \u001b[36m<Check />\u001b[39m\n                      \u001b[36m</View>\u001b[39m\n                      \u001b[36m<Text>\u001b[39m\n                        \u001b[0mpremium.subscription_page.free_feat_partial\u001b[0m\n                      \u001b[36m</Text>\u001b[39m\n                    \u001b[36m</View>\u001b[39m\n                    \u001b[36m<View>\u001b[39m\n                      \u001b[36m<View>\u001b[39m\n                        \u001b[36m<X />\u001b[39m\n                      \u001b[36m</View>\u001b[39m\n                      \u001b[36m<Text>\u001b[39m\n                        \u001b[0mpremium.subscription_page.free_feat_no_super\u001b[0m\n                      \u001b[36m</Text>\u001b[39m\n                    \u001b[36m</View>\u001b[39m\n                    \u001b[36m<View>\u001b[39m\n                      \u001b[36m<View>\u001b[39m\n                        \u001b[36m<X />\u001b[39m\n                      \u001b[36m</View>\u001b[39m\n                      \u001b[36m<Text>\u001b[39m\n                        \u001b[0mpremium.subscription_page.free_feat_no_history\u001b[0m\n                      \u001b[36m</Text>\u001b[39m\n                    \u001b[36m</View>\u001b[39m\n                  \u001b[36m</View>\u001b[39m\n                \u001b[36m</View>\u001b[39m\n                \u001b[36m<View>\u001b[39m\n                  \u001b[36m<View>\u001b[39m\n                    \u001b[36m<Text>\u001b[39m\n                      \u001b[0mpremium.subscription_page.monthly_title\u001b[0m\n                    \u001b[36m</Text>\u001b[39m\n                    \u001b[36m<Text>\u001b[39m\n                      \u001b[0mpremium.subscription_page.monthly_price\u001b[0m\n                    \u001b[36m</Text>\u001b[39m\n                  \u001b[36m</View>\u001b[39m\n                  \u001b[36m<View />\u001b[39m\n                  \u001b[36m<View>\u001b[39m\n                    \u001b[36m<View>\u001b[39m\n                      \u001b[36m<View>\u001b[39m\n                        \u001b[36m<Check />\u001b[39m\n                      \u001b[36m</View>\u001b[39m\n                      \u001b[36m<Text>\u001b[39m\n                        \u001b[0mpremium.subscription_page.prem_feat_face\u001b[0m\n                      \u001b[36m</Text>\u001b[39m\n                    \u001b[36m</View>\u001b[39m\n                    \u001b[36m<View>\u001b[39m\n                      \u001b[36m<View>\u001b[39m\n                        \u001b[36m<Check />\u001b[39m\n                      \u001b[36m</View>\u001b[39m\n                      \u001b[36m<Text>\u001b[39m\n                        \u001b[0mpremium.subscription_page.prem_feat_body\u001b[0m\n                      \u001b[36m</Text>\u001b[39m\n                    \u001b[36m</View>\u001b[39m\n                    \u001b[36m<View>\u001b[39m\n                      \u001b[36m<View>\u001b[39m\n                        \u001b[36m<Check />\u001b[39m\n                      \u001b[36m</View>\u001b[39m\n                      \u001b[36m<Text>\u001b[39m\n                        \u001b[0mpremium.subscription_page.prem_feat_nutrition\u001b[0m\n                      \u001b[36m</Text>\u001b[39m\n                    \u001b[36m</View>\u001b[39m\n                    \u001b[36m<View>\u001b[39m\n                      \u001b[36m<View>\u001b[39m\n                        \u001b[36m<Check />\u001b[39m\n                      \u001b[36m</View>\u001b[39m\n                      \u001b[36m<Text>\u001b[39m\n                        \u001b[0mpremium.subscription_page.prem_feat_super\u001b[0m\n                      \u001b[36m</Text>\u001b[39m\n                    \u001b[36m</View>\u001b[39m\n                    \u001b[36m<View>\u001b[39m\n                      \u001b[36m<View>\u001b[39m\n                        \u001b[36m<Check />\u001b[39m\n                      \u001b[36m</View>\u001b[39m\n                      \u001b[36m<Text>\u001b[39m\n                        \u001b[0mpremium.subscription_page.prem_feat_unlocked\u001b[0m\n                      \u001b[36m</Text>\u001b[39m\n                    \u001b[36m</View>\u001b[39m\n                    \u001b[36m<View>\u001b[39m\n                      \u001b[36m<View>\u001b[39m\n                        \u001b[36m<Check />\u001b[39m\n                      \u001b[36m</View>\u001b[39m\n                      \u001b[36m<Text>\u001b[39m\n                        \u001b[0mpremium.subscription_page.prem_feat_history\u001b[0m\n                      \u001b[36m</Text>\u001b[39m\n                    \u001b[36m</View>\u001b[39m\n                    \u001b[36m<View>\u001b[39m\n                      \u001b[36m<View>\u001b[39m\n                        \u001b[36m<Check />\u001b[39m\n                      \u001b[36m</View>\u001b[39m\n                      \u001b[36m<Text>\u001b[39m\n                        \u001b[0mpremium.subscription_page.prem_feat_ai\u001b[0m\n                      \u001b[36m</Text>\u001b[39m\n                    \u001b[36m</View>\u001b[39m\n                  \u001b[36m</View>\u001b[39m\n                  \u001b[36m<View\u001b[39m\n                    \u001b[33maccessibilityState\u001b[39m=\u001b[32m{\n                      {\n                        \"disabled\": false,\n                      }\n                    }\u001b[39m\n                    \u001b[33maccessible\u001b[39m=\u001b[32m{true}\u001b[39m\n                  \u001b[36m>\u001b[39m\n                    \u001b[36m<Text>\u001b[39m\n                      \u001b[0mpremium.subscription_page.cta_monthly\u001b[0m\n                    \u001b[36m</Text>\u001b[39m\n                  \u001b[36m</View>\u001b[39m\n                \u001b[36m</View>\u001b[39m\n                \u001b[36m<View>\u001b[39m\n                  \u001b[36m<View>\u001b[39m\n                    \u001b[36m<Star />\u001b[39m\n                    \u001b[36m<Text>\u001b[39m\n                      \u001b[0mpremium.subscription_page.annual_badge\u001b[0m\n                    \u001b[36m</Text>\u001b[39m\n                  \u001b[36m</View>\u001b[39m\n                  \u001b[36m<View>\u001b[39m\n                    \u001b[36m<Text>\u001b[39m\n                      \u001b[0mpremium.subscription_page.annual_title\u001b[0m\n                    \u001b[36m</Text>\u001b[39m\n                    \u001b[36m<Text>\u001b[39m\n                      \u001b[0mpremium.subscription_page.annual_price\u001b[0m\n                    \u001b[36m</Text>\u001b[39m\n                    \u001b[36m<Text>\u001b[39m\n                      \u001b[0mpremium.subscription_page.annual_monthly\u001b[0m\n                    \u001b[36m</Text>\u001b[39m\n                    \u001b[36m<Text>\u001b[39m\n                      \u001b[0mpremium.subscription_page.annual_crossed\u001b[0m\n                    \u001b[36m</Text>\u001b[39m\n                  \u001b[36m</View>\u001b[39m\n                  \u001b[36m<View />\u001b[39m\n                  \u001b[36m<View>\u001b[39m\n                    \u001b[36m<View>\u001b[39m\n                      \u001b[36m<View>\u001b[39m\n                        \u001b[36m<Check />\u001b[39m\n                      \u001b[36m</View>\u001b[39m\n                      \u001b[36m<Text>\u001b[39m\n                        \u001b[0mpremium.subscription_page.prem_feat_face\u001b[0m\n                      \u001b[36m</Text>\u001b[39m\n                    \u001b[36m</View>\u001b[39m\n                    \u001b[36m<View>\u001b[39m\n                      \u001b[36m<View>\u001b[39m\n                        \u001b[36m<Check />\u001b[39m\n                      \u001b[36m</View>\u001b[39m\n                      \u001b[36m<Text>\u001b[39m\n                        \u001b[0mpremium.subscription_page.prem_feat_body\u001b[0m\n                      \u001b[36m</Text>\u001b[39m\n                    \u001b[36m</View>\u001b[39m\n                    \u001b[36m<View>\u001b[39m\n                      \u001b[36m<View>\u001b[39m\n                        \u001b[36m<Check />\u001b[39m\n                      \u001b[36m</View>\u001b[39m\n                      \u001b[36m<Text>\u001b[39m\n                        \u001b[0mpremium.subscription_page.prem_feat_nutrition\u001b[0m\n                      \u001b[36m</Text>\u001b[39m\n                    \u001b[36m</View>\u001b[39m\n                    \u001b[36m<View>\u001b[39m\n                      \u001b[36m<View>\u001b[39m\n                        \u001b[36m<Check />\u001b[39m\n                      \u001b[36m</View>\u001b[39m\n                      \u001b[36m<Text>\u001b[39m\n                        \u001b[0mpremium.subscription_page.prem_feat_super\u001b[0m\n                      \u001b[36m</Text>\u001b[39m\n                    \u001b[36m</View>\u001b[39m\n                    \u001b[36m<View>\u001b[39m\n                      \u001b[36m<View>\u001b[39m\n                        \u001b[36m<Check />\u001b[39m\n                      \u001b[36m</View>\u001b[39m\n                      \u001b[36m<Text>\u001b[39m\n                        \u001b[0mpremium.subscription_page.prem_feat_unlocked\u001b[0m\n                      \u001b[36m</Text>\u001b[39m\n                    \u001b[36m</View>\u001b[39m\n                    \u001b[36m<View>\u001b[39m\n                      \u001b[36m<View>\u001b[39m\n                        \u001b[36m<Check />\u001b[39m\n                      \u001b[36m</View>\u001b[39m\n                      \u001b[36m<Text>\u001b[39m\n                        \u001b[0mpremium.subscription_page.prem_feat_history\u001b[0m\n                      \u001b[36m</Text>\u001b[39m\n                    \u001b[36m</View>\u001b[39m\n                    \u001b[36m<View>\u001b[39m\n                      \u001b[36m<View>\u001b[39m\n                        \u001b[36m<Check />\u001b[39m\n                      \u001b[36m</View>\u001b[39m\n                      \u001b[36m<Text>\u001b[39m\n                        \u001b[0mpremium.subscription_page.prem_feat_ai\u001b[0m\n                      \u001b[36m</Text>\u001b[39m\n                    \u001b[36m</View>\u001b[39m\n                  \u001b[36m</View>\u001b[39m\n                  \u001b[36m<View\u001b[39m\n                    \u001b[33maccessibilityState\u001b[39m=\u001b[32m{\n                      {\n                        \"disabled\": false,\n                      }\n                    }\u001b[39m\n                    \u001b[33maccessible\u001b[39m=\u001b[32m{true}\u001b[39m\n                  \u001b[36m>\u001b[39m\n                    \u001b[36m<Text>\u001b[39m\n                      \u001b[0mpremium.subscription_page.cta_annual\u001b[0m\n                    \u001b[36m</Text>\u001b[39m\n                  \u001b[36m</View>\u001b[39m\n                \u001b[36m</View>\u001b[39m\n              \u001b[36m</View>\u001b[39m\n            \u001b[36m</RCTScrollView>\u001b[39m\n            \u001b[36m<View>\u001b[39m\n              \u001b[36m<View\u001b[39m\n                \u001b[33maccessibilityState\u001b[39m=\u001b[32m{\n                  {\n                    \"disabled\": false,\n                  }\n                }\u001b[39m\n                \u001b[33maccessible\u001b[39m=\u001b[32m{true}\u001b[39m\n              \u001b[36m>\u001b[39m\n                \u001b[36m<RefreshCw />\u001b[39m\n                \u001b[36m<Text>\u001b[39m\n                  \u001b[0mRestaurer les achats\u001b[0m\n                \u001b[36m</Text>\u001b[39m\n              \u001b[36m</View>\u001b[39m\n              \u001b[36m<Text>\u001b[39m\n                \u001b[0mpremium.subscription_page.legal\u001b[0m\n              \u001b[36m</Text>\u001b[39m\n              \u001b[36m<View>\u001b[39m\n                \u001b[36m<View\u001b[39m\n                  \u001b[33maccessible\u001b[39m=\u001b[32m{true}\u001b[39m\n                \u001b[36m>\u001b[39m\n                  \u001b[36m<Text>\u001b[39m\n                    \u001b[0mpremium.subscription_page.privacy_link\u001b[0m\n                  \u001b[36m</Text>\u001b[39m\n                \u001b[36m</View>\u001b[39m\n                \u001b[36m<Text>\u001b[39m\n                  \u001b[0m•\u001b[0m\n                \u001b[36m</Text>\u001b[39m\n                \u001b[36m<View\u001b[39m\n                  \u001b[33maccessible\u001b[39m=\u001b[32m{true}\u001b[39m\n                \u001b[36m>\u001b[39m\n                  \u001b[36m<Text>\u001b[39m\n                    \u001b[0mpremium.subscription_page.terms_link\u001b[0m\n                  \u001b[36m</Text>\u001b[39m\n                \u001b[36m</View>\u001b[39m\n              \u001b[36m</View>\u001b[39m\n              \u001b[36m<Text>\u001b[39m\n                \u001b[0mpremium.store_note\u001b[0m\n              \u001b[36m</Text>\u001b[39m\n            \u001b[36m</View>\u001b[39m\n          \u001b[36m</View>\u001b[39m\n        \u001b[36m</View>\u001b[39m\n      \u001b[36m</RCTScrollView>\u001b[39m\n    \u001b[36m</View>\u001b[39m\n\u001b[2m\u001b[22m\n\u001b[2m    \u001b[0m \u001b[90m 139 |\u001b[39m     render(\u001b[33m<\u001b[39m\u001b[33mPremiumUpgradeScreen\u001b[39m \u001b[33m/\u001b[39m\u001b[33m>\u001b[39m)\u001b[33m;\u001b[39m\u001b[22m\n\u001b[2m     \u001b[90m 140 |\u001b[39m\u001b[22m\n\u001b[2m    \u001b[31m\u001b[1m>\u001b[22m\u001b[2m\u001b[39m\u001b[90m 141 |\u001b[39m     expect(screen\u001b[33m.\u001b[39mgetByText(\u001b[32m'Restaurer mes achats'\u001b[39m))\u001b[33m.\u001b[39mtoBeTruthy()\u001b[33m;\u001b[39m\u001b[22m\n\u001b[2m     \u001b[90m     |\u001b[39m                   \u001b[31m\u001b[1m^\u001b[22m\u001b[2m\u001b[39m\u001b[22m\n\u001b[2m     \u001b[90m 142 |\u001b[39m   })\u001b[33m;\u001b[39m\u001b[22m\n\u001b[2m     \u001b[90m 143 |\u001b[39m })\u001b[33m;\u001b[39m\u001b[22m\n\u001b[2m     \u001b[90m 144 |\u001b[39m\u001b[0m\u001b[22m\n\u001b[2m\u001b[22m\n\u001b[2m      \u001b[2mat Object.getByText (\u001b[22m\u001b[2m\u001b[0m\u001b[36m__tests__/screens/PremiumUpgradeScreen.test.tsx\u001b[39m\u001b[0m\u001b[2m:141:19)\u001b[22m\u001b[2m\u001b[22m\n","name":"C:\\Users\\maloh\\Downloads\\1-main\\__tests__\\screens\\PremiumUpgradeScreen.test.tsx","startTime":1773311709604,"status":"failed","summary":""}],"wasInterrupted":false}
