{"numFailedTestSuites":17,"numFailedTests":88,"numPassedTestSuites":43,"numPassedTests":384,"numPendingTestSuites":0,"numPendingTests":0,"numRuntimeErrorTestSuites":1,"numTodoTests":0,"numTotalTestSuites":60,"numTotalTests":472,"openHandles":[],"snapshot":{"added":0,"didUpdate":false,"failure":false,"filesAdded":0,"filesRemoved":0,"filesRemovedList":[],"filesUnmatched":0,"filesUpdated":0,"matched":0,"total":0,"unchecked":0,"uncheckedKeysByFile":[],"unmatched":0,"updated":0},"startTime":1772878829811,"success":false,"testResults":[{"assertionResults":[{"ancestorTitles":["useScanEligibility"],"duration":7,"failing":false,"failureDetails":[],"failureMessages":[],"fullName":"useScanEligibility generates correct query key","invocations":1,"location":null,"numPassingAsserts":3,"retryReasons":[],"startAt":1772878832529,"status":"passed","title":"generates correct query key"},{"ancestorTitles":["useScanEligibility"],"duration":87,"failing":false,"failureDetails":[],"failureMessages":[],"fullName":"useScanEligibility fetches scan eligibility successfully","invocations":1,"location":null,"numPassingAsserts":3,"retryReasons":[],"startAt":1772878832537,"status":"passed","title":"fetches scan eligibility successfully"},{"ancestorTitles":["useScanEligibility"],"duration":73,"failing":false,"failureDetails":[],"failureMessages":[],"fullName":"useScanEligibility handles error state","invocations":1,"location":null,"numPassingAsserts":2,"retryReasons":[],"startAt":1772878832625,"status":"passed","title":"handles error state"},{"ancestorTitles":["useScanEligibility"],"duration":197,"failing":false,"failureDetails":[],"failureMessages":[],"fullName":"useScanEligibility fetches for different scan types","invocations":1,"location":null,"numPassingAsserts":6,"retryReasons":[],"startAt":1772878832698,"status":"passed","title":"fetches for different scan types"},{"ancestorTitles":["useAllScanEligibility"],"duration":62,"failing":false,"failureDetails":[{"matcherResult":{"message":"\u001b[2mexpect(\u001b[22m\u001b[31mjest.fn()\u001b[39m\u001b[2m).\u001b[22mtoHaveBeenCalledTimes\u001b[2m(\u001b[22m\u001b[32mexpected\u001b[39m\u001b[2m)\u001b[22m\n\nExpected number of calls: \u001b[32m3\u001b[39m\nReceived number of calls: \u001b[31m4\u001b[39m","pass":false}}],"failureMessages":["Error: \u001b[2mexpect(\u001b[22m\u001b[31mjest.fn()\u001b[39m\u001b[2m).\u001b[22mtoHaveBeenCalledTimes\u001b[2m(\u001b[22m\u001b[32mexpected\u001b[39m\u001b[2m)\u001b[22m\n\nExpected number of calls: \u001b[32m3\u001b[39m\nReceived number of calls: \u001b[31m4\u001b[39m\n    at Object.toHaveBeenCalledTimes (C:\\Users\\maloh\\Downloads\\1-main\\__tests__\\hooks\\queries\\useScanEligibility.test.ts:129:49)\n    at Generator.next (<anonymous>)\n    at asyncGeneratorStep (C:\\Users\\maloh\\Downloads\\1-main\\node_modules\\@babel\\runtime\\helpers\\asyncToGenerator.js:3:17)\n    at _next (C:\\Users\\maloh\\Downloads\\1-main\\node_modules\\@babel\\runtime\\helpers\\asyncToGenerator.js:17:9)"],"fullName":"useAllScanEligibility fetches eligibility for all scan types","invocations":1,"location":null,"numPassingAsserts":1,"retryReasons":[],"startAt":1772878832896,"status":"failed","title":"fetches eligibility for all scan types"},{"ancestorTitles":["useAllScanEligibility"],"duration":2,"failing":false,"failureDetails":[],"failureMessages":[],"fullName":"useAllScanEligibility returns loading state initially","invocations":1,"location":null,"numPassingAsserts":1,"retryReasons":[],"startAt":1772878832969,"status":"passed","title":"returns loading state initially"},{"ancestorTitles":["useAllScanEligibility"],"duration":132,"failing":false,"failureDetails":[],"failureMessages":[],"fullName":"useAllScanEligibility provides refetchAll function","invocations":1,"location":null,"numPassingAsserts":2,"retryReasons":[],"startAt":1772878832971,"status":"passed","title":"provides refetchAll function"}],"endTime":1772878833131,"message":"\u001b[1m\u001b[31m  \u001b[1m● \u001b[22m\u001b[1museAllScanEligibility › fetches eligibility for all scan types\u001b[39m\u001b[22m\n\n    \u001b[2mexpect(\u001b[22m\u001b[31mjest.fn()\u001b[39m\u001b[2m).\u001b[22mtoHaveBeenCalledTimes\u001b[2m(\u001b[22m\u001b[32mexpected\u001b[39m\u001b[2m)\u001b[22m\n\n    Expected number of calls: \u001b[32m3\u001b[39m\n    Received number of calls: \u001b[31m4\u001b[39m\n\u001b[2m\u001b[22m\n\u001b[2m    \u001b[0m \u001b[90m 127 |\u001b[39m\u001b[22m\n\u001b[2m     \u001b[90m 128 |\u001b[39m     \u001b[90m// Should have called for all scan types\u001b[39m\u001b[22m\n\u001b[2m    \u001b[31m\u001b[1m>\u001b[22m\u001b[2m\u001b[39m\u001b[90m 129 |\u001b[39m     expect(\u001b[33mApiService\u001b[39m\u001b[33m.\u001b[39mcheckScanEligibilityOnly)\u001b[33m.\u001b[39mtoHaveBeenCalledTimes(\u001b[35m3\u001b[39m)\u001b[33m;\u001b[39m\u001b[22m\n\u001b[2m     \u001b[90m     |\u001b[39m                                                 \u001b[31m\u001b[1m^\u001b[22m\u001b[2m\u001b[39m\u001b[22m\n\u001b[2m     \u001b[90m 130 |\u001b[39m   })\u001b[33m;\u001b[39m\u001b[22m\n\u001b[2m     \u001b[90m 131 |\u001b[39m\u001b[22m\n\u001b[2m     \u001b[90m 132 |\u001b[39m   it(\u001b[32m'returns loading state initially'\u001b[39m\u001b[33m,\u001b[39m () \u001b[33m=>\u001b[39m {\u001b[0m\u001b[22m\n\u001b[2m\u001b[22m\n\u001b[2m      \u001b[2mat Object.toHaveBeenCalledTimes (\u001b[22m\u001b[2m\u001b[0m\u001b[36m__tests__/hooks/queries/useScanEligibility.test.ts\u001b[39m\u001b[0m\u001b[2m:129:49)\u001b[22m\u001b[2m\u001b[22m\n\u001b[2m      \u001b[2mat asyncGeneratorStep (\u001b[22m\u001b[2mnode_modules/@babel/runtime/helpers/asyncToGenerator.js\u001b[2m:3:17)\u001b[22m\u001b[2m\u001b[22m\n\u001b[2m      \u001b[2mat _next (\u001b[22m\u001b[2mnode_modules/@babel/runtime/helpers/asyncToGenerator.js\u001b[2m:17:9)\u001b[22m\u001b[2m\u001b[22m\n","name":"C:\\Users\\maloh\\Downloads\\1-main\\__tests__\\hooks\\queries\\useScanEligibility.test.ts","startTime":1772878830299,"status":"failed","summary":""},{"assertionResults":[{"ancestorTitles":["ApiService","getDashboard"],"duration":6,"failing":false,"failureDetails":[],"failureMessages":[],"fullName":"ApiService getDashboard returns dashboard data for authenticated user","invocations":1,"location":null,"numPassingAsserts":6,"retryReasons":[],"startAt":1772878832927,"status":"passed","title":"returns dashboard data for authenticated user"},{"ancestorTitles":["ApiService","getDashboard"],"duration":83,"failing":false,"failureDetails":[{"matcherResult":{"message":"\u001b[2mexpect(\u001b[22m\u001b[31mreceived\u001b[39m\u001b[2m).\u001b[22mrejects\u001b[2m.\u001b[22mtoThrow\u001b[2m(\u001b[22m\u001b[32mexpected\u001b[39m\u001b[2m)\u001b[22m\n\nExpected substring: \u001b[32m\"User not authenticated\"\u001b[39m\nReceived message:   \u001b[31m\"api_errors.unauthorized\"\u001b[39m\n\n    \u001b[0m \u001b[90m 63 |\u001b[39m\n     \u001b[90m 64 |\u001b[39m     \u001b[36mif\u001b[39m (\u001b[33m!\u001b[39muser) {\n    \u001b[31m\u001b[1m>\u001b[22m\u001b[39m\u001b[90m 65 |\u001b[39m       \u001b[36mthrow\u001b[39m \u001b[36mnew\u001b[39m \u001b[33mError\u001b[39m(\u001b[32m'api_errors.unauthorized'\u001b[39m)\u001b[33m;\u001b[39m\n     \u001b[90m    |\u001b[39m             \u001b[31m\u001b[1m^\u001b[22m\u001b[39m\n     \u001b[90m 66 |\u001b[39m     }\n     \u001b[90m 67 |\u001b[39m\n     \u001b[90m 68 |\u001b[39m     \u001b[90m// 1. Récupérer le Global Score depuis la Vue SQL\u001b[39m\u001b[0m\n\n      \u001b[2mat ApiService.<anonymous> (\u001b[22mservices/api.ts\u001b[2m:65:13)\u001b[22m\n      \u001b[2mat asyncGeneratorStep (\u001b[22mnode_modules/@babel/runtime/helpers/asyncToGenerator.js\u001b[2m:3:17)\u001b[22m\n      \u001b[2mat _next (\u001b[22mnode_modules/@babel/runtime/helpers/asyncToGenerator.js\u001b[2m:17:9)\u001b[22m","pass":false},"message":"\u001b[2mexpect(\u001b[22m\u001b[31mreceived\u001b[39m\u001b[2m).\u001b[22mrejects\u001b[2m.\u001b[22mtoThrow\u001b[2m(\u001b[22m\u001b[32mexpected\u001b[39m\u001b[2m)\u001b[22m\n\nExpected substring: \u001b[32m\"User not authenticated\"\u001b[39m\nReceived message:   \u001b[31m\"api_errors.unauthorized\"\u001b[39m\n\n    \u001b[0m \u001b[90m 63 |\u001b[39m\n     \u001b[90m 64 |\u001b[39m     \u001b[36mif\u001b[39m (\u001b[33m!\u001b[39muser) {\n    \u001b[31m\u001b[1m>\u001b[22m\u001b[39m\u001b[90m 65 |\u001b[39m       \u001b[36mthrow\u001b[39m \u001b[36mnew\u001b[39m \u001b[33mError\u001b[39m(\u001b[32m'api_errors.unauthorized'\u001b[39m)\u001b[33m;\u001b[39m\n     \u001b[90m    |\u001b[39m             \u001b[31m\u001b[1m^\u001b[22m\u001b[39m\n     \u001b[90m 66 |\u001b[39m     }\n     \u001b[90m 67 |\u001b[39m\n     \u001b[90m 68 |\u001b[39m     \u001b[90m// 1. Récupérer le Global Score depuis la Vue SQL\u001b[39m\u001b[0m\n\n      \u001b[2mat ApiService.<anonymous> (\u001b[22mservices/api.ts\u001b[2m:65:13)\u001b[22m\n      \u001b[2mat asyncGeneratorStep (\u001b[22mnode_modules/@babel/runtime/helpers/asyncToGenerator.js\u001b[2m:3:17)\u001b[22m\n      \u001b[2mat _next (\u001b[22mnode_modules/@babel/runtime/helpers/asyncToGenerator.js\u001b[2m:17:9)\u001b[22m"}],"failureMessages":["Error: \u001b[2mexpect(\u001b[22m\u001b[31mreceived\u001b[39m\u001b[2m).\u001b[22mrejects\u001b[2m.\u001b[22mtoThrow\u001b[2m(\u001b[22m\u001b[32mexpected\u001b[39m\u001b[2m)\u001b[22m\n\nExpected substring: \u001b[32m\"User not authenticated\"\u001b[39m\nReceived message:   \u001b[31m\"api_errors.unauthorized\"\u001b[39m\n\n    \u001b[0m \u001b[90m 63 |\u001b[39m\n     \u001b[90m 64 |\u001b[39m     \u001b[36mif\u001b[39m (\u001b[33m!\u001b[39muser) {\n    \u001b[31m\u001b[1m>\u001b[22m\u001b[39m\u001b[90m 65 |\u001b[39m       \u001b[36mthrow\u001b[39m \u001b[36mnew\u001b[39m \u001b[33mError\u001b[39m(\u001b[32m'api_errors.unauthorized'\u001b[39m)\u001b[33m;\u001b[39m\n     \u001b[90m    |\u001b[39m             \u001b[31m\u001b[1m^\u001b[22m\u001b[39m\n     \u001b[90m 66 |\u001b[39m     }\n     \u001b[90m 67 |\u001b[39m\n     \u001b[90m 68 |\u001b[39m     \u001b[90m// 1. Récupérer le Global Score depuis la Vue SQL\u001b[39m\u001b[0m\n\n      \u001b[2mat ApiService.<anonymous> (\u001b[22mservices/api.ts\u001b[2m:65:13)\u001b[22m\n      \u001b[2mat asyncGeneratorStep (\u001b[22mnode_modules/@babel/runtime/helpers/asyncToGenerator.js\u001b[2m:3:17)\u001b[22m\n      \u001b[2mat _next (\u001b[22mnode_modules/@babel/runtime/helpers/asyncToGenerator.js\u001b[2m:17:9)\u001b[22m\n    at Object.toThrow (C:\\Users\\maloh\\Downloads\\1-main\\node_modules\\expect\\build\\index.js:2155:20)\n    at Object.toThrow (C:\\Users\\maloh\\Downloads\\1-main\\__tests__\\services\\api.test.ts:153:55)\n    at Generator.next (<anonymous>)\n    at asyncGeneratorStep (C:\\Users\\maloh\\Downloads\\1-main\\node_modules\\@babel\\runtime\\helpers\\asyncToGenerator.js:3:17)\n    at _next (C:\\Users\\maloh\\Downloads\\1-main\\node_modules\\@babel\\runtime\\helpers\\asyncToGenerator.js:17:9)\n    at C:\\Users\\maloh\\Downloads\\1-main\\node_modules\\@babel\\runtime\\helpers\\asyncToGenerator.js:22:7\n    at new Promise (<anonymous>)\n    at Object.<anonymous> (C:\\Users\\maloh\\Downloads\\1-main\\node_modules\\@babel\\runtime\\helpers\\asyncToGenerator.js:14:12)\n    at Promise.finally.completed (C:\\Users\\maloh\\Downloads\\1-main\\node_modules\\jest-circus\\build\\jestAdapterInit.js:1557:28)\n    at new Promise (<anonymous>)\n    at callAsyncCircusFn (C:\\Users\\maloh\\Downloads\\1-main\\node_modules\\jest-circus\\build\\jestAdapterInit.js:1497:10)\n    at _callCircusTest (C:\\Users\\maloh\\Downloads\\1-main\\node_modules\\jest-circus\\build\\jestAdapterInit.js:1007:40)\n    at processTicksAndRejections (node:internal/process/task_queues:103:5)\n    at _runTest (C:\\Users\\maloh\\Downloads\\1-main\\node_modules\\jest-circus\\build\\jestAdapterInit.js:947:3)\n    at C:\\Users\\maloh\\Downloads\\1-main\\node_modules\\jest-circus\\build\\jestAdapterInit.js:849:7\n    at _runTestsForDescribeBlock (C:\\Users\\maloh\\Downloads\\1-main\\node_modules\\jest-circus\\build\\jestAdapterInit.js:862:11)\n    at _runTestsForDescribeBlock (C:\\Users\\maloh\\Downloads\\1-main\\node_modules\\jest-circus\\build\\jestAdapterInit.js:857:11)\n    at _runTestsForDescribeBlock (C:\\Users\\maloh\\Downloads\\1-main\\node_modules\\jest-circus\\build\\jestAdapterInit.js:857:11)\n    at run (C:\\Users\\maloh\\Downloads\\1-main\\node_modules\\jest-circus\\build\\jestAdapterInit.js:761:3)\n    at runAndTransformResultsToJestFormat (C:\\Users\\maloh\\Downloads\\1-main\\node_modules\\jest-circus\\build\\jestAdapterInit.js:1918:21)\n    at jestAdapter (C:\\Users\\maloh\\Downloads\\1-main\\node_modules\\jest-circus\\build\\runner.js:101:19)\n    at runTestInternal (C:\\Users\\maloh\\Downloads\\1-main\\node_modules\\jest-runner\\build\\testWorker.js:275:16)\n    at runTest (C:\\Users\\maloh\\Downloads\\1-main\\node_modules\\jest-runner\\build\\testWorker.js:343:7)\n    at Object.worker (C:\\Users\\maloh\\Downloads\\1-main\\node_modules\\jest-runner\\build\\testWorker.js:497:12)"],"fullName":"ApiService getDashboard throws error when user is not authenticated","invocations":1,"location":null,"numPassingAsserts":0,"retryReasons":[],"startAt":1772878832934,"status":"failed","title":"throws error when user is not authenticated"},{"ancestorTitles":["ApiService","getDashboard"],"duration":2,"failing":false,"failureDetails":[],"failureMessages":[],"fullName":"ApiService getDashboard returns default values when no health score exists","invocations":1,"location":null,"numPassingAsserts":4,"retryReasons":[],"startAt":1772878833029,"status":"passed","title":"returns default values when no health score exists"},{"ancestorTitles":["ApiService","getDashboard"],"duration":3,"failing":false,"failureDetails":[],"failureMessages":[],"fullName":"ApiService getDashboard throws error on database error","invocations":1,"location":null,"numPassingAsserts":1,"retryReasons":[],"startAt":1772878833031,"status":"passed","title":"throws error on database error"},{"ancestorTitles":["ApiService","getAnalytics"],"duration":1,"failing":false,"failureDetails":[{}],"failureMessages":["TypeError: _supabase.supabase.from(...).select(...).eq(...).gte(...).order(...).limit is not a function\n    at ApiService.limit (C:\\Users\\maloh\\Downloads\\1-main\\services\\api.ts:142:10)\n    at Generator.next (<anonymous>)\n    at asyncGeneratorStep (C:\\Users\\maloh\\Downloads\\1-main\\node_modules\\@babel\\runtime\\helpers\\asyncToGenerator.js:3:17)\n    at _next (C:\\Users\\maloh\\Downloads\\1-main\\node_modules\\@babel\\runtime\\helpers\\asyncToGenerator.js:17:9)\n    at processTicksAndRejections (node:internal/process/task_queues:103:5)"],"fullName":"ApiService getAnalytics returns analytics for 7 days period","invocations":1,"location":null,"numPassingAsserts":0,"retryReasons":[],"startAt":1772878833035,"status":"failed","title":"returns analytics for 7 days period"},{"ancestorTitles":["ApiService","getAnalytics"],"duration":0,"failing":false,"failureDetails":[{}],"failureMessages":["TypeError: _supabase.supabase.from(...).select(...).eq(...).gte(...).order(...).limit is not a function\n    at ApiService.limit (C:\\Users\\maloh\\Downloads\\1-main\\services\\api.ts:142:10)\n    at Generator.next (<anonymous>)\n    at asyncGeneratorStep (C:\\Users\\maloh\\Downloads\\1-main\\node_modules\\@babel\\runtime\\helpers\\asyncToGenerator.js:3:17)\n    at _next (C:\\Users\\maloh\\Downloads\\1-main\\node_modules\\@babel\\runtime\\helpers\\asyncToGenerator.js:17:9)\n    at processTicksAndRejections (node:internal/process/task_queues:103:5)"],"fullName":"ApiService getAnalytics returns analytics for 30 days period","invocations":1,"location":null,"numPassingAsserts":0,"retryReasons":[],"startAt":1772878833037,"status":"failed","title":"returns analytics for 30 days period"},{"ancestorTitles":["ApiService","getAnalytics"],"duration":0,"failing":false,"failureDetails":[{}],"failureMessages":["TypeError: _supabase.supabase.from(...).select(...).eq(...).gte(...).order(...).limit is not a function\n    at ApiService.limit (C:\\Users\\maloh\\Downloads\\1-main\\services\\api.ts:142:10)\n    at Generator.next (<anonymous>)\n    at asyncGeneratorStep (C:\\Users\\maloh\\Downloads\\1-main\\node_modules\\@babel\\runtime\\helpers\\asyncToGenerator.js:3:17)\n    at _next (C:\\Users\\maloh\\Downloads\\1-main\\node_modules\\@babel\\runtime\\helpers\\asyncToGenerator.js:17:9)\n    at processTicksAndRejections (node:internal/process/task_queues:103:5)"],"fullName":"ApiService getAnalytics returns empty arrays when no data","invocations":1,"location":null,"numPassingAsserts":0,"retryReasons":[],"startAt":1772878833038,"status":"failed","title":"returns empty arrays when no data"},{"ancestorTitles":["ApiService","getAnalytics"],"duration":7,"failing":false,"failureDetails":[{"matcherResult":{"message":"\u001b[2mexpect(\u001b[22m\u001b[31mreceived\u001b[39m\u001b[2m).\u001b[22mrejects\u001b[2m.\u001b[22mtoThrow\u001b[2m(\u001b[22m\u001b[32mexpected\u001b[39m\u001b[2m)\u001b[22m\n\nExpected substring: \u001b[32m\"User not authenticated\"\u001b[39m\nReceived message:   \u001b[31m\"api_errors.unauthorized\"\u001b[39m\n\n    \u001b[0m \u001b[90m 113 |\u001b[39m\n     \u001b[90m 114 |\u001b[39m     \u001b[36mif\u001b[39m (\u001b[33m!\u001b[39muser) {\n    \u001b[31m\u001b[1m>\u001b[22m\u001b[39m\u001b[90m 115 |\u001b[39m       \u001b[36mthrow\u001b[39m \u001b[36mnew\u001b[39m \u001b[33mError\u001b[39m(\u001b[32m'api_errors.unauthorized'\u001b[39m)\u001b[33m;\u001b[39m\n     \u001b[90m     |\u001b[39m             \u001b[31m\u001b[1m^\u001b[22m\u001b[39m\n     \u001b[90m 116 |\u001b[39m     }\n     \u001b[90m 117 |\u001b[39m\n     \u001b[90m 118 |\u001b[39m     \u001b[90m// Map period to days\u001b[39m\u001b[0m\n\n      \u001b[2mat ApiService.<anonymous> (\u001b[22mservices/api.ts\u001b[2m:115:13)\u001b[22m\n      \u001b[2mat asyncGeneratorStep (\u001b[22mnode_modules/@babel/runtime/helpers/asyncToGenerator.js\u001b[2m:3:17)\u001b[22m\n      \u001b[2mat _next (\u001b[22mnode_modules/@babel/runtime/helpers/asyncToGenerator.js\u001b[2m:17:9)\u001b[22m","pass":false},"message":"\u001b[2mexpect(\u001b[22m\u001b[31mreceived\u001b[39m\u001b[2m).\u001b[22mrejects\u001b[2m.\u001b[22mtoThrow\u001b[2m(\u001b[22m\u001b[32mexpected\u001b[39m\u001b[2m)\u001b[22m\n\nExpected substring: \u001b[32m\"User not authenticated\"\u001b[39m\nReceived message:   \u001b[31m\"api_errors.unauthorized\"\u001b[39m\n\n    \u001b[0m \u001b[90m 113 |\u001b[39m\n     \u001b[90m 114 |\u001b[39m     \u001b[36mif\u001b[39m (\u001b[33m!\u001b[39muser) {\n    \u001b[31m\u001b[1m>\u001b[22m\u001b[39m\u001b[90m 115 |\u001b[39m       \u001b[36mthrow\u001b[39m \u001b[36mnew\u001b[39m \u001b[33mError\u001b[39m(\u001b[32m'api_errors.unauthorized'\u001b[39m)\u001b[33m;\u001b[39m\n     \u001b[90m     |\u001b[39m             \u001b[31m\u001b[1m^\u001b[22m\u001b[39m\n     \u001b[90m 116 |\u001b[39m     }\n     \u001b[90m 117 |\u001b[39m\n     \u001b[90m 118 |\u001b[39m     \u001b[90m// Map period to days\u001b[39m\u001b[0m\n\n      \u001b[2mat ApiService.<anonymous> (\u001b[22mservices/api.ts\u001b[2m:115:13)\u001b[22m\n      \u001b[2mat asyncGeneratorStep (\u001b[22mnode_modules/@babel/runtime/helpers/asyncToGenerator.js\u001b[2m:3:17)\u001b[22m\n      \u001b[2mat _next (\u001b[22mnode_modules/@babel/runtime/helpers/asyncToGenerator.js\u001b[2m:17:9)\u001b[22m"}],"failureMessages":["Error: \u001b[2mexpect(\u001b[22m\u001b[31mreceived\u001b[39m\u001b[2m).\u001b[22mrejects\u001b[2m.\u001b[22mtoThrow\u001b[2m(\u001b[22m\u001b[32mexpected\u001b[39m\u001b[2m)\u001b[22m\n\nExpected substring: \u001b[32m\"User not authenticated\"\u001b[39m\nReceived message:   \u001b[31m\"api_errors.unauthorized\"\u001b[39m\n\n    \u001b[0m \u001b[90m 113 |\u001b[39m\n     \u001b[90m 114 |\u001b[39m     \u001b[36mif\u001b[39m (\u001b[33m!\u001b[39muser) {\n    \u001b[31m\u001b[1m>\u001b[22m\u001b[39m\u001b[90m 115 |\u001b[39m       \u001b[36mthrow\u001b[39m \u001b[36mnew\u001b[39m \u001b[33mError\u001b[39m(\u001b[32m'api_errors.unauthorized'\u001b[39m)\u001b[33m;\u001b[39m\n     \u001b[90m     |\u001b[39m             \u001b[31m\u001b[1m^\u001b[22m\u001b[39m\n     \u001b[90m 116 |\u001b[39m     }\n     \u001b[90m 117 |\u001b[39m\n     \u001b[90m 118 |\u001b[39m     \u001b[90m// Map period to days\u001b[39m\u001b[0m\n\n      \u001b[2mat ApiService.<anonymous> (\u001b[22mservices/api.ts\u001b[2m:115:13)\u001b[22m\n      \u001b[2mat asyncGeneratorStep (\u001b[22mnode_modules/@babel/runtime/helpers/asyncToGenerator.js\u001b[2m:3:17)\u001b[22m\n      \u001b[2mat _next (\u001b[22mnode_modules/@babel/runtime/helpers/asyncToGenerator.js\u001b[2m:17:9)\u001b[22m\n    at Object.toThrow (C:\\Users\\maloh\\Downloads\\1-main\\node_modules\\expect\\build\\index.js:2155:20)\n    at Object.toThrow (C:\\Users\\maloh\\Downloads\\1-main\\__tests__\\services\\api.test.ts:358:62)\n    at Generator.next (<anonymous>)\n    at asyncGeneratorStep (C:\\Users\\maloh\\Downloads\\1-main\\node_modules\\@babel\\runtime\\helpers\\asyncToGenerator.js:3:17)\n    at _next (C:\\Users\\maloh\\Downloads\\1-main\\node_modules\\@babel\\runtime\\helpers\\asyncToGenerator.js:17:9)\n    at C:\\Users\\maloh\\Downloads\\1-main\\node_modules\\@babel\\runtime\\helpers\\asyncToGenerator.js:22:7\n    at new Promise (<anonymous>)\n    at Object.<anonymous> (C:\\Users\\maloh\\Downloads\\1-main\\node_modules\\@babel\\runtime\\helpers\\asyncToGenerator.js:14:12)\n    at Promise.finally.completed (C:\\Users\\maloh\\Downloads\\1-main\\node_modules\\jest-circus\\build\\jestAdapterInit.js:1557:28)\n    at new Promise (<anonymous>)\n    at callAsyncCircusFn (C:\\Users\\maloh\\Downloads\\1-main\\node_modules\\jest-circus\\build\\jestAdapterInit.js:1497:10)\n    at _callCircusTest (C:\\Users\\maloh\\Downloads\\1-main\\node_modules\\jest-circus\\build\\jestAdapterInit.js:1007:40)\n    at processTicksAndRejections (node:internal/process/task_queues:103:5)\n    at _runTest (C:\\Users\\maloh\\Downloads\\1-main\\node_modules\\jest-circus\\build\\jestAdapterInit.js:947:3)\n    at C:\\Users\\maloh\\Downloads\\1-main\\node_modules\\jest-circus\\build\\jestAdapterInit.js:849:7\n    at _runTestsForDescribeBlock (C:\\Users\\maloh\\Downloads\\1-main\\node_modules\\jest-circus\\build\\jestAdapterInit.js:862:11)\n    at _runTestsForDescribeBlock (C:\\Users\\maloh\\Downloads\\1-main\\node_modules\\jest-circus\\build\\jestAdapterInit.js:857:11)\n    at _runTestsForDescribeBlock (C:\\Users\\maloh\\Downloads\\1-main\\node_modules\\jest-circus\\build\\jestAdapterInit.js:857:11)\n    at run (C:\\Users\\maloh\\Downloads\\1-main\\node_modules\\jest-circus\\build\\jestAdapterInit.js:761:3)\n    at runAndTransformResultsToJestFormat (C:\\Users\\maloh\\Downloads\\1-main\\node_modules\\jest-circus\\build\\jestAdapterInit.js:1918:21)\n    at jestAdapter (C:\\Users\\maloh\\Downloads\\1-main\\node_modules\\jest-circus\\build\\runner.js:101:19)\n    at runTestInternal (C:\\Users\\maloh\\Downloads\\1-main\\node_modules\\jest-runner\\build\\testWorker.js:275:16)\n    at runTest (C:\\Users\\maloh\\Downloads\\1-main\\node_modules\\jest-runner\\build\\testWorker.js:343:7)\n    at Object.worker (C:\\Users\\maloh\\Downloads\\1-main\\node_modules\\jest-runner\\build\\testWorker.js:497:12)"],"fullName":"ApiService getAnalytics throws error when user not authenticated","invocations":1,"location":null,"numPassingAsserts":0,"retryReasons":[],"startAt":1772878833038,"status":"failed","title":"throws error when user not authenticated"},{"ancestorTitles":["ApiService","getRecipes"],"duration":1,"failing":false,"failureDetails":[],"failureMessages":[],"fullName":"ApiService getRecipes returns recipes list","invocations":1,"location":null,"numPassingAsserts":2,"retryReasons":[],"startAt":1772878833046,"status":"passed","title":"returns recipes list"},{"ancestorTitles":["ApiService","getRecipes"],"duration":1,"failing":false,"failureDetails":[],"failureMessages":[],"fullName":"ApiService getRecipes returns empty array when no recipes","invocations":1,"location":null,"numPassingAsserts":1,"retryReasons":[],"startAt":1772878833047,"status":"passed","title":"returns empty array when no recipes"},{"ancestorTitles":["ApiService","getExercises"],"duration":0,"failing":false,"failureDetails":[],"failureMessages":[],"fullName":"ApiService getExercises returns exercises list","invocations":1,"location":null,"numPassingAsserts":1,"retryReasons":[],"startAt":1772878833048,"status":"passed","title":"returns exercises list"},{"ancestorTitles":["ApiService","checkScanEligibility"],"duration":2,"failing":false,"failureDetails":[],"failureMessages":[],"fullName":"ApiService checkScanEligibility returns eligibility response when allowed","invocations":1,"location":null,"numPassingAsserts":2,"retryReasons":[],"startAt":1772878833048,"status":"passed","title":"returns eligibility response when allowed"},{"ancestorTitles":["ApiService","checkScanEligibility"],"duration":11,"failing":false,"failureDetails":[{"matcherResult":{"message":"\u001b[2mexpect(\u001b[22m\u001b[31mreceived\u001b[39m\u001b[2m).\u001b[22mrejects\u001b[2m.\u001b[22mtoThrow\u001b[2m(\u001b[22m\u001b[32mexpected\u001b[39m\u001b[2m)\u001b[22m\n\nExpected substring: \u001b[32m\"User not authenticated\"\u001b[39m\nReceived message:   \u001b[31m\"api_errors.unauthorized\"\u001b[39m\n\n    \u001b[0m \u001b[90m 371 |\u001b[39m\n     \u001b[90m 372 |\u001b[39m     \u001b[36mif\u001b[39m (\u001b[33m!\u001b[39msession) {\n    \u001b[31m\u001b[1m>\u001b[22m\u001b[39m\u001b[90m 373 |\u001b[39m       \u001b[36mthrow\u001b[39m \u001b[36mnew\u001b[39m \u001b[33mError\u001b[39m(\u001b[32m'api_errors.unauthorized'\u001b[39m)\u001b[33m;\u001b[39m\n     \u001b[90m     |\u001b[39m             \u001b[31m\u001b[1m^\u001b[22m\u001b[39m\n     \u001b[90m 374 |\u001b[39m     }\n     \u001b[90m 375 |\u001b[39m\n     \u001b[90m 376 |\u001b[39m     \u001b[36mconst\u001b[39m response \u001b[33m=\u001b[39m \u001b[36mawait\u001b[39m fetch(\u001b[0m\n\n      \u001b[2mat ApiService.<anonymous> (\u001b[22mservices/api.ts\u001b[2m:373:13)\u001b[22m\n      \u001b[2mat asyncGeneratorStep (\u001b[22mnode_modules/@babel/runtime/helpers/asyncToGenerator.js\u001b[2m:3:17)\u001b[22m\n      \u001b[2mat _next (\u001b[22mnode_modules/@babel/runtime/helpers/asyncToGenerator.js\u001b[2m:17:9)\u001b[22m","pass":false},"message":"\u001b[2mexpect(\u001b[22m\u001b[31mreceived\u001b[39m\u001b[2m).\u001b[22mrejects\u001b[2m.\u001b[22mtoThrow\u001b[2m(\u001b[22m\u001b[32mexpected\u001b[39m\u001b[2m)\u001b[22m\n\nExpected substring: \u001b[32m\"User not authenticated\"\u001b[39m\nReceived message:   \u001b[31m\"api_errors.unauthorized\"\u001b[39m\n\n    \u001b[0m \u001b[90m 371 |\u001b[39m\n     \u001b[90m 372 |\u001b[39m     \u001b[36mif\u001b[39m (\u001b[33m!\u001b[39msession) {\n    \u001b[31m\u001b[1m>\u001b[22m\u001b[39m\u001b[90m 373 |\u001b[39m       \u001b[36mthrow\u001b[39m \u001b[36mnew\u001b[39m \u001b[33mError\u001b[39m(\u001b[32m'api_errors.unauthorized'\u001b[39m)\u001b[33m;\u001b[39m\n     \u001b[90m     |\u001b[39m             \u001b[31m\u001b[1m^\u001b[22m\u001b[39m\n     \u001b[90m 374 |\u001b[39m     }\n     \u001b[90m 375 |\u001b[39m\n     \u001b[90m 376 |\u001b[39m     \u001b[36mconst\u001b[39m response \u001b[33m=\u001b[39m \u001b[36mawait\u001b[39m fetch(\u001b[0m\n\n      \u001b[2mat ApiService.<anonymous> (\u001b[22mservices/api.ts\u001b[2m:373:13)\u001b[22m\n      \u001b[2mat asyncGeneratorStep (\u001b[22mnode_modules/@babel/runtime/helpers/asyncToGenerator.js\u001b[2m:3:17)\u001b[22m\n      \u001b[2mat _next (\u001b[22mnode_modules/@babel/runtime/helpers/asyncToGenerator.js\u001b[2m:17:9)\u001b[22m"}],"failureMessages":["Error: \u001b[2mexpect(\u001b[22m\u001b[31mreceived\u001b[39m\u001b[2m).\u001b[22mrejects\u001b[2m.\u001b[22mtoThrow\u001b[2m(\u001b[22m\u001b[32mexpected\u001b[39m\u001b[2m)\u001b[22m\n\nExpected substring: \u001b[32m\"User not authenticated\"\u001b[39m\nReceived message:   \u001b[31m\"api_errors.unauthorized\"\u001b[39m\n\n    \u001b[0m \u001b[90m 371 |\u001b[39m\n     \u001b[90m 372 |\u001b[39m     \u001b[36mif\u001b[39m (\u001b[33m!\u001b[39msession) {\n    \u001b[31m\u001b[1m>\u001b[22m\u001b[39m\u001b[90m 373 |\u001b[39m       \u001b[36mthrow\u001b[39m \u001b[36mnew\u001b[39m \u001b[33mError\u001b[39m(\u001b[32m'api_errors.unauthorized'\u001b[39m)\u001b[33m;\u001b[39m\n     \u001b[90m     |\u001b[39m             \u001b[31m\u001b[1m^\u001b[22m\u001b[39m\n     \u001b[90m 374 |\u001b[39m     }\n     \u001b[90m 375 |\u001b[39m\n     \u001b[90m 376 |\u001b[39m     \u001b[36mconst\u001b[39m response \u001b[33m=\u001b[39m \u001b[36mawait\u001b[39m fetch(\u001b[0m\n\n      \u001b[2mat ApiService.<anonymous> (\u001b[22mservices/api.ts\u001b[2m:373:13)\u001b[22m\n      \u001b[2mat asyncGeneratorStep (\u001b[22mnode_modules/@babel/runtime/helpers/asyncToGenerator.js\u001b[2m:3:17)\u001b[22m\n      \u001b[2mat _next (\u001b[22mnode_modules/@babel/runtime/helpers/asyncToGenerator.js\u001b[2m:17:9)\u001b[22m\n    at Object.toThrow (C:\\Users\\maloh\\Downloads\\1-main\\node_modules\\expect\\build\\index.js:2155:20)\n    at Object.toThrow (C:\\Users\\maloh\\Downloads\\1-main\\__tests__\\services\\api.test.ts:450:71)\n    at Generator.next (<anonymous>)\n    at asyncGeneratorStep (C:\\Users\\maloh\\Downloads\\1-main\\node_modules\\@babel\\runtime\\helpers\\asyncToGenerator.js:3:17)\n    at _next (C:\\Users\\maloh\\Downloads\\1-main\\node_modules\\@babel\\runtime\\helpers\\asyncToGenerator.js:17:9)\n    at C:\\Users\\maloh\\Downloads\\1-main\\node_modules\\@babel\\runtime\\helpers\\asyncToGenerator.js:22:7\n    at new Promise (<anonymous>)\n    at Object.<anonymous> (C:\\Users\\maloh\\Downloads\\1-main\\node_modules\\@babel\\runtime\\helpers\\asyncToGenerator.js:14:12)\n    at Promise.finally.completed (C:\\Users\\maloh\\Downloads\\1-main\\node_modules\\jest-circus\\build\\jestAdapterInit.js:1557:28)\n    at new Promise (<anonymous>)\n    at callAsyncCircusFn (C:\\Users\\maloh\\Downloads\\1-main\\node_modules\\jest-circus\\build\\jestAdapterInit.js:1497:10)\n    at _callCircusTest (C:\\Users\\maloh\\Downloads\\1-main\\node_modules\\jest-circus\\build\\jestAdapterInit.js:1007:40)\n    at processTicksAndRejections (node:internal/process/task_queues:103:5)\n    at _runTest (C:\\Users\\maloh\\Downloads\\1-main\\node_modules\\jest-circus\\build\\jestAdapterInit.js:947:3)\n    at C:\\Users\\maloh\\Downloads\\1-main\\node_modules\\jest-circus\\build\\jestAdapterInit.js:849:7\n    at _runTestsForDescribeBlock (C:\\Users\\maloh\\Downloads\\1-main\\node_modules\\jest-circus\\build\\jestAdapterInit.js:862:11)\n    at _runTestsForDescribeBlock (C:\\Users\\maloh\\Downloads\\1-main\\node_modules\\jest-circus\\build\\jestAdapterInit.js:857:11)\n    at _runTestsForDescribeBlock (C:\\Users\\maloh\\Downloads\\1-main\\node_modules\\jest-circus\\build\\jestAdapterInit.js:857:11)\n    at run (C:\\Users\\maloh\\Downloads\\1-main\\node_modules\\jest-circus\\build\\jestAdapterInit.js:761:3)\n    at runAndTransformResultsToJestFormat (C:\\Users\\maloh\\Downloads\\1-main\\node_modules\\jest-circus\\build\\jestAdapterInit.js:1918:21)\n    at jestAdapter (C:\\Users\\maloh\\Downloads\\1-main\\node_modules\\jest-circus\\build\\runner.js:101:19)\n    at runTestInternal (C:\\Users\\maloh\\Downloads\\1-main\\node_modules\\jest-runner\\build\\testWorker.js:275:16)\n    at runTest (C:\\Users\\maloh\\Downloads\\1-main\\node_modules\\jest-runner\\build\\testWorker.js:343:7)\n    at Object.worker (C:\\Users\\maloh\\Downloads\\1-main\\node_modules\\jest-runner\\build\\testWorker.js:497:12)"],"fullName":"ApiService checkScanEligibility throws error when not authenticated","invocations":1,"location":null,"numPassingAsserts":0,"retryReasons":[],"startAt":1772878833050,"status":"failed","title":"throws error when not authenticated"},{"ancestorTitles":["ApiService","checkScanEligibility"],"duration":1,"failing":false,"failureDetails":[],"failureMessages":[],"fullName":"ApiService checkScanEligibility throws error on HTTP error","invocations":1,"location":null,"numPassingAsserts":1,"retryReasons":[],"startAt":1772878833064,"status":"passed","title":"throws error on HTTP error"},{"ancestorTitles":["ApiService","checkScanEligibilityOnly"],"duration":1,"failing":false,"failureDetails":[],"failureMessages":[],"fullName":"ApiService checkScanEligibilityOnly sends checkOnly flag","invocations":1,"location":null,"numPassingAsserts":1,"retryReasons":[],"startAt":1772878833065,"status":"passed","title":"sends checkOnly flag"},{"ancestorTitles":["ApiService","getNextAvailableScanDate"],"duration":1,"failing":false,"failureDetails":[],"failureMessages":[],"fullName":"ApiService getNextAvailableScanDate returns next available date","invocations":1,"location":null,"numPassingAsserts":1,"retryReasons":[],"startAt":1772878833066,"status":"passed","title":"returns next available date"},{"ancestorTitles":["ApiService","getNextAvailableScanDate"],"duration":6,"failing":false,"failureDetails":[],"failureMessages":[],"fullName":"ApiService getNextAvailableScanDate returns null on error","invocations":1,"location":null,"numPassingAsserts":1,"retryReasons":[],"startAt":1772878833067,"status":"passed","title":"returns null on error"},{"ancestorTitles":["ApiService","getNextAvailableScanDate"],"duration":0,"failing":false,"failureDetails":[],"failureMessages":[],"fullName":"ApiService getNextAvailableScanDate returns null when no next_available_date","invocations":1,"location":null,"numPassingAsserts":1,"retryReasons":[],"startAt":1772878833073,"status":"passed","title":"returns null when no next_available_date"},{"ancestorTitles":["ApiService","analyzeScanWithN8n"],"duration":1,"failing":false,"failureDetails":[{"name":"ApiError","type":"VALIDATION","context":{"scanId":"scan-123","imageBase64":"[invalid]","scanType":"nutrition"}}],"failureMessages":["ApiError: api_errors.validation\n    at ApiService.<anonymous> (C:\\Users\\maloh\\Downloads\\1-main\\services\\api.ts:769:13)\n    at Generator.next (<anonymous>)\n    at asyncGeneratorStep (C:\\Users\\maloh\\Downloads\\1-main\\node_modules\\@babel\\runtime\\helpers\\asyncToGenerator.js:3:17)\n    at _next (C:\\Users\\maloh\\Downloads\\1-main\\node_modules\\@babel\\runtime\\helpers\\asyncToGenerator.js:17:9)\n    at C:\\Users\\maloh\\Downloads\\1-main\\node_modules\\@babel\\runtime\\helpers\\asyncToGenerator.js:22:7\n    at new Promise (<anonymous>)\n    at ApiService.<anonymous> (C:\\Users\\maloh\\Downloads\\1-main\\node_modules\\@babel\\runtime\\helpers\\asyncToGenerator.js:14:12)\n    at ApiService.apply [as analyzeScanWithN8n] (C:\\Users\\maloh\\Downloads\\1-main\\services\\api.ts:757:34)\n    at Object.analyzeScanWithN8n (C:\\Users\\maloh\\Downloads\\1-main\\__tests__\\services\\api.test.ts:558:39)\n    at Generator.next (<anonymous>)\n    at asyncGeneratorStep (C:\\Users\\maloh\\Downloads\\1-main\\node_modules\\@babel\\runtime\\helpers\\asyncToGenerator.js:3:17)\n    at _next (C:\\Users\\maloh\\Downloads\\1-main\\node_modules\\@babel\\runtime\\helpers\\asyncToGenerator.js:17:9)\n    at C:\\Users\\maloh\\Downloads\\1-main\\node_modules\\@babel\\runtime\\helpers\\asyncToGenerator.js:22:7\n    at new Promise (<anonymous>)\n    at Object.<anonymous> (C:\\Users\\maloh\\Downloads\\1-main\\node_modules\\@babel\\runtime\\helpers\\asyncToGenerator.js:14:12)\n    at Promise.finally.completed (C:\\Users\\maloh\\Downloads\\1-main\\node_modules\\jest-circus\\build\\jestAdapterInit.js:1557:28)\n    at new Promise (<anonymous>)\n    at callAsyncCircusFn (C:\\Users\\maloh\\Downloads\\1-main\\node_modules\\jest-circus\\build\\jestAdapterInit.js:1497:10)\n    at _callCircusTest (C:\\Users\\maloh\\Downloads\\1-main\\node_modules\\jest-circus\\build\\jestAdapterInit.js:1007:40)\n    at processTicksAndRejections (node:internal/process/task_queues:103:5)\n    at _runTest (C:\\Users\\maloh\\Downloads\\1-main\\node_modules\\jest-circus\\build\\jestAdapterInit.js:947:3)\n    at C:\\Users\\maloh\\Downloads\\1-main\\node_modules\\jest-circus\\build\\jestAdapterInit.js:849:7\n    at _runTestsForDescribeBlock (C:\\Users\\maloh\\Downloads\\1-main\\node_modules\\jest-circus\\build\\jestAdapterInit.js:862:11)\n    at _runTestsForDescribeBlock (C:\\Users\\maloh\\Downloads\\1-main\\node_modules\\jest-circus\\build\\jestAdapterInit.js:857:11)\n    at _runTestsForDescribeBlock (C:\\Users\\maloh\\Downloads\\1-main\\node_modules\\jest-circus\\build\\jestAdapterInit.js:857:11)\n    at run (C:\\Users\\maloh\\Downloads\\1-main\\node_modules\\jest-circus\\build\\jestAdapterInit.js:761:3)\n    at runAndTransformResultsToJestFormat (C:\\Users\\maloh\\Downloads\\1-main\\node_modules\\jest-circus\\build\\jestAdapterInit.js:1918:21)\n    at jestAdapter (C:\\Users\\maloh\\Downloads\\1-main\\node_modules\\jest-circus\\build\\runner.js:101:19)\n    at runTestInternal (C:\\Users\\maloh\\Downloads\\1-main\\node_modules\\jest-runner\\build\\testWorker.js:275:16)\n    at runTest (C:\\Users\\maloh\\Downloads\\1-main\\node_modules\\jest-runner\\build\\testWorker.js:343:7)\n    at Object.worker (C:\\Users\\maloh\\Downloads\\1-main\\node_modules\\jest-runner\\build\\testWorker.js:497:12)"],"fullName":"ApiService analyzeScanWithN8n analyzes scan and updates database","invocations":1,"location":null,"numPassingAsserts":0,"retryReasons":[],"startAt":1772878833073,"status":"failed","title":"analyzes scan and updates database"},{"ancestorTitles":["ApiService","analyzeScanWithN8n"],"duration":9,"failing":false,"failureDetails":[{"matcherResult":{"message":"\u001b[2mexpect(\u001b[22m\u001b[31mreceived\u001b[39m\u001b[2m).\u001b[22mrejects\u001b[2m.\u001b[22mtoThrow\u001b[2m(\u001b[22m\u001b[32mexpected\u001b[39m\u001b[2m)\u001b[22m\n\nExpected substring: \u001b[32m\"Utilisateur non authentifié\"\u001b[39m\nReceived message:   \u001b[31m\"api_errors.validation\"\u001b[39m\n\n    \u001b[0m \u001b[90m 767 |\u001b[39m\n     \u001b[90m 768 |\u001b[39m     \u001b[36mif\u001b[39m (\u001b[33m!\u001b[39mimageBase64 \u001b[33m||\u001b[39m \u001b[36mtypeof\u001b[39m imageBase64 \u001b[33m!==\u001b[39m \u001b[32m'string'\u001b[39m \u001b[33m||\u001b[39m \u001b[33m!\u001b[39mimageBase64\u001b[33m.\u001b[39mstartsWith(\u001b[32m'data:image/'\u001b[39m)) {\n    \u001b[31m\u001b[1m>\u001b[22m\u001b[39m\u001b[90m 769 |\u001b[39m       \u001b[36mthrow\u001b[39m \u001b[36mnew\u001b[39m \u001b[33mApiError\u001b[39m(\n     \u001b[90m     |\u001b[39m             \u001b[31m\u001b[1m^\u001b[22m\u001b[39m\n     \u001b[90m 770 |\u001b[39m         \u001b[32m'api_errors.validation'\u001b[39m\u001b[33m,\u001b[39m\n     \u001b[90m 771 |\u001b[39m         \u001b[32m'VALIDATION'\u001b[39m\u001b[33m,\u001b[39m\n     \u001b[90m 772 |\u001b[39m         undefined\u001b[33m,\u001b[39m\u001b[0m\n\n      \u001b[2mat ApiService.<anonymous> (\u001b[22mservices/api.ts\u001b[2m:769:13)\u001b[22m\n      \u001b[2mat asyncGeneratorStep (\u001b[22mnode_modules/@babel/runtime/helpers/asyncToGenerator.js\u001b[2m:3:17)\u001b[22m\n      \u001b[2mat _next (\u001b[22mnode_modules/@babel/runtime/helpers/asyncToGenerator.js\u001b[2m:17:9)\u001b[22m\n      \u001b[2mat \u001b[22mnode_modules/@babel/runtime/helpers/asyncToGenerator.js\u001b[2m:22:7\u001b[22m\n      \u001b[2mat ApiService.<anonymous> (\u001b[22mnode_modules/@babel/runtime/helpers/asyncToGenerator.js\u001b[2m:14:12)\u001b[22m\n      \u001b[2mat ApiService.apply [as analyzeScanWithN8n] (\u001b[22mservices/api.ts\u001b[2m:757:34)\u001b[22m\n      \u001b[2mat Object.analyzeScanWithN8n (\u001b[22m__tests__/services/api.test.ts\u001b[2m:568:20)\u001b[22m\n      \u001b[2mat asyncGeneratorStep (\u001b[22mnode_modules/@babel/runtime/helpers/asyncToGenerator.js\u001b[2m:3:17)\u001b[22m\n      \u001b[2mat _next (\u001b[22mnode_modules/@babel/runtime/helpers/asyncToGenerator.js\u001b[2m:17:9)\u001b[22m\n      \u001b[2mat \u001b[22mnode_modules/@babel/runtime/helpers/asyncToGenerator.js\u001b[2m:22:7\u001b[22m\n      \u001b[2mat Object.<anonymous> (\u001b[22mnode_modules/@babel/runtime/helpers/asyncToGenerator.js\u001b[2m:14:12)\u001b[22m","pass":false},"message":"\u001b[2mexpect(\u001b[22m\u001b[31mreceived\u001b[39m\u001b[2m).\u001b[22mrejects\u001b[2m.\u001b[22mtoThrow\u001b[2m(\u001b[22m\u001b[32mexpected\u001b[39m\u001b[2m)\u001b[22m\n\nExpected substring: \u001b[32m\"Utilisateur non authentifié\"\u001b[39m\nReceived message:   \u001b[31m\"api_errors.validation\"\u001b[39m\n\n    \u001b[0m \u001b[90m 767 |\u001b[39m\n     \u001b[90m 768 |\u001b[39m     \u001b[36mif\u001b[39m (\u001b[33m!\u001b[39mimageBase64 \u001b[33m||\u001b[39m \u001b[36mtypeof\u001b[39m imageBase64 \u001b[33m!==\u001b[39m \u001b[32m'string'\u001b[39m \u001b[33m||\u001b[39m \u001b[33m!\u001b[39mimageBase64\u001b[33m.\u001b[39mstartsWith(\u001b[32m'data:image/'\u001b[39m)) {\n    \u001b[31m\u001b[1m>\u001b[22m\u001b[39m\u001b[90m 769 |\u001b[39m       \u001b[36mthrow\u001b[39m \u001b[36mnew\u001b[39m \u001b[33mApiError\u001b[39m(\n     \u001b[90m     |\u001b[39m             \u001b[31m\u001b[1m^\u001b[22m\u001b[39m\n     \u001b[90m 770 |\u001b[39m         \u001b[32m'api_errors.validation'\u001b[39m\u001b[33m,\u001b[39m\n     \u001b[90m 771 |\u001b[39m         \u001b[32m'VALIDATION'\u001b[39m\u001b[33m,\u001b[39m\n     \u001b[90m 772 |\u001b[39m         undefined\u001b[33m,\u001b[39m\u001b[0m\n\n      \u001b[2mat ApiService.<anonymous> (\u001b[22mservices/api.ts\u001b[2m:769:13)\u001b[22m\n      \u001b[2mat asyncGeneratorStep (\u001b[22mnode_modules/@babel/runtime/helpers/asyncToGenerator.js\u001b[2m:3:17)\u001b[22m\n      \u001b[2mat _next (\u001b[22mnode_modules/@babel/runtime/helpers/asyncToGenerator.js\u001b[2m:17:9)\u001b[22m\n      \u001b[2mat \u001b[22mnode_modules/@babel/runtime/helpers/asyncToGenerator.js\u001b[2m:22:7\u001b[22m\n      \u001b[2mat ApiService.<anonymous> (\u001b[22mnode_modules/@babel/runtime/helpers/asyncToGenerator.js\u001b[2m:14:12)\u001b[22m\n      \u001b[2mat ApiService.apply [as analyzeScanWithN8n] (\u001b[22mservices/api.ts\u001b[2m:757:34)\u001b[22m\n      \u001b[2mat Object.analyzeScanWithN8n (\u001b[22m__tests__/services/api.test.ts\u001b[2m:568:20)\u001b[22m\n      \u001b[2mat asyncGeneratorStep (\u001b[22mnode_modules/@babel/runtime/helpers/asyncToGenerator.js\u001b[2m:3:17)\u001b[22m\n      \u001b[2mat _next (\u001b[22mnode_modules/@babel/runtime/helpers/asyncToGenerator.js\u001b[2m:17:9)\u001b[22m\n      \u001b[2mat \u001b[22mnode_modules/@babel/runtime/helpers/asyncToGenerator.js\u001b[2m:22:7\u001b[22m\n      \u001b[2mat Object.<anonymous> (\u001b[22mnode_modules/@babel/runtime/helpers/asyncToGenerator.js\u001b[2m:14:12)\u001b[22m"}],"failureMessages":["Error: \u001b[2mexpect(\u001b[22m\u001b[31mreceived\u001b[39m\u001b[2m).\u001b[22mrejects\u001b[2m.\u001b[22mtoThrow\u001b[2m(\u001b[22m\u001b[32mexpected\u001b[39m\u001b[2m)\u001b[22m\n\nExpected substring: \u001b[32m\"Utilisateur non authentifié\"\u001b[39m\nReceived message:   \u001b[31m\"api_errors.validation\"\u001b[39m\n\n    \u001b[0m \u001b[90m 767 |\u001b[39m\n     \u001b[90m 768 |\u001b[39m     \u001b[36mif\u001b[39m (\u001b[33m!\u001b[39mimageBase64 \u001b[33m||\u001b[39m \u001b[36mtypeof\u001b[39m imageBase64 \u001b[33m!==\u001b[39m \u001b[32m'string'\u001b[39m \u001b[33m||\u001b[39m \u001b[33m!\u001b[39mimageBase64\u001b[33m.\u001b[39mstartsWith(\u001b[32m'data:image/'\u001b[39m)) {\n    \u001b[31m\u001b[1m>\u001b[22m\u001b[39m\u001b[90m 769 |\u001b[39m       \u001b[36mthrow\u001b[39m \u001b[36mnew\u001b[39m \u001b[33mApiError\u001b[39m(\n     \u001b[90m     |\u001b[39m             \u001b[31m\u001b[1m^\u001b[22m\u001b[39m\n     \u001b[90m 770 |\u001b[39m         \u001b[32m'api_errors.validation'\u001b[39m\u001b[33m,\u001b[39m\n     \u001b[90m 771 |\u001b[39m         \u001b[32m'VALIDATION'\u001b[39m\u001b[33m,\u001b[39m\n     \u001b[90m 772 |\u001b[39m         undefined\u001b[33m,\u001b[39m\u001b[0m\n\n      \u001b[2mat ApiService.<anonymous> (\u001b[22mservices/api.ts\u001b[2m:769:13)\u001b[22m\n      \u001b[2mat asyncGeneratorStep (\u001b[22mnode_modules/@babel/runtime/helpers/asyncToGenerator.js\u001b[2m:3:17)\u001b[22m\n      \u001b[2mat _next (\u001b[22mnode_modules/@babel/runtime/helpers/asyncToGenerator.js\u001b[2m:17:9)\u001b[22m\n      \u001b[2mat \u001b[22mnode_modules/@babel/runtime/helpers/asyncToGenerator.js\u001b[2m:22:7\u001b[22m\n      \u001b[2mat ApiService.<anonymous> (\u001b[22mnode_modules/@babel/runtime/helpers/asyncToGenerator.js\u001b[2m:14:12)\u001b[22m\n      \u001b[2mat ApiService.apply [as analyzeScanWithN8n] (\u001b[22mservices/api.ts\u001b[2m:757:34)\u001b[22m\n      \u001b[2mat Object.analyzeScanWithN8n (\u001b[22m__tests__/services/api.test.ts\u001b[2m:568:20)\u001b[22m\n      \u001b[2mat asyncGeneratorStep (\u001b[22mnode_modules/@babel/runtime/helpers/asyncToGenerator.js\u001b[2m:3:17)\u001b[22m\n      \u001b[2mat _next (\u001b[22mnode_modules/@babel/runtime/helpers/asyncToGenerator.js\u001b[2m:17:9)\u001b[22m\n      \u001b[2mat \u001b[22mnode_modules/@babel/runtime/helpers/asyncToGenerator.js\u001b[2m:22:7\u001b[22m\n      \u001b[2mat Object.<anonymous> (\u001b[22mnode_modules/@babel/runtime/helpers/asyncToGenerator.js\u001b[2m:14:12)\u001b[22m\n    at Object.toThrow (C:\\Users\\maloh\\Downloads\\1-main\\node_modules\\expect\\build\\index.js:2155:20)\n    at Object.toThrow (C:\\Users\\maloh\\Downloads\\1-main\\__tests__\\services\\api.test.ts:569:17)\n    at Generator.next (<anonymous>)\n    at asyncGeneratorStep (C:\\Users\\maloh\\Downloads\\1-main\\node_modules\\@babel\\runtime\\helpers\\asyncToGenerator.js:3:17)\n    at _next (C:\\Users\\maloh\\Downloads\\1-main\\node_modules\\@babel\\runtime\\helpers\\asyncToGenerator.js:17:9)\n    at C:\\Users\\maloh\\Downloads\\1-main\\node_modules\\@babel\\runtime\\helpers\\asyncToGenerator.js:22:7\n    at new Promise (<anonymous>)\n    at Object.<anonymous> (C:\\Users\\maloh\\Downloads\\1-main\\node_modules\\@babel\\runtime\\helpers\\asyncToGenerator.js:14:12)\n    at Promise.finally.completed (C:\\Users\\maloh\\Downloads\\1-main\\node_modules\\jest-circus\\build\\jestAdapterInit.js:1557:28)\n    at new Promise (<anonymous>)\n    at callAsyncCircusFn (C:\\Users\\maloh\\Downloads\\1-main\\node_modules\\jest-circus\\build\\jestAdapterInit.js:1497:10)\n    at _callCircusTest (C:\\Users\\maloh\\Downloads\\1-main\\node_modules\\jest-circus\\build\\jestAdapterInit.js:1007:40)\n    at processTicksAndRejections (node:internal/process/task_queues:103:5)\n    at _runTest (C:\\Users\\maloh\\Downloads\\1-main\\node_modules\\jest-circus\\build\\jestAdapterInit.js:947:3)\n    at C:\\Users\\maloh\\Downloads\\1-main\\node_modules\\jest-circus\\build\\jestAdapterInit.js:849:7\n    at _runTestsForDescribeBlock (C:\\Users\\maloh\\Downloads\\1-main\\node_modules\\jest-circus\\build\\jestAdapterInit.js:862:11)\n    at _runTestsForDescribeBlock (C:\\Users\\maloh\\Downloads\\1-main\\node_modules\\jest-circus\\build\\jestAdapterInit.js:857:11)\n    at _runTestsForDescribeBlock (C:\\Users\\maloh\\Downloads\\1-main\\node_modules\\jest-circus\\build\\jestAdapterInit.js:857:11)\n    at run (C:\\Users\\maloh\\Downloads\\1-main\\node_modules\\jest-circus\\build\\jestAdapterInit.js:761:3)\n    at runAndTransformResultsToJestFormat (C:\\Users\\maloh\\Downloads\\1-main\\node_modules\\jest-circus\\build\\jestAdapterInit.js:1918:21)\n    at jestAdapter (C:\\Users\\maloh\\Downloads\\1-main\\node_modules\\jest-circus\\build\\runner.js:101:19)\n    at runTestInternal (C:\\Users\\maloh\\Downloads\\1-main\\node_modules\\jest-runner\\build\\testWorker.js:275:16)\n    at runTest (C:\\Users\\maloh\\Downloads\\1-main\\node_modules\\jest-runner\\build\\testWorker.js:343:7)\n    at Object.worker (C:\\Users\\maloh\\Downloads\\1-main\\node_modules\\jest-runner\\build\\testWorker.js:497:12)"],"fullName":"ApiService analyzeScanWithN8n throws error when user not authenticated","invocations":1,"location":null,"numPassingAsserts":0,"retryReasons":[],"startAt":1772878833075,"status":"failed","title":"throws error when user not authenticated"},{"ancestorTitles":["ApiService","analyzeScanWithN8n"],"duration":11,"failing":false,"failureDetails":[{"matcherResult":{"message":"\u001b[2mexpect(\u001b[22m\u001b[31mreceived\u001b[39m\u001b[2m).\u001b[22mrejects\u001b[2m.\u001b[22mtoThrow\u001b[2m(\u001b[22m\u001b[32mexpected\u001b[39m\u001b[2m)\u001b[22m\n\nExpected substring: \u001b[32m\"Analysis service unavailable\"\u001b[39m\nReceived message:   \u001b[31m\"api_errors.validation\"\u001b[39m\n\n    \u001b[0m \u001b[90m 767 |\u001b[39m\n     \u001b[90m 768 |\u001b[39m     \u001b[36mif\u001b[39m (\u001b[33m!\u001b[39mimageBase64 \u001b[33m||\u001b[39m \u001b[36mtypeof\u001b[39m imageBase64 \u001b[33m!==\u001b[39m \u001b[32m'string'\u001b[39m \u001b[33m||\u001b[39m \u001b[33m!\u001b[39mimageBase64\u001b[33m.\u001b[39mstartsWith(\u001b[32m'data:image/'\u001b[39m)) {\n    \u001b[31m\u001b[1m>\u001b[22m\u001b[39m\u001b[90m 769 |\u001b[39m       \u001b[36mthrow\u001b[39m \u001b[36mnew\u001b[39m \u001b[33mApiError\u001b[39m(\n     \u001b[90m     |\u001b[39m             \u001b[31m\u001b[1m^\u001b[22m\u001b[39m\n     \u001b[90m 770 |\u001b[39m         \u001b[32m'api_errors.validation'\u001b[39m\u001b[33m,\u001b[39m\n     \u001b[90m 771 |\u001b[39m         \u001b[32m'VALIDATION'\u001b[39m\u001b[33m,\u001b[39m\n     \u001b[90m 772 |\u001b[39m         undefined\u001b[33m,\u001b[39m\u001b[0m\n\n      \u001b[2mat ApiService.<anonymous> (\u001b[22mservices/api.ts\u001b[2m:769:13)\u001b[22m\n      \u001b[2mat asyncGeneratorStep (\u001b[22mnode_modules/@babel/runtime/helpers/asyncToGenerator.js\u001b[2m:3:17)\u001b[22m\n      \u001b[2mat _next (\u001b[22mnode_modules/@babel/runtime/helpers/asyncToGenerator.js\u001b[2m:17:9)\u001b[22m\n      \u001b[2mat \u001b[22mnode_modules/@babel/runtime/helpers/asyncToGenerator.js\u001b[2m:22:7\u001b[22m\n      \u001b[2mat ApiService.<anonymous> (\u001b[22mnode_modules/@babel/runtime/helpers/asyncToGenerator.js\u001b[2m:14:12)\u001b[22m\n      \u001b[2mat ApiService.apply [as analyzeScanWithN8n] (\u001b[22mservices/api.ts\u001b[2m:757:34)\u001b[22m\n      \u001b[2mat Object.analyzeScanWithN8n (\u001b[22m__tests__/services/api.test.ts\u001b[2m:579:20)\u001b[22m\n      \u001b[2mat asyncGeneratorStep (\u001b[22mnode_modules/@babel/runtime/helpers/asyncToGenerator.js\u001b[2m:3:17)\u001b[22m\n      \u001b[2mat _next (\u001b[22mnode_modules/@babel/runtime/helpers/asyncToGenerator.js\u001b[2m:17:9)\u001b[22m\n      \u001b[2mat \u001b[22mnode_modules/@babel/runtime/helpers/asyncToGenerator.js\u001b[2m:22:7\u001b[22m\n      \u001b[2mat Object.<anonymous> (\u001b[22mnode_modules/@babel/runtime/helpers/asyncToGenerator.js\u001b[2m:14:12)\u001b[22m","pass":false},"message":"\u001b[2mexpect(\u001b[22m\u001b[31mreceived\u001b[39m\u001b[2m).\u001b[22mrejects\u001b[2m.\u001b[22mtoThrow\u001b[2m(\u001b[22m\u001b[32mexpected\u001b[39m\u001b[2m)\u001b[22m\n\nExpected substring: \u001b[32m\"Analysis service unavailable\"\u001b[39m\nReceived message:   \u001b[31m\"api_errors.validation\"\u001b[39m\n\n    \u001b[0m \u001b[90m 767 |\u001b[39m\n     \u001b[90m 768 |\u001b[39m     \u001b[36mif\u001b[39m (\u001b[33m!\u001b[39mimageBase64 \u001b[33m||\u001b[39m \u001b[36mtypeof\u001b[39m imageBase64 \u001b[33m!==\u001b[39m \u001b[32m'string'\u001b[39m \u001b[33m||\u001b[39m \u001b[33m!\u001b[39mimageBase64\u001b[33m.\u001b[39mstartsWith(\u001b[32m'data:image/'\u001b[39m)) {\n    \u001b[31m\u001b[1m>\u001b[22m\u001b[39m\u001b[90m 769 |\u001b[39m       \u001b[36mthrow\u001b[39m \u001b[36mnew\u001b[39m \u001b[33mApiError\u001b[39m(\n     \u001b[90m     |\u001b[39m             \u001b[31m\u001b[1m^\u001b[22m\u001b[39m\n     \u001b[90m 770 |\u001b[39m         \u001b[32m'api_errors.validation'\u001b[39m\u001b[33m,\u001b[39m\n     \u001b[90m 771 |\u001b[39m         \u001b[32m'VALIDATION'\u001b[39m\u001b[33m,\u001b[39m\n     \u001b[90m 772 |\u001b[39m         undefined\u001b[33m,\u001b[39m\u001b[0m\n\n      \u001b[2mat ApiService.<anonymous> (\u001b[22mservices/api.ts\u001b[2m:769:13)\u001b[22m\n      \u001b[2mat asyncGeneratorStep (\u001b[22mnode_modules/@babel/runtime/helpers/asyncToGenerator.js\u001b[2m:3:17)\u001b[22m\n      \u001b[2mat _next (\u001b[22mnode_modules/@babel/runtime/helpers/asyncToGenerator.js\u001b[2m:17:9)\u001b[22m\n      \u001b[2mat \u001b[22mnode_modules/@babel/runtime/helpers/asyncToGenerator.js\u001b[2m:22:7\u001b[22m\n      \u001b[2mat ApiService.<anonymous> (\u001b[22mnode_modules/@babel/runtime/helpers/asyncToGenerator.js\u001b[2m:14:12)\u001b[22m\n      \u001b[2mat ApiService.apply [as analyzeScanWithN8n] (\u001b[22mservices/api.ts\u001b[2m:757:34)\u001b[22m\n      \u001b[2mat Object.analyzeScanWithN8n (\u001b[22m__tests__/services/api.test.ts\u001b[2m:579:20)\u001b[22m\n      \u001b[2mat asyncGeneratorStep (\u001b[22mnode_modules/@babel/runtime/helpers/asyncToGenerator.js\u001b[2m:3:17)\u001b[22m\n      \u001b[2mat _next (\u001b[22mnode_modules/@babel/runtime/helpers/asyncToGenerator.js\u001b[2m:17:9)\u001b[22m\n      \u001b[2mat \u001b[22mnode_modules/@babel/runtime/helpers/asyncToGenerator.js\u001b[2m:22:7\u001b[22m\n      \u001b[2mat Object.<anonymous> (\u001b[22mnode_modules/@babel/runtime/helpers/asyncToGenerator.js\u001b[2m:14:12)\u001b[22m"}],"failureMessages":["Error: \u001b[2mexpect(\u001b[22m\u001b[31mreceived\u001b[39m\u001b[2m).\u001b[22mrejects\u001b[2m.\u001b[22mtoThrow\u001b[2m(\u001b[22m\u001b[32mexpected\u001b[39m\u001b[2m)\u001b[22m\n\nExpected substring: \u001b[32m\"Analysis service unavailable\"\u001b[39m\nReceived message:   \u001b[31m\"api_errors.validation\"\u001b[39m\n\n    \u001b[0m \u001b[90m 767 |\u001b[39m\n     \u001b[90m 768 |\u001b[39m     \u001b[36mif\u001b[39m (\u001b[33m!\u001b[39mimageBase64 \u001b[33m||\u001b[39m \u001b[36mtypeof\u001b[39m imageBase64 \u001b[33m!==\u001b[39m \u001b[32m'string'\u001b[39m \u001b[33m||\u001b[39m \u001b[33m!\u001b[39mimageBase64\u001b[33m.\u001b[39mstartsWith(\u001b[32m'data:image/'\u001b[39m)) {\n    \u001b[31m\u001b[1m>\u001b[22m\u001b[39m\u001b[90m 769 |\u001b[39m       \u001b[36mthrow\u001b[39m \u001b[36mnew\u001b[39m \u001b[33mApiError\u001b[39m(\n     \u001b[90m     |\u001b[39m             \u001b[31m\u001b[1m^\u001b[22m\u001b[39m\n     \u001b[90m 770 |\u001b[39m         \u001b[32m'api_errors.validation'\u001b[39m\u001b[33m,\u001b[39m\n     \u001b[90m 771 |\u001b[39m         \u001b[32m'VALIDATION'\u001b[39m\u001b[33m,\u001b[39m\n     \u001b[90m 772 |\u001b[39m         undefined\u001b[33m,\u001b[39m\u001b[0m\n\n      \u001b[2mat ApiService.<anonymous> (\u001b[22mservices/api.ts\u001b[2m:769:13)\u001b[22m\n      \u001b[2mat asyncGeneratorStep (\u001b[22mnode_modules/@babel/runtime/helpers/asyncToGenerator.js\u001b[2m:3:17)\u001b[22m\n      \u001b[2mat _next (\u001b[22mnode_modules/@babel/runtime/helpers/asyncToGenerator.js\u001b[2m:17:9)\u001b[22m\n      \u001b[2mat \u001b[22mnode_modules/@babel/runtime/helpers/asyncToGenerator.js\u001b[2m:22:7\u001b[22m\n      \u001b[2mat ApiService.<anonymous> (\u001b[22mnode_modules/@babel/runtime/helpers/asyncToGenerator.js\u001b[2m:14:12)\u001b[22m\n      \u001b[2mat ApiService.apply [as analyzeScanWithN8n] (\u001b[22mservices/api.ts\u001b[2m:757:34)\u001b[22m\n      \u001b[2mat Object.analyzeScanWithN8n (\u001b[22m__tests__/services/api.test.ts\u001b[2m:579:20)\u001b[22m\n      \u001b[2mat asyncGeneratorStep (\u001b[22mnode_modules/@babel/runtime/helpers/asyncToGenerator.js\u001b[2m:3:17)\u001b[22m\n      \u001b[2mat _next (\u001b[22mnode_modules/@babel/runtime/helpers/asyncToGenerator.js\u001b[2m:17:9)\u001b[22m\n      \u001b[2mat \u001b[22mnode_modules/@babel/runtime/helpers/asyncToGenerator.js\u001b[2m:22:7\u001b[22m\n      \u001b[2mat Object.<anonymous> (\u001b[22mnode_modules/@babel/runtime/helpers/asyncToGenerator.js\u001b[2m:14:12)\u001b[22m\n    at Object.toThrow (C:\\Users\\maloh\\Downloads\\1-main\\node_modules\\expect\\build\\index.js:2155:20)\n    at Object.toThrow (C:\\Users\\maloh\\Downloads\\1-main\\__tests__\\services\\api.test.ts:580:17)\n    at Generator.next (<anonymous>)\n    at asyncGeneratorStep (C:\\Users\\maloh\\Downloads\\1-main\\node_modules\\@babel\\runtime\\helpers\\asyncToGenerator.js:3:17)\n    at _next (C:\\Users\\maloh\\Downloads\\1-main\\node_modules\\@babel\\runtime\\helpers\\asyncToGenerator.js:17:9)\n    at C:\\Users\\maloh\\Downloads\\1-main\\node_modules\\@babel\\runtime\\helpers\\asyncToGenerator.js:22:7\n    at new Promise (<anonymous>)\n    at Object.<anonymous> (C:\\Users\\maloh\\Downloads\\1-main\\node_modules\\@babel\\runtime\\helpers\\asyncToGenerator.js:14:12)\n    at Promise.finally.completed (C:\\Users\\maloh\\Downloads\\1-main\\node_modules\\jest-circus\\build\\jestAdapterInit.js:1557:28)\n    at new Promise (<anonymous>)\n    at callAsyncCircusFn (C:\\Users\\maloh\\Downloads\\1-main\\node_modules\\jest-circus\\build\\jestAdapterInit.js:1497:10)\n    at _callCircusTest (C:\\Users\\maloh\\Downloads\\1-main\\node_modules\\jest-circus\\build\\jestAdapterInit.js:1007:40)\n    at processTicksAndRejections (node:internal/process/task_queues:103:5)\n    at _runTest (C:\\Users\\maloh\\Downloads\\1-main\\node_modules\\jest-circus\\build\\jestAdapterInit.js:947:3)\n    at C:\\Users\\maloh\\Downloads\\1-main\\node_modules\\jest-circus\\build\\jestAdapterInit.js:849:7\n    at _runTestsForDescribeBlock (C:\\Users\\maloh\\Downloads\\1-main\\node_modules\\jest-circus\\build\\jestAdapterInit.js:862:11)\n    at _runTestsForDescribeBlock (C:\\Users\\maloh\\Downloads\\1-main\\node_modules\\jest-circus\\build\\jestAdapterInit.js:857:11)\n    at _runTestsForDescribeBlock (C:\\Users\\maloh\\Downloads\\1-main\\node_modules\\jest-circus\\build\\jestAdapterInit.js:857:11)\n    at run (C:\\Users\\maloh\\Downloads\\1-main\\node_modules\\jest-circus\\build\\jestAdapterInit.js:761:3)\n    at runAndTransformResultsToJestFormat (C:\\Users\\maloh\\Downloads\\1-main\\node_modules\\jest-circus\\build\\jestAdapterInit.js:1918:21)\n    at jestAdapter (C:\\Users\\maloh\\Downloads\\1-main\\node_modules\\jest-circus\\build\\runner.js:101:19)\n    at runTestInternal (C:\\Users\\maloh\\Downloads\\1-main\\node_modules\\jest-runner\\build\\testWorker.js:275:16)\n    at runTest (C:\\Users\\maloh\\Downloads\\1-main\\node_modules\\jest-runner\\build\\testWorker.js:343:7)\n    at Object.worker (C:\\Users\\maloh\\Downloads\\1-main\\node_modules\\jest-runner\\build\\testWorker.js:497:12)"],"fullName":"ApiService analyzeScanWithN8n throws error when analysis fails","invocations":1,"location":null,"numPassingAsserts":0,"retryReasons":[],"startAt":1772878833085,"status":"failed","title":"throws error when analysis fails"},{"ancestorTitles":["ApiService","analyzeScanWithN8n"],"duration":6,"failing":false,"failureDetails":[],"failureMessages":[],"fullName":"ApiService analyzeScanWithN8n throws error when analysis returns no data","invocations":1,"location":null,"numPassingAsserts":1,"retryReasons":[],"startAt":1772878833097,"status":"passed","title":"throws error when analysis returns no data"},{"ancestorTitles":["ApiService","createScanWithAnalysis"],"duration":41,"failing":false,"failureDetails":[{}],"failureMessages":["TypeError: _supabase.supabase.storage.from(...).createSignedUrl is not a function\n    at ApiService.createSignedUrl (C:\\Users\\maloh\\Downloads\\1-main\\services\\api.ts:733:8)\n    at Generator.next (<anonymous>)\n    at asyncGeneratorStep (C:\\Users\\maloh\\Downloads\\1-main\\node_modules\\@babel\\runtime\\helpers\\asyncToGenerator.js:3:17)\n    at _next (C:\\Users\\maloh\\Downloads\\1-main\\node_modules\\@babel\\runtime\\helpers\\asyncToGenerator.js:17:9)\n    at processTicksAndRejections (node:internal/process/task_queues:103:5)"],"fullName":"ApiService createScanWithAnalysis returns scan without analysis when analysis fails","invocations":1,"location":null,"numPassingAsserts":0,"retryReasons":[],"startAt":1772878833103,"status":"failed","title":"returns scan without analysis when analysis fails"},{"ancestorTitles":["ApiService","createScanWithAnalysis"],"duration":2,"failing":false,"failureDetails":[{}],"failureMessages":["TypeError: _supabase.supabase.storage.from(...).createSignedUrl is not a function\n    at ApiService.createSignedUrl (C:\\Users\\maloh\\Downloads\\1-main\\services\\api.ts:733:8)\n    at Generator.next (<anonymous>)\n    at asyncGeneratorStep (C:\\Users\\maloh\\Downloads\\1-main\\node_modules\\@babel\\runtime\\helpers\\asyncToGenerator.js:3:17)\n    at _next (C:\\Users\\maloh\\Downloads\\1-main\\node_modules\\@babel\\runtime\\helpers\\asyncToGenerator.js:17:9)\n    at processTicksAndRejections (node:internal/process/task_queues:103:5)"],"fullName":"ApiService createScanWithAnalysis uploads image using ImageManipulator base64","invocations":1,"location":null,"numPassingAsserts":0,"retryReasons":[],"startAt":1772878833145,"status":"failed","title":"uploads image using ImageManipulator base64"}],"endTime":1772878833269,"message":"\u001b[1m\u001b[31m  \u001b[1m● \u001b[22m\u001b[1mApiService › getDashboard › throws error when user is not authenticated\u001b[39m\u001b[22m\n\n    \u001b[2mexpect(\u001b[22m\u001b[31mreceived\u001b[39m\u001b[2m).\u001b[22mrejects\u001b[2m.\u001b[22mtoThrow\u001b[2m(\u001b[22m\u001b[32mexpected\u001b[39m\u001b[2m)\u001b[22m\n\n    Expected substring: \u001b[32m\"User not authenticated\"\u001b[39m\n    Received message:   \u001b[31m\"api_errors.unauthorized\"\u001b[39m\n\n        \u001b[0m \u001b[90m 63 |\u001b[39m\n         \u001b[90m 64 |\u001b[39m     \u001b[36mif\u001b[39m (\u001b[33m!\u001b[39muser) {\n        \u001b[31m\u001b[1m>\u001b[22m\u001b[39m\u001b[90m 65 |\u001b[39m       \u001b[36mthrow\u001b[39m \u001b[36mnew\u001b[39m \u001b[33mError\u001b[39m(\u001b[32m'api_errors.unauthorized'\u001b[39m)\u001b[33m;\u001b[39m\n         \u001b[90m    |\u001b[39m             \u001b[31m\u001b[1m^\u001b[22m\u001b[39m\n         \u001b[90m 66 |\u001b[39m     }\n         \u001b[90m 67 |\u001b[39m\n         \u001b[90m 68 |\u001b[39m     \u001b[90m// 1. Récupérer le Global Score depuis la Vue SQL\u001b[39m\u001b[0m\n\n          \u001b[2mat ApiService.<anonymous> (\u001b[22mservices/api.ts\u001b[2m:65:13)\u001b[22m\n          \u001b[2mat asyncGeneratorStep (\u001b[22mnode_modules/@babel/runtime/helpers/asyncToGenerator.js\u001b[2m:3:17)\u001b[22m\n          \u001b[2mat _next (\u001b[22mnode_modules/@babel/runtime/helpers/asyncToGenerator.js\u001b[2m:17:9)\u001b[22m\n\u001b[2m\u001b[22m\n\u001b[2m    \u001b[0m \u001b[90m 151 |\u001b[39m       mockGetUser\u001b[33m.\u001b[39mmockResolvedValue({ data\u001b[33m:\u001b[39m { user\u001b[33m:\u001b[39m \u001b[36mnull\u001b[39m } })\u001b[33m;\u001b[39m\u001b[22m\n\u001b[2m     \u001b[90m 152 |\u001b[39m\u001b[22m\n\u001b[2m    \u001b[31m\u001b[1m>\u001b[22m\u001b[2m\u001b[39m\u001b[90m 153 |\u001b[39m       \u001b[36mawait\u001b[39m expect(\u001b[33mApiService\u001b[39m\u001b[33m.\u001b[39mgetDashboard())\u001b[33m.\u001b[39mrejects\u001b[33m.\u001b[39mtoThrow(\u001b[32m'User not authenticated'\u001b[39m)\u001b[33m;\u001b[39m\u001b[22m\n\u001b[2m     \u001b[90m     |\u001b[39m                                                       \u001b[31m\u001b[1m^\u001b[22m\u001b[2m\u001b[39m\u001b[22m\n\u001b[2m     \u001b[90m 154 |\u001b[39m     })\u001b[33m;\u001b[39m\u001b[22m\n\u001b[2m     \u001b[90m 155 |\u001b[39m\u001b[22m\n\u001b[2m     \u001b[90m 156 |\u001b[39m     it(\u001b[32m'returns default values when no health score exists'\u001b[39m\u001b[33m,\u001b[39m \u001b[36masync\u001b[39m () \u001b[33m=>\u001b[39m {\u001b[0m\u001b[22m\n\u001b[2m\u001b[22m\n\u001b[2m      \u001b[2mat Object.toThrow (\u001b[22m\u001b[2mnode_modules/expect/build/index.js\u001b[2m:2155:20)\u001b[22m\u001b[2m\u001b[22m\n\u001b[2m      \u001b[2mat Object.toThrow (\u001b[22m\u001b[2m\u001b[0m\u001b[36m__tests__/services/api.test.ts\u001b[39m\u001b[0m\u001b[2m:153:55)\u001b[22m\u001b[2m\u001b[22m\n\u001b[2m      \u001b[2mat asyncGeneratorStep (\u001b[22m\u001b[2mnode_modules/@babel/runtime/helpers/asyncToGenerator.js\u001b[2m:3:17)\u001b[22m\u001b[2m\u001b[22m\n\u001b[2m      \u001b[2mat _next (\u001b[22m\u001b[2mnode_modules/@babel/runtime/helpers/asyncToGenerator.js\u001b[2m:17:9)\u001b[22m\u001b[2m\u001b[22m\n\u001b[2m      \u001b[2mat \u001b[22m\u001b[2mnode_modules/@babel/runtime/helpers/asyncToGenerator.js\u001b[2m:22:7\u001b[22m\u001b[2m\u001b[22m\n\u001b[2m      \u001b[2mat Object.<anonymous> (\u001b[22m\u001b[2mnode_modules/@babel/runtime/helpers/asyncToGenerator.js\u001b[2m:14:12)\u001b[22m\u001b[2m\u001b[22m\n\n\u001b[1m\u001b[31m  \u001b[1m● \u001b[22m\u001b[1mApiService › getAnalytics › returns analytics for 7 days period\u001b[39m\u001b[22m\n\n    TypeError: _supabase.supabase.from(...).select(...).eq(...).gte(...).order(...).limit is not a function\n\u001b[2m\u001b[22m\n\u001b[2m    \u001b[0m \u001b[90m 140 |\u001b[39m         \u001b[33m.\u001b[39mgte(\u001b[32m'date'\u001b[39m\u001b[33m,\u001b[39m localStartDateStr)\u001b[22m\n\u001b[2m     \u001b[90m 141 |\u001b[39m         \u001b[33m.\u001b[39morder(\u001b[32m'date'\u001b[39m\u001b[33m,\u001b[39m { ascending\u001b[33m:\u001b[39m \u001b[36mtrue\u001b[39m })\u001b[22m\n\u001b[2m    \u001b[31m\u001b[1m>\u001b[22m\u001b[2m\u001b[39m\u001b[90m 142 |\u001b[39m         \u001b[33m.\u001b[39mlimit(\u001b[35m1000\u001b[39m)\u001b[33m,\u001b[39m\u001b[22m\n\u001b[2m     \u001b[90m     |\u001b[39m          \u001b[31m\u001b[1m^\u001b[22m\u001b[2m\u001b[39m\u001b[22m\n\u001b[2m     \u001b[90m 143 |\u001b[39m\u001b[22m\n\u001b[2m     \u001b[90m 144 |\u001b[39m       \u001b[90m// Requête 2: scan_metrics (nouvelles données)\u001b[39m\u001b[22m\n\u001b[2m     \u001b[90m 145 |\u001b[39m       supabase\u001b[0m\u001b[22m\n\u001b[2m\u001b[22m\n\u001b[2m      \u001b[2mat ApiService.limit (\u001b[22m\u001b[2mservices/api.ts\u001b[2m:142:10)\u001b[22m\u001b[2m\u001b[22m\n\u001b[2m      \u001b[2mat asyncGeneratorStep (\u001b[22m\u001b[2mnode_modules/@babel/runtime/helpers/asyncToGenerator.js\u001b[2m:3:17)\u001b[22m\u001b[2m\u001b[22m\n\u001b[2m      \u001b[2mat _next (\u001b[22m\u001b[2mnode_modules/@babel/runtime/helpers/asyncToGenerator.js\u001b[2m:17:9)\u001b[22m\u001b[2m\u001b[22m\n\n\u001b[1m\u001b[31m  \u001b[1m● \u001b[22m\u001b[1mApiService › getAnalytics › returns analytics for 30 days period\u001b[39m\u001b[22m\n\n    TypeError: _supabase.supabase.from(...).select(...).eq(...).gte(...).order(...).limit is not a function\n\u001b[2m\u001b[22m\n\u001b[2m    \u001b[0m \u001b[90m 140 |\u001b[39m         \u001b[33m.\u001b[39mgte(\u001b[32m'date'\u001b[39m\u001b[33m,\u001b[39m localStartDateStr)\u001b[22m\n\u001b[2m     \u001b[90m 141 |\u001b[39m         \u001b[33m.\u001b[39morder(\u001b[32m'date'\u001b[39m\u001b[33m,\u001b[39m { ascending\u001b[33m:\u001b[39m \u001b[36mtrue\u001b[39m })\u001b[22m\n\u001b[2m    \u001b[31m\u001b[1m>\u001b[22m\u001b[2m\u001b[39m\u001b[90m 142 |\u001b[39m         \u001b[33m.\u001b[39mlimit(\u001b[35m1000\u001b[39m)\u001b[33m,\u001b[39m\u001b[22m\n\u001b[2m     \u001b[90m     |\u001b[39m          \u001b[31m\u001b[1m^\u001b[22m\u001b[2m\u001b[39m\u001b[22m\n\u001b[2m     \u001b[90m 143 |\u001b[39m\u001b[22m\n\u001b[2m     \u001b[90m 144 |\u001b[39m       \u001b[90m// Requête 2: scan_metrics (nouvelles données)\u001b[39m\u001b[22m\n\u001b[2m     \u001b[90m 145 |\u001b[39m       supabase\u001b[0m\u001b[22m\n\u001b[2m\u001b[22m\n\u001b[2m      \u001b[2mat ApiService.limit (\u001b[22m\u001b[2mservices/api.ts\u001b[2m:142:10)\u001b[22m\u001b[2m\u001b[22m\n\u001b[2m      \u001b[2mat asyncGeneratorStep (\u001b[22m\u001b[2mnode_modules/@babel/runtime/helpers/asyncToGenerator.js\u001b[2m:3:17)\u001b[22m\u001b[2m\u001b[22m\n\u001b[2m      \u001b[2mat _next (\u001b[22m\u001b[2mnode_modules/@babel/runtime/helpers/asyncToGenerator.js\u001b[2m:17:9)\u001b[22m\u001b[2m\u001b[22m\n\n\u001b[1m\u001b[31m  \u001b[1m● \u001b[22m\u001b[1mApiService › getAnalytics › returns empty arrays when no data\u001b[39m\u001b[22m\n\n    TypeError: _supabase.supabase.from(...).select(...).eq(...).gte(...).order(...).limit is not a function\n\u001b[2m\u001b[22m\n\u001b[2m    \u001b[0m \u001b[90m 140 |\u001b[39m         \u001b[33m.\u001b[39mgte(\u001b[32m'date'\u001b[39m\u001b[33m,\u001b[39m localStartDateStr)\u001b[22m\n\u001b[2m     \u001b[90m 141 |\u001b[39m         \u001b[33m.\u001b[39morder(\u001b[32m'date'\u001b[39m\u001b[33m,\u001b[39m { ascending\u001b[33m:\u001b[39m \u001b[36mtrue\u001b[39m })\u001b[22m\n\u001b[2m    \u001b[31m\u001b[1m>\u001b[22m\u001b[2m\u001b[39m\u001b[90m 142 |\u001b[39m         \u001b[33m.\u001b[39mlimit(\u001b[35m1000\u001b[39m)\u001b[33m,\u001b[39m\u001b[22m\n\u001b[2m     \u001b[90m     |\u001b[39m          \u001b[31m\u001b[1m^\u001b[22m\u001b[2m\u001b[39m\u001b[22m\n\u001b[2m     \u001b[90m 143 |\u001b[39m\u001b[22m\n\u001b[2m     \u001b[90m 144 |\u001b[39m       \u001b[90m// Requête 2: scan_metrics (nouvelles données)\u001b[39m\u001b[22m\n\u001b[2m     \u001b[90m 145 |\u001b[39m       supabase\u001b[0m\u001b[22m\n\u001b[2m\u001b[22m\n\u001b[2m      \u001b[2mat ApiService.limit (\u001b[22m\u001b[2mservices/api.ts\u001b[2m:142:10)\u001b[22m\u001b[2m\u001b[22m\n\u001b[2m      \u001b[2mat asyncGeneratorStep (\u001b[22m\u001b[2mnode_modules/@babel/runtime/helpers/asyncToGenerator.js\u001b[2m:3:17)\u001b[22m\u001b[2m\u001b[22m\n\u001b[2m      \u001b[2mat _next (\u001b[22m\u001b[2mnode_modules/@babel/runtime/helpers/asyncToGenerator.js\u001b[2m:17:9)\u001b[22m\u001b[2m\u001b[22m\n\n\u001b[1m\u001b[31m  \u001b[1m● \u001b[22m\u001b[1mApiService › getAnalytics › throws error when user not authenticated\u001b[39m\u001b[22m\n\n    \u001b[2mexpect(\u001b[22m\u001b[31mreceived\u001b[39m\u001b[2m).\u001b[22mrejects\u001b[2m.\u001b[22mtoThrow\u001b[2m(\u001b[22m\u001b[32mexpected\u001b[39m\u001b[2m)\u001b[22m\n\n    Expected substring: \u001b[32m\"User not authenticated\"\u001b[39m\n    Received message:   \u001b[31m\"api_errors.unauthorized\"\u001b[39m\n\n        \u001b[0m \u001b[90m 113 |\u001b[39m\n         \u001b[90m 114 |\u001b[39m     \u001b[36mif\u001b[39m (\u001b[33m!\u001b[39muser) {\n        \u001b[31m\u001b[1m>\u001b[22m\u001b[39m\u001b[90m 115 |\u001b[39m       \u001b[36mthrow\u001b[39m \u001b[36mnew\u001b[39m \u001b[33mError\u001b[39m(\u001b[32m'api_errors.unauthorized'\u001b[39m)\u001b[33m;\u001b[39m\n         \u001b[90m     |\u001b[39m             \u001b[31m\u001b[1m^\u001b[22m\u001b[39m\n         \u001b[90m 116 |\u001b[39m     }\n         \u001b[90m 117 |\u001b[39m\n         \u001b[90m 118 |\u001b[39m     \u001b[90m// Map period to days\u001b[39m\u001b[0m\n\n          \u001b[2mat ApiService.<anonymous> (\u001b[22mservices/api.ts\u001b[2m:115:13)\u001b[22m\n          \u001b[2mat asyncGeneratorStep (\u001b[22mnode_modules/@babel/runtime/helpers/asyncToGenerator.js\u001b[2m:3:17)\u001b[22m\n          \u001b[2mat _next (\u001b[22mnode_modules/@babel/runtime/helpers/asyncToGenerator.js\u001b[2m:17:9)\u001b[22m\n\u001b[2m\u001b[22m\n\u001b[2m    \u001b[0m \u001b[90m 356 |\u001b[39m       mockGetUser\u001b[33m.\u001b[39mmockResolvedValue({ data\u001b[33m:\u001b[39m { user\u001b[33m:\u001b[39m \u001b[36mnull\u001b[39m } })\u001b[33m;\u001b[39m\u001b[22m\n\u001b[2m     \u001b[90m 357 |\u001b[39m\u001b[22m\n\u001b[2m    \u001b[31m\u001b[1m>\u001b[22m\u001b[2m\u001b[39m\u001b[90m 358 |\u001b[39m       \u001b[36mawait\u001b[39m expect(\u001b[33mApiService\u001b[39m\u001b[33m.\u001b[39mgetAnalytics(\u001b[32m'7days'\u001b[39m))\u001b[33m.\u001b[39mrejects\u001b[33m.\u001b[39mtoThrow(\u001b[32m'User not authenticated'\u001b[39m)\u001b[33m;\u001b[39m\u001b[22m\n\u001b[2m     \u001b[90m     |\u001b[39m                                                              \u001b[31m\u001b[1m^\u001b[22m\u001b[2m\u001b[39m\u001b[22m\n\u001b[2m     \u001b[90m 359 |\u001b[39m     })\u001b[33m;\u001b[39m\u001b[22m\n\u001b[2m     \u001b[90m 360 |\u001b[39m   })\u001b[33m;\u001b[39m\u001b[22m\n\u001b[2m     \u001b[90m 361 |\u001b[39m\u001b[0m\u001b[22m\n\u001b[2m\u001b[22m\n\u001b[2m      \u001b[2mat Object.toThrow (\u001b[22m\u001b[2mnode_modules/expect/build/index.js\u001b[2m:2155:20)\u001b[22m\u001b[2m\u001b[22m\n\u001b[2m      \u001b[2mat Object.toThrow (\u001b[22m\u001b[2m\u001b[0m\u001b[36m__tests__/services/api.test.ts\u001b[39m\u001b[0m\u001b[2m:358:62)\u001b[22m\u001b[2m\u001b[22m\n\u001b[2m      \u001b[2mat asyncGeneratorStep (\u001b[22m\u001b[2mnode_modules/@babel/runtime/helpers/asyncToGenerator.js\u001b[2m:3:17)\u001b[22m\u001b[2m\u001b[22m\n\u001b[2m      \u001b[2mat _next (\u001b[22m\u001b[2mnode_modules/@babel/runtime/helpers/asyncToGenerator.js\u001b[2m:17:9)\u001b[22m\u001b[2m\u001b[22m\n\u001b[2m      \u001b[2mat \u001b[22m\u001b[2mnode_modules/@babel/runtime/helpers/asyncToGenerator.js\u001b[2m:22:7\u001b[22m\u001b[2m\u001b[22m\n\u001b[2m      \u001b[2mat Object.<anonymous> (\u001b[22m\u001b[2mnode_modules/@babel/runtime/helpers/asyncToGenerator.js\u001b[2m:14:12)\u001b[22m\u001b[2m\u001b[22m\n\n\u001b[1m\u001b[31m  \u001b[1m● \u001b[22m\u001b[1mApiService › checkScanEligibility › throws error when not authenticated\u001b[39m\u001b[22m\n\n    \u001b[2mexpect(\u001b[22m\u001b[31mreceived\u001b[39m\u001b[2m).\u001b[22mrejects\u001b[2m.\u001b[22mtoThrow\u001b[2m(\u001b[22m\u001b[32mexpected\u001b[39m\u001b[2m)\u001b[22m\n\n    Expected substring: \u001b[32m\"User not authenticated\"\u001b[39m\n    Received message:   \u001b[31m\"api_errors.unauthorized\"\u001b[39m\n\n        \u001b[0m \u001b[90m 371 |\u001b[39m\n         \u001b[90m 372 |\u001b[39m     \u001b[36mif\u001b[39m (\u001b[33m!\u001b[39msession) {\n        \u001b[31m\u001b[1m>\u001b[22m\u001b[39m\u001b[90m 373 |\u001b[39m       \u001b[36mthrow\u001b[39m \u001b[36mnew\u001b[39m \u001b[33mError\u001b[39m(\u001b[32m'api_errors.unauthorized'\u001b[39m)\u001b[33m;\u001b[39m\n         \u001b[90m     |\u001b[39m             \u001b[31m\u001b[1m^\u001b[22m\u001b[39m\n         \u001b[90m 374 |\u001b[39m     }\n         \u001b[90m 375 |\u001b[39m\n         \u001b[90m 376 |\u001b[39m     \u001b[36mconst\u001b[39m response \u001b[33m=\u001b[39m \u001b[36mawait\u001b[39m fetch(\u001b[0m\n\n          \u001b[2mat ApiService.<anonymous> (\u001b[22mservices/api.ts\u001b[2m:373:13)\u001b[22m\n          \u001b[2mat asyncGeneratorStep (\u001b[22mnode_modules/@babel/runtime/helpers/asyncToGenerator.js\u001b[2m:3:17)\u001b[22m\n          \u001b[2mat _next (\u001b[22mnode_modules/@babel/runtime/helpers/asyncToGenerator.js\u001b[2m:17:9)\u001b[22m\n\u001b[2m\u001b[22m\n\u001b[2m    \u001b[0m \u001b[90m 448 |\u001b[39m       mockGetSession\u001b[33m.\u001b[39mmockResolvedValue({ data\u001b[33m:\u001b[39m { session\u001b[33m:\u001b[39m \u001b[36mnull\u001b[39m } })\u001b[33m;\u001b[39m\u001b[22m\n\u001b[2m     \u001b[90m 449 |\u001b[39m\u001b[22m\n\u001b[2m    \u001b[31m\u001b[1m>\u001b[22m\u001b[2m\u001b[39m\u001b[90m 450 |\u001b[39m       \u001b[36mawait\u001b[39m expect(\u001b[33mApiService\u001b[39m\u001b[33m.\u001b[39mcheckScanEligibility(\u001b[32m'health'\u001b[39m))\u001b[33m.\u001b[39mrejects\u001b[33m.\u001b[39mtoThrow(\u001b[32m'User not authenticated'\u001b[39m)\u001b[33m;\u001b[39m\u001b[22m\n\u001b[2m     \u001b[90m     |\u001b[39m                                                                       \u001b[31m\u001b[1m^\u001b[22m\u001b[2m\u001b[39m\u001b[22m\n\u001b[2m     \u001b[90m 451 |\u001b[39m     })\u001b[33m;\u001b[39m\u001b[22m\n\u001b[2m     \u001b[90m 452 |\u001b[39m\u001b[22m\n\u001b[2m     \u001b[90m 453 |\u001b[39m     it(\u001b[32m'throws error on HTTP error'\u001b[39m\u001b[33m,\u001b[39m \u001b[36masync\u001b[39m () \u001b[33m=>\u001b[39m {\u001b[0m\u001b[22m\n\u001b[2m\u001b[22m\n\u001b[2m      \u001b[2mat Object.toThrow (\u001b[22m\u001b[2mnode_modules/expect/build/index.js\u001b[2m:2155:20)\u001b[22m\u001b[2m\u001b[22m\n\u001b[2m      \u001b[2mat Object.toThrow (\u001b[22m\u001b[2m\u001b[0m\u001b[36m__tests__/services/api.test.ts\u001b[39m\u001b[0m\u001b[2m:450:71)\u001b[22m\u001b[2m\u001b[22m\n\u001b[2m      \u001b[2mat asyncGeneratorStep (\u001b[22m\u001b[2mnode_modules/@babel/runtime/helpers/asyncToGenerator.js\u001b[2m:3:17)\u001b[22m\u001b[2m\u001b[22m\n\u001b[2m      \u001b[2mat _next (\u001b[22m\u001b[2mnode_modules/@babel/runtime/helpers/asyncToGenerator.js\u001b[2m:17:9)\u001b[22m\u001b[2m\u001b[22m\n\u001b[2m      \u001b[2mat \u001b[22m\u001b[2mnode_modules/@babel/runtime/helpers/asyncToGenerator.js\u001b[2m:22:7\u001b[22m\u001b[2m\u001b[22m\n\u001b[2m      \u001b[2mat Object.<anonymous> (\u001b[22m\u001b[2mnode_modules/@babel/runtime/helpers/asyncToGenerator.js\u001b[2m:14:12)\u001b[22m\u001b[2m\u001b[22m\n\n\u001b[1m\u001b[31m  \u001b[1m● \u001b[22m\u001b[1mApiService › analyzeScanWithN8n › analyzes scan and updates database\u001b[39m\u001b[22m\n\n    ApiError: api_errors.validation\n\u001b[2m\u001b[22m\n\u001b[2m    \u001b[0m \u001b[90m 767 |\u001b[39m\u001b[22m\n\u001b[2m     \u001b[90m 768 |\u001b[39m     \u001b[36mif\u001b[39m (\u001b[33m!\u001b[39mimageBase64 \u001b[33m||\u001b[39m \u001b[36mtypeof\u001b[39m imageBase64 \u001b[33m!==\u001b[39m \u001b[32m'string'\u001b[39m \u001b[33m||\u001b[39m \u001b[33m!\u001b[39mimageBase64\u001b[33m.\u001b[39mstartsWith(\u001b[32m'data:image/'\u001b[39m)) {\u001b[22m\n\u001b[2m    \u001b[31m\u001b[1m>\u001b[22m\u001b[2m\u001b[39m\u001b[90m 769 |\u001b[39m       \u001b[36mthrow\u001b[39m \u001b[36mnew\u001b[39m \u001b[33mApiError\u001b[39m(\u001b[22m\n\u001b[2m     \u001b[90m     |\u001b[39m             \u001b[31m\u001b[1m^\u001b[22m\u001b[2m\u001b[39m\u001b[22m\n\u001b[2m     \u001b[90m 770 |\u001b[39m         \u001b[32m'api_errors.validation'\u001b[39m\u001b[33m,\u001b[39m\u001b[22m\n\u001b[2m     \u001b[90m 771 |\u001b[39m         \u001b[32m'VALIDATION'\u001b[39m\u001b[33m,\u001b[39m\u001b[22m\n\u001b[2m     \u001b[90m 772 |\u001b[39m         undefined\u001b[33m,\u001b[39m\u001b[0m\u001b[22m\n\u001b[2m\u001b[22m\n\u001b[2m      \u001b[2mat ApiService.<anonymous> (\u001b[22m\u001b[2mservices/api.ts\u001b[2m:769:13)\u001b[22m\u001b[2m\u001b[22m\n\u001b[2m      \u001b[2mat asyncGeneratorStep (\u001b[22m\u001b[2mnode_modules/@babel/runtime/helpers/asyncToGenerator.js\u001b[2m:3:17)\u001b[22m\u001b[2m\u001b[22m\n\u001b[2m      \u001b[2mat _next (\u001b[22m\u001b[2mnode_modules/@babel/runtime/helpers/asyncToGenerator.js\u001b[2m:17:9)\u001b[22m\u001b[2m\u001b[22m\n\u001b[2m      \u001b[2mat \u001b[22m\u001b[2mnode_modules/@babel/runtime/helpers/asyncToGenerator.js\u001b[2m:22:7\u001b[22m\u001b[2m\u001b[22m\n\u001b[2m      \u001b[2mat ApiService.<anonymous> (\u001b[22m\u001b[2mnode_modules/@babel/runtime/helpers/asyncToGenerator.js\u001b[2m:14:12)\u001b[22m\u001b[2m\u001b[22m\n\u001b[2m      \u001b[2mat ApiService.apply [as analyzeScanWithN8n] (\u001b[22m\u001b[2mservices/api.ts\u001b[2m:757:34)\u001b[22m\u001b[2m\u001b[22m\n\u001b[2m      \u001b[2mat Object.analyzeScanWithN8n (\u001b[22m\u001b[2m\u001b[0m\u001b[36m__tests__/services/api.test.ts\u001b[39m\u001b[0m\u001b[2m:558:39)\u001b[22m\u001b[2m\u001b[22m\n\u001b[2m      \u001b[2mat asyncGeneratorStep (\u001b[22m\u001b[2mnode_modules/@babel/runtime/helpers/asyncToGenerator.js\u001b[2m:3:17)\u001b[22m\u001b[2m\u001b[22m\n\u001b[2m      \u001b[2mat _next (\u001b[22m\u001b[2mnode_modules/@babel/runtime/helpers/asyncToGenerator.js\u001b[2m:17:9)\u001b[22m\u001b[2m\u001b[22m\n\u001b[2m      \u001b[2mat \u001b[22m\u001b[2mnode_modules/@babel/runtime/helpers/asyncToGenerator.js\u001b[2m:22:7\u001b[22m\u001b[2m\u001b[22m\n\u001b[2m      \u001b[2mat Object.<anonymous> (\u001b[22m\u001b[2mnode_modules/@babel/runtime/helpers/asyncToGenerator.js\u001b[2m:14:12)\u001b[22m\u001b[2m\u001b[22m\n\n\u001b[1m\u001b[31m  \u001b[1m● \u001b[22m\u001b[1mApiService › analyzeScanWithN8n › throws error when user not authenticated\u001b[39m\u001b[22m\n\n    \u001b[2mexpect(\u001b[22m\u001b[31mreceived\u001b[39m\u001b[2m).\u001b[22mrejects\u001b[2m.\u001b[22mtoThrow\u001b[2m(\u001b[22m\u001b[32mexpected\u001b[39m\u001b[2m)\u001b[22m\n\n    Expected substring: \u001b[32m\"Utilisateur non authent
[...]
nloads\\1-main\\node_modules\\@babel\\runtime\\helpers\\asyncToGenerator.js:3:17)\n    at _next (C:\\Users\\maloh\\Downloads\\1-main\\node_modules\\@babel\\runtime\\helpers\\asyncToGenerator.js:17:9)"],"fullName":"N8nWebhookService analyzeScan handles unknown errors","invocations":1,"location":null,"numPassingAsserts":1,"retryReasons":[],"startAt":1772878846542,"status":"failed","title":"handles unknown errors"},{"ancestorTitles":["N8nWebhookService","analyzeScan"],"duration":3021,"failing":false,"failureDetails":[],"failureMessages":[],"fullName":"N8nWebhookService analyzeScan handles empty response from webhook","invocations":1,"location":null,"numPassingAsserts":4,"retryReasons":[],"startAt":1772878849560,"status":"passed","title":"handles empty response from webhook"},{"ancestorTitles":["N8nWebhookService","analyzeScan"],"duration":3015,"failing":false,"failureDetails":[],"failureMessages":[],"fullName":"N8nWebhookService analyzeScan handles whitespace-only response","invocations":1,"location":null,"numPassingAsserts":2,"retryReasons":[],"startAt":1772878852581,"status":"passed","title":"handles whitespace-only response"},{"ancestorTitles":["N8nWebhookService","analyzeScan"],"duration":3017,"failing":false,"failureDetails":[],"failureMessages":[],"fullName":"N8nWebhookService analyzeScan handles invalid JSON response","invocations":1,"location":null,"numPassingAsserts":2,"retryReasons":[],"startAt":1772878855596,"status":"passed","title":"handles invalid JSON response"},{"ancestorTitles":["N8nWebhookService","analyzeScan"],"duration":0,"failing":false,"failureDetails":[],"failureMessages":[],"fullName":"N8nWebhookService analyzeScan starts from first webhook after reset","invocations":1,"location":null,"numPassingAsserts":1,"retryReasons":[],"startAt":1772878858613,"status":"passed","title":"starts from first webhook after reset"},{"ancestorTitles":["N8nWebhookService","testWebhookConnection"],"duration":1,"failing":false,"failureDetails":[],"failureMessages":[],"fullName":"N8nWebhookService testWebhookConnection returns true when connection is successful","invocations":1,"location":null,"numPassingAsserts":2,"retryReasons":[],"startAt":1772878858613,"status":"passed","title":"returns true when connection is successful"},{"ancestorTitles":["N8nWebhookService","testWebhookConnection"],"duration":0,"failing":false,"failureDetails":[],"failureMessages":[],"fullName":"N8nWebhookService testWebhookConnection returns false when connection fails","invocations":1,"location":null,"numPassingAsserts":1,"retryReasons":[],"startAt":1772878858614,"status":"passed","title":"returns false when connection fails"},{"ancestorTitles":["N8nWebhookService","testWebhookConnection"],"duration":1,"failing":false,"failureDetails":[],"failureMessages":[],"fullName":"N8nWebhookService testWebhookConnection returns false on network error","invocations":1,"location":null,"numPassingAsserts":1,"retryReasons":[],"startAt":1772878858614,"status":"passed","title":"returns false on network error"},{"ancestorTitles":["N8nWebhookService","concurrent requests"],"duration":1,"failing":false,"failureDetails":[],"failureMessages":[],"fullName":"N8nWebhookService concurrent requests distributes requests across all 7 webhooks under load","invocations":1,"location":null,"numPassingAsserts":2,"retryReasons":[],"startAt":1772878858615,"status":"passed","title":"distributes requests across all 7 webhooks under load"},{"ancestorTitles":["N8nWebhookService","concurrent requests"],"duration":0,"failing":false,"failureDetails":[],"failureMessages":[],"fullName":"N8nWebhookService concurrent requests handles multiple parallel requests without errors","invocations":1,"location":null,"numPassingAsserts":5,"retryReasons":[],"startAt":1772878858616,"status":"passed","title":"handles multiple parallel requests without errors"},{"ancestorTitles":["N8nWebhookService","concurrent requests"],"duration":3018,"failing":false,"failureDetails":[{"matcherResult":{"actual":4,"expected":2,"message":"\u001b[2mexpect(\u001b[22m\u001b[31mreceived\u001b[39m\u001b[2m).\u001b[22mtoBe\u001b[2m(\u001b[22m\u001b[32mexpected\u001b[39m\u001b[2m) // Object.is equality\u001b[22m\n\nExpected: \u001b[32m2\u001b[39m\nReceived: \u001b[31m4\u001b[39m","name":"toBe","pass":false}}],"failureMessages":["Error: \u001b[2mexpect(\u001b[22m\u001b[31mreceived\u001b[39m\u001b[2m).\u001b[22mtoBe\u001b[2m(\u001b[22m\u001b[32mexpected\u001b[39m\u001b[2m) // Object.is equality\u001b[22m\n\nExpected: \u001b[32m2\u001b[39m\nReceived: \u001b[31m4\u001b[39m\n    at Object.toBe (C:\\Users\\maloh\\Downloads\\1-main\\__tests__\\services\\n8nWebhook.test.ts:319:25)\n    at Generator.next (<anonymous>)\n    at asyncGeneratorStep (C:\\Users\\maloh\\Downloads\\1-main\\node_modules\\@babel\\runtime\\helpers\\asyncToGenerator.js:3:17)\n    at _next (C:\\Users\\maloh\\Downloads\\1-main\\node_modules\\@babel\\runtime\\helpers\\asyncToGenerator.js:17:9)"],"fullName":"N8nWebhookService concurrent requests handles mixed success and failure in parallel requests","invocations":1,"location":null,"numPassingAsserts":0,"retryReasons":[],"startAt":1772878858616,"status":"failed","title":"handles mixed success and failure in parallel requests"},{"ancestorTitles":["N8nWebhookService","concurrent requests"],"duration":357,"failing":false,"failureDetails":[],"failureMessages":[],"fullName":"N8nWebhookService concurrent requests maintains round-robin order even with async timing differences","invocations":1,"location":null,"numPassingAsserts":4,"retryReasons":[],"startAt":1772878861634,"status":"passed","title":"maintains round-robin order even with async timing differences"}],"endTime":1772878862019,"message":"\u001b[1m\u001b[31m  \u001b[1m● \u001b[22m\u001b[1mN8nWebhookService › analyzeScan › sends POST request with correct body\u001b[39m\u001b[22m\n\n    \u001b[2mexpect(\u001b[22m\u001b[31mjest.fn()\u001b[39m\u001b[2m).\u001b[22mtoHaveBeenCalledWith\u001b[2m(\u001b[22m\u001b[32m...expected\u001b[39m\u001b[2m)\u001b[22m\n\n    Expected: \u001b[32mStringContaining \"n8n.basedjew.com/webhook/analyse\"\u001b[39m, \u001b[32mObjectContaining {\"body\": \"{\\\"imageUrl\\\":\\\"https://example.com/image.jpg\\\",\\\"userId\\\":\\\"user-123\\\",\\\"scanType\\\":\\\"nutrition\\\"}\", \"headers\": {\"Content-Type\": \"application/json\"}, \"method\": \"POST\"}\u001b[39m\n    Received: \u001b[2m\"https://n8n.basedjew.com/webhook/analyse_1\"\u001b[22m, \u001b[31m{\"body\": \"{\\\"imageBase64\\\":\\\"https://example.com/image.jpg\\\",\\\"userId\\\":\\\"user-123\\\",\\\"scanType\\\":\\\"nutrition\\\"}\", \"headers\": {\"Accept\": \"application/json\", \"Content-Type\": \"application/json\"}, \"method\": \"POST\", \"signal\": {Symbol(kEvents): Map {}, Symbol(events.maxEventTargetListeners): 0, Symbol(events.maxEventTargetListenersWarned): false, Symbol(kHandlers): Map {}, Symbol(kAborted): false, Symbol(kReason): undefined, Symbol(kComposite): false}}\u001b[39m\n\n    Number of calls: \u001b[31m1\u001b[39m\n\u001b[2m\u001b[22m\n\u001b[2m    \u001b[0m \u001b[90m 26 |\u001b[39m       )\u001b[33m;\u001b[39m\u001b[22m\n\u001b[2m     \u001b[90m 27 |\u001b[39m\u001b[22m\n\u001b[2m    \u001b[31m\u001b[1m>\u001b[22m\u001b[2m\u001b[39m\u001b[90m 28 |\u001b[39m       expect(mockFetch)\u001b[33m.\u001b[39mtoHaveBeenCalledWith(\u001b[22m\n\u001b[2m     \u001b[90m    |\u001b[39m                         \u001b[31m\u001b[1m^\u001b[22m\u001b[2m\u001b[39m\u001b[22m\n\u001b[2m     \u001b[90m 29 |\u001b[39m         expect\u001b[33m.\u001b[39mstringContaining(\u001b[32m'n8n.basedjew.com/webhook/analyse'\u001b[39m)\u001b[33m,\u001b[39m\u001b[22m\n\u001b[2m     \u001b[90m 30 |\u001b[39m         expect\u001b[33m.\u001b[39mobjectContaining({\u001b[22m\n\u001b[2m     \u001b[90m 31 |\u001b[39m           method\u001b[33m:\u001b[39m \u001b[32m'POST'\u001b[39m\u001b[33m,\u001b[39m\u001b[0m\u001b[22m\n\u001b[2m\u001b[22m\n\u001b[2m      \u001b[2mat Object.toHaveBeenCalledWith (\u001b[22m\u001b[2m\u001b[0m\u001b[36m__tests__/services/n8nWebhook.test.ts\u001b[39m\u001b[0m\u001b[2m:28:25)\u001b[22m\u001b[2m\u001b[22m\n\u001b[2m      \u001b[2mat asyncGeneratorStep (\u001b[22m\u001b[2mnode_modules/@babel/runtime/helpers/asyncToGenerator.js\u001b[2m:3:17)\u001b[22m\u001b[2m\u001b[22m\n\u001b[2m      \u001b[2mat _next (\u001b[22m\u001b[2mnode_modules/@babel/runtime/helpers/asyncToGenerator.js\u001b[2m:17:9)\u001b[22m\u001b[2m\u001b[22m\n\n\u001b[1m\u001b[31m  \u001b[1m● \u001b[22m\u001b[1mN8nWebhookService › analyzeScan › handles HTTP errors\u001b[39m\u001b[22m\n\n    \u001b[2mexpect(\u001b[22m\u001b[31mreceived\u001b[39m\u001b[2m).\u001b[22mtoContain\u001b[2m(\u001b[22m\u001b[32mexpected\u001b[39m\u001b[2m) // indexOf\u001b[22m\n\n    Expected substring: \u001b[32m\"Internal Server Error\"\u001b[39m\n    Received string:    \u001b[31m\"Cannot read properties of undefined (reading 'ok')\"\u001b[39m\n\u001b[2m\u001b[22m\n\u001b[2m    \u001b[0m \u001b[90m 57 |\u001b[39m\u001b[22m\n\u001b[2m     \u001b[90m 58 |\u001b[39m       expect(result\u001b[33m.\u001b[39msuccess)\u001b[33m.\u001b[39mtoBe(\u001b[36mfalse\u001b[39m)\u001b[33m;\u001b[39m\u001b[22m\n\u001b[2m    \u001b[31m\u001b[1m>\u001b[22m\u001b[2m\u001b[39m\u001b[90m 59 |\u001b[39m       expect(result\u001b[33m.\u001b[39merror)\u001b[33m.\u001b[39mtoContain(\u001b[32m'Internal Server Error'\u001b[39m)\u001b[33m;\u001b[39m\u001b[22m\n\u001b[2m     \u001b[90m    |\u001b[39m                            \u001b[31m\u001b[1m^\u001b[22m\u001b[2m\u001b[39m\u001b[22m\n\u001b[2m     \u001b[90m 60 |\u001b[39m     })\u001b[33m;\u001b[39m\u001b[22m\n\u001b[2m     \u001b[90m 61 |\u001b[39m\u001b[22m\n\u001b[2m     \u001b[90m 62 |\u001b[39m     it(\u001b[32m'handles network errors'\u001b[39m\u001b[33m,\u001b[39m \u001b[36masync\u001b[39m () \u001b[33m=>\u001b[39m {\u001b[0m\u001b[22m\n\u001b[2m\u001b[22m\n\u001b[2m      \u001b[2mat Object.toContain (\u001b[22m\u001b[2m\u001b[0m\u001b[36m__tests__/services/n8nWebhook.test.ts\u001b[39m\u001b[0m\u001b[2m:59:28)\u001b[22m\u001b[2m\u001b[22m\n\u001b[2m      \u001b[2mat asyncGeneratorStep (\u001b[22m\u001b[2mnode_modules/@babel/runtime/helpers/asyncToGenerator.js\u001b[2m:3:17)\u001b[22m\u001b[2m\u001b[22m\n\u001b[2m      \u001b[2mat _next (\u001b[22m\u001b[2mnode_modules/@babel/runtime/helpers/asyncToGenerator.js\u001b[2m:17:9)\u001b[22m\u001b[2m\u001b[22m\n\n\u001b[1m\u001b[31m  \u001b[1m● \u001b[22m\u001b[1mN8nWebhookService › analyzeScan › handles network errors\u001b[39m\u001b[22m\n\n    \u001b[2mexpect(\u001b[22m\u001b[31mreceived\u001b[39m\u001b[2m).\u001b[22mtoBe\u001b[2m(\u001b[22m\u001b[32mexpected\u001b[39m\u001b[2m) // Object.is equality\u001b[22m\n\n    Expected: \u001b[32m\"Network error\"\u001b[39m\n    Received: \u001b[31m\"Cannot read properties of undefined (reading 'ok')\"\u001b[39m\n\u001b[2m\u001b[22m\n\u001b[2m    \u001b[0m \u001b[90m 70 |\u001b[39m\u001b[22m\n\u001b[2m     \u001b[90m 71 |\u001b[39m       expect(result\u001b[33m.\u001b[39msuccess)\u001b[33m.\u001b[39mtoBe(\u001b[36mfalse\u001b[39m)\u001b[33m;\u001b[39m\u001b[22m\n\u001b[2m    \u001b[31m\u001b[1m>\u001b[22m\u001b[2m\u001b[39m\u001b[90m 72 |\u001b[39m       expect(result\u001b[33m.\u001b[39merror)\u001b[33m.\u001b[39mtoBe(\u001b[32m'Network error'\u001b[39m)\u001b[33m;\u001b[39m\u001b[22m\n\u001b[2m     \u001b[90m    |\u001b[39m                            \u001b[31m\u001b[1m^\u001b[22m\u001b[2m\u001b[39m\u001b[22m\n\u001b[2m     \u001b[90m 73 |\u001b[39m     })\u001b[33m;\u001b[39m\u001b[22m\n\u001b[2m     \u001b[90m 74 |\u001b[39m\u001b[22m\n\u001b[2m     \u001b[90m 75 |\u001b[39m     it(\u001b[32m'handles timeout errors'\u001b[39m\u001b[33m,\u001b[39m \u001b[36masync\u001b[39m () \u001b[33m=>\u001b[39m {\u001b[0m\u001b[22m\n\u001b[2m\u001b[22m\n\u001b[2m      \u001b[2mat Object.toBe (\u001b[22m\u001b[2m\u001b[0m\u001b[36m__tests__/services/n8nWebhook.test.ts\u001b[39m\u001b[0m\u001b[2m:72:28)\u001b[22m\u001b[2m\u001b[22m\n\u001b[2m      \u001b[2mat asyncGeneratorStep (\u001b[22m\u001b[2mnode_modules/@babel/runtime/helpers/asyncToGenerator.js\u001b[2m:3:17)\u001b[22m\u001b[2m\u001b[22m\n\u001b[2m      \u001b[2mat _next (\u001b[22m\u001b[2mnode_modules/@babel/runtime/helpers/asyncToGenerator.js\u001b[2m:17:9)\u001b[22m\u001b[2m\u001b[22m\n\n\u001b[1m\u001b[31m  \u001b[1m● \u001b[22m\u001b[1mN8nWebhookService › analyzeScan › handles timeout errors\u001b[39m\u001b[22m\n\n    \u001b[2mexpect(\u001b[22m\u001b[31mreceived\u001b[39m\u001b[2m).\u001b[22mtoContain\u001b[2m(\u001b[22m\u001b[32mexpected\u001b[39m\u001b[2m) // indexOf\u001b[22m\n\n    Expected substring: \u001b[32m\"timeout\"\u001b[39m\n    Received string:    \u001b[31m\"Cannot read properties of undefined (reading 'ok')\"\u001b[39m\n\u001b[2m\u001b[22m\n\u001b[2m    \u001b[0m \u001b[90m 85 |\u001b[39m\u001b[22m\n\u001b[2m     \u001b[90m 86 |\u001b[39m       expect(result\u001b[33m.\u001b[39msuccess)\u001b[33m.\u001b[39mtoBe(\u001b[36mfalse\u001b[39m)\u001b[33m;\u001b[39m\u001b[22m\n\u001b[2m    \u001b[31m\u001b[1m>\u001b[22m\u001b[2m\u001b[39m\u001b[90m 87 |\u001b[39m       expect(result\u001b[33m.\u001b[39merror)\u001b[33m.\u001b[39mtoContain(\u001b[32m'timeout'\u001b[39m)\u001b[33m;\u001b[39m\u001b[22m\n\u001b[2m     \u001b[90m    |\u001b[39m                            \u001b[31m\u001b[1m^\u001b[22m\u001b[2m\u001b[39m\u001b[22m\n\u001b[2m     \u001b[90m 88 |\u001b[39m     })\u001b[33m;\u001b[39m\u001b[22m\n\u001b[2m     \u001b[90m 89 |\u001b[39m\u001b[22m\n\u001b[2m     \u001b[90m 90 |\u001b[39m     it(\u001b[32m'rotates through webhooks (round-robin)'\u001b[39m\u001b[33m,\u001b[39m \u001b[36masync\u001b[39m () \u001b[33m=>\u001b[39m {\u001b[0m\u001b[22m\n\u001b[2m\u001b[22m\n\u001b[2m      \u001b[2mat Object.toContain (\u001b[22m\u001b[2m\u001b[0m\u001b[36m__tests__/services/n8nWebhook.test.ts\u001b[39m\u001b[0m\u001b[2m:87:28)\u001b[22m\u001b[2m\u001b[22m\n\u001b[2m      \u001b[2mat asyncGeneratorStep (\u001b[22m\u001b[2mnode_modules/@babel/runtime/helpers/asyncToGenerator.js\u001b[2m:3:17)\u001b[22m\u001b[2m\u001b[22m\n\u001b[2m      \u001b[2mat _next (\u001b[22m\u001b[2mnode_modules/@babel/runtime/helpers/asyncToGenerator.js\u001b[2m:17:9)\u001b[22m\u001b[2m\u001b[22m\n\n\u001b[1m\u001b[31m  \u001b[1m● \u001b[22m\u001b[1mN8nWebhookService › analyzeScan › rotates through webhooks (round-robin)\u001b[39m\u001b[22m\n\n    thrown: \"Exceeded timeout of 5000 ms for a test.\n    Add a timeout value to this test to increase the timeout, if this is a long-running test. See https://jestjs.io/docs/api#testname-fn-timeout.\"\n\u001b[2m\u001b[22m\n\u001b[2m    \u001b[0m \u001b[90m 88 |\u001b[39m     })\u001b[33m;\u001b[39m\u001b[22m\n\u001b[2m     \u001b[90m 89 |\u001b[39m\u001b[22m\n\u001b[2m    \u001b[31m\u001b[1m>\u001b[22m\u001b[2m\u001b[39m\u001b[90m 90 |\u001b[39m     it(\u001b[32m'rotates through webhooks (round-robin)'\u001b[39m\u001b[33m,\u001b[39m \u001b[36masync\u001b[39m () \u001b[33m=>\u001b[39m {\u001b[22m\n\u001b[2m     \u001b[90m    |\u001b[39m     \u001b[31m\u001b[1m^\u001b[22m\u001b[2m\u001b[39m\u001b[22m\n\u001b[2m     \u001b[90m 91 |\u001b[39m       \u001b[90m// Make multiple calls and track the URLs\u001b[39m\u001b[22m\n\u001b[2m     \u001b[90m 92 |\u001b[39m       \u001b[36mconst\u001b[39m usedUrls\u001b[33m:\u001b[39m string[] \u001b[33m=\u001b[39m []\u001b[33m;\u001b[39m\u001b[22m\n\u001b[2m     \u001b[90m 93 |\u001b[39m       \u001b[0m\u001b[22m\n\u001b[2m\u001b[22m\n\u001b[2m      \u001b[2mat it (\u001b[22m\u001b[2m\u001b[0m\u001b[36m__tests__/services/n8nWebhook.test.ts\u001b[39m\u001b[0m\u001b[2m:90:5)\u001b[22m\u001b[2m\u001b[22m\n\u001b[2m      \u001b[2mat describe (\u001b[22m\u001b[2m\u001b[0m\u001b[36m__tests__/services/n8nWebhook.test.ts\u001b[39m\u001b[0m\u001b[2m:15:3)\u001b[22m\u001b[2m\u001b[22m\n\u001b[2m      \u001b[2mat Object.describe (\u001b[22m\u001b[2m\u001b[0m\u001b[36m__tests__/services/n8nWebhook.test.ts\u001b[39m\u001b[0m\u001b[2m:7:1)\u001b[22m\u001b[2m\u001b[22m\n\n\u001b[1m\u001b[31m  \u001b[1m● \u001b[22m\u001b[1mN8nWebhookService › analyzeScan › handles unknown errors\u001b[39m\u001b[22m\n\n    \u001b[2mexpect(\u001b[22m\u001b[31mreceived\u001b[39m\u001b[2m).\u001b[22mtoBe\u001b[2m(\u001b[22m\u001b[32mexpected\u001b[39m\u001b[2m) // Object.is equality\u001b[22m\n\n    Expected: \u001b[32m\"Unknown error occurred\"\u001b[39m\n    Received: \u001b[31m\"Cannot read properties of undefined (reading 'ok')\"\u001b[39m\n\u001b[2m\u001b[22m\n\u001b[2m    \u001b[0m \u001b[90m 120 |\u001b[39m\u001b[22m\n\u001b[2m     \u001b[90m 121 |\u001b[39m       expect(result\u001b[33m.\u001b[39msuccess)\u001b[33m.\u001b[39mtoBe(\u001b[36mfalse\u001b[39m)\u001b[33m;\u001b[39m\u001b[22m\n\u001b[2m    \u001b[31m\u001b[1m>\u001b[22m\u001b[2m\u001b[39m\u001b[90m 122 |\u001b[39m       expect(result\u001b[33m.\u001b[39merror)\u001b[33m.\u001b[39mtoBe(\u001b[32m'Unknown error occurred'\u001b[39m)\u001b[33m;\u001b[39m\u001b[22m\n\u001b[2m     \u001b[90m     |\u001b[39m                            \u001b[31m\u001b[1m^\u001b[22m\u001b[2m\u001b[39m\u001b[22m\n\u001b[2m     \u001b[90m 123 |\u001b[39m     })\u001b[33m;\u001b[39m\u001b[22m\n\u001b[2m     \u001b[90m 124 |\u001b[39m\u001b[22m\n\u001b[2m     \u001b[90m 125 |\u001b[39m     it(\u001b[32m'handles empty response from webhook'\u001b[39m\u001b[33m,\u001b[39m \u001b[36masync\u001b[39m () \u001b[33m=>\u001b[39m {\u001b[0m\u001b[22m\n\u001b[2m\u001b[22m\n\u001b[2m      \u001b[2mat Object.toBe (\u001b[22m\u001b[2m\u001b[0m\u001b[36m__tests__/services/n8nWebhook.test.ts\u001b[39m\u001b[0m\u001b[2m:122:28)\u001b[22m\u001b[2m\u001b[22m\n\u001b[2m      \u001b[2mat asyncGeneratorStep (\u001b[22m\u001b[2mnode_modules/@babel/runtime/helpers/asyncToGenerator.js\u001b[2m:3:17)\u001b[22m\u001b[2m\u001b[22m\n\u001b[2m      \u001b[2mat _next (\u001b[22m\u001b[2mnode_modules/@babel/runtime/helpers/asyncToGenerator.js\u001b[2m:17:9)\u001b[22m\u001b[2m\u001b[22m\n\n\u001b[1m\u001b[31m  \u001b[1m● \u001b[22m\u001b[1mN8nWebhookService › concurrent requests › handles mixed success and failure in parallel requests\u001b[39m\u001b[22m\n\n    \u001b[2mexpect(\u001b[22m\u001b[31mreceived\u001b[39m\u001b[2m).\u001b[22mtoBe\u001b[2m(\u001b[22m\u001b[32mexpected\u001b[39m\u001b[2m) // Object.is equality\u001b[22m\n\n    Expected: \u001b[32m2\u001b[39m\n    Received: \u001b[31m4\u001b[39m\n\u001b[2m\u001b[22m\n\u001b[2m    \u001b[0m \u001b[90m 317 |\u001b[39m       \u001b[36mconst\u001b[39m failures \u001b[33m=\u001b[39m results\u001b[33m.\u001b[39mfilter(r \u001b[33m=>\u001b[39m \u001b[33m!\u001b[39mr\u001b[33m.\u001b[39msuccess)\u001b[33m.\u001b[39mlength\u001b[33m;\u001b[39m\u001b[22m\n\u001b[2m     \u001b[90m 318 |\u001b[39m       \u001b[22m\n\u001b[2m    \u001b[31m\u001b[1m>\u001b[22m\u001b[2m\u001b[39m\u001b[90m 319 |\u001b[39m       expect(successes)\u001b[33m.\u001b[39mtoBe(\u001b[35m2\u001b[39m)\u001b[33m;\u001b[39m\u001b[22m\n\u001b[2m     \u001b[90m     |\u001b[39m                         \u001b[31m\u001b[1m^\u001b[22m\u001b[2m\u001b[39m\u001b[22m\n\u001b[2m     \u001b[90m 320 |\u001b[39m       expect(failures)\u001b[33m.\u001b[39mtoBe(\u001b[35m2\u001b[39m)\u001b[33m;\u001b[39m\u001b[22m\n\u001b[2m     \u001b[90m 321 |\u001b[39m     })\u001b[33m;\u001b[39m\u001b[22m\n\u001b[2m     \u001b[90m 322 |\u001b[39m\u001b[0m\u001b[22m\n\u001b[2m\u001b[22m\n\u001b[2m      \u001b[2mat Object.toBe (\u001b[22m\u001b[2m\u001b[0m\u001b[36m__tests__/services/n8nWebhook.test.ts\u001b[39m\u001b[0m\u001b[2m:319:25)\u001b[22m\u001b[2m\u001b[22m\n\u001b[2m      \u001b[2mat asyncGeneratorStep (\u001b[22m\u001b[2mnode_modules/@babel/runtime/helpers/asyncToGenerator.js\u001b[2m:3:17)\u001b[22m\u001b[2m\u001b[22m\n\u001b[2m      \u001b[2mat _next (\u001b[22m\u001b[2mnode_modules/@babel/runtime/helpers/asyncToGenerator.js\u001b[2m:17:9)\u001b[22m\u001b[2m\u001b[22m\n","name":"C:\\Users\\maloh\\Downloads\\1-main\\__tests__\\services\\n8nWebhook.test.ts","startTime":1772878830317,"status":"failed","summary":""}],"wasInterrupted":false}
