{"C:\\Users\\maloh\\Downloads\\1-main\\components\\LanguageSelector.tsx": {"path":"C:\\Users\\maloh\\Downloads\\1-main\\components\\LanguageSelector.tsx","statementMap":{"0":{"start":{"line":10,"column":69},"end":{"line":17,"column":1}},"1":{"start":{"line":23,"column":65},"end":{"line":113,"column":1}},"2":{"start":{"line":24,"column":42},"end":{"line":24,"column":55}},"3":{"start":{"line":25,"column":31},"end":{"line":25,"column":41}},"4":{"start":{"line":26,"column":44},"end":{"line":26,"column":59}},"5":{"start":{"line":28,"column":24},"end":{"line":28,"column":78}},"6":{"start":{"line":28,"column":44},"end":{"line":28,"column":61}},"7":{"start":{"line":30,"column":25},"end":{"line":33,"column":5}},"8":{"start":{"line":31,"column":8},"end":{"line":31,"column":33}},"9":{"start":{"line":32,"column":8},"end":{"line":32,"column":31}},"10":{"start":{"line":35,"column":23},"end":{"line":61,"column":5}},"11":{"start":{"line":36,"column":27},"end":{"line":36,"column":47}},"12":{"start":{"line":37,"column":8},"end":{"line":60,"column":10}},"13":{"start":{"line":46,"column":31},"end":{"line":46,"column":54}},"14":{"start":{"line":63,"column":4},"end":{"line":112,"column":6}},"15":{"start":{"line":74,"column":31},"end":{"line":74,"column":52}},"16":{"start":{"line":85,"column":38},"end":{"line":85,"column":60}},"17":{"start":{"line":92,"column":39},"end":{"line":92,"column":61}},"18":{"start":{"line":97,"column":61},"end":{"line":97,"column":83}},"19":{"start":{"line":105,"column":50},"end":{"line":105,"column":59}},"20":{"start":{"line":115,"column":15},"end":{"line":190,"column":2}}},"fnMap":{"0":{"name":"(anonymous_0)","decl":{"start":{"line":23,"column":65},"end":{"line":23,"column":66}},"loc":{"start":{"line":23,"column":80},"end":{"line":113,"column":1}},"line":23},"1":{"name":"(anonymous_1)","decl":{"start":{"line":28,"column":39},"end":{"line":28,"column":40}},"loc":{"start":{"line":28,"column":44},"end":{"line":28,"column":61}},"line":28},"2":{"name":"(anonymous_2)","decl":{"start":{"line":30,"column":25},"end":{"line":30,"column":26}},"loc":{"start":{"line":30,"column":49},"end":{"line":33,"column":5}},"line":30},"3":{"name":"(anonymous_3)","decl":{"start":{"line":35,"column":23},"end":{"line":35,"column":24}},"loc":{"start":{"line":35,"column":68},"end":{"line":61,"column":5}},"line":35},"4":{"name":"(anonymous_4)","decl":{"start":{"line":46,"column":25},"end":{"line":46,"column":26}},"loc":{"start":{"line":46,"column":31},"end":{"line":46,"column":54}},"line":46},"5":{"name":"(anonymous_5)","decl":{"start":{"line":74,"column":25},"end":{"line":74,"column":26}},"loc":{"start":{"line":74,"column":31},"end":{"line":74,"column":52}},"line":74},"6":{"name":"(anonymous_6)","decl":{"start":{"line":85,"column":32},"end":{"line":85,"column":33}},"loc":{"start":{"line":85,"column":38},"end":{"line":85,"column":60}},"line":85},"7":{"name":"(anonymous_7)","decl":{"start":{"line":92,"column":33},"end":{"line":92,"column":34}},"loc":{"start":{"line":92,"column":39},"end":{"line":92,"column":61}},"line":92},"8":{"name":"(anonymous_8)","decl":{"start":{"line":97,"column":55},"end":{"line":97,"column":56}},"loc":{"start":{"line":97,"column":61},"end":{"line":97,"column":83}},"line":97},"9":{"name":"(anonymous_9)","decl":{"start":{"line":105,"column":42},"end":{"line":105,"column":43}},"loc":{"start":{"line":105,"column":50},"end":{"line":105,"column":59}},"line":105}},"branchMap":{"0":{"loc":{"start":{"line":28,"column":24},"end":{"line":28,"column":78}},"type":"binary-expr","locations":[{"start":{"line":28,"column":24},"end":{"line":28,"column":62}},{"start":{"line":28,"column":66},"end":{"line":28,"column":78}}],"line":28},"1":{"loc":{"start":{"line":42,"column":41},"end":{"line":42,"column":91}},"type":"cond-expr","locations":[{"start":{"line":42,"column":54},"end":{"line":42,"column":75}},{"start":{"line":42,"column":78},"end":{"line":42,"column":91}}],"line":42},"2":{"loc":{"start":{"line":43,"column":37},"end":{"line":43,"column":83}},"type":"cond-expr","locations":[{"start":{"line":43,"column":50},"end":{"line":43,"column":64}},{"start":{"line":43,"column":67},"end":{"line":43,"column":83}}],"line":43},"3":{"loc":{"start":{"line":52,"column":31},"end":{"line":52,"column":79}},"type":"cond-expr","locations":[{"start":{"line":52,"column":44},"end":{"line":52,"column":58}},{"start":{"line":52,"column":61},"end":{"line":52,"column":79}}],"line":52},"4":{"loc":{"start":{"line":53,"column":36},"end":{"line":53,"column":62}},"type":"cond-expr","locations":[{"start":{"line":53,"column":49},"end":{"line":53,"column":54}},{"start":{"line":53,"column":57},"end":{"line":53,"column":62}}],"line":53},"5":{"loc":{"start":{"line":58,"column":17},"end":{"line":58,"column":73}},"type":"binary-expr","locations":[{"start":{"line":58,"column":17},"end":{"line":58,"column":27}},{"start":{"line":58,"column":31},"end":{"line":58,"column":73}}],"line":58},"6":{"loc":{"start":{"line":69,"column":41},"end":{"line":69,"column":99}},"type":"cond-expr","locations":[{"start":{"line":69,"column":50},"end":{"line":69,"column":73}},{"start":{"line":69,"column":76},"end":{"line":69,"column":99}}],"line":69}},"s":{"0":1,"1":1,"2":14,"3":14,"4":14,"5":14,"6":14,"7":14,"8":1,"9":1,"10":14,"11":30,"12":30,"13":1,"14":14,"15":5,"16":0,"17":1,"18":1,"19":35,"20":1},"f":{"0":14,"1":14,"2":1,"3":30,"4":1,"5":5,"6":0,"7":1,"8":1,"9":35},"b":{"0":[14,0],"1":[5,25],"2":[5,25],"3":[5,25],"4":[5,25],"5":[30,5],"6":[0,14]},"_coverageSchema":"1a1c01bbd47fc00a2c39e90264f33305004495a9","hash":"9f8b3a6ec009bdc3a51938860f179126e70df28b"}
,"C:\\Users\\maloh\\Downloads\\1-main\\components\\MetricCard.tsx": {"path":"C:\\Users\\maloh\\Downloads\\1-main\\components\\MetricCard.tsx","statementMap":{"0":{"start":{"line":15,"column":53},"end":{"line":61,"column":1}},"1":{"start":{"line":22,"column":23},"end":{"line":22,"column":33}},"2":{"start":{"line":24,"column":24},"end":{"line":50,"column":5}},"3":{"start":{"line":25,"column":8},"end":{"line":49,"column":15}},"4":{"start":{"line":52,"column":4},"end":{"line":58,"column":5}},"5":{"start":{"line":53,"column":8},"end":{"line":57,"column":10}},"6":{"start":{"line":60,"column":4},"end":{"line":60,"column":27}},"7":{"start":{"line":63,"column":15},"end":{"line":118,"column":2}}},"fnMap":{"0":{"name":"(anonymous_0)","decl":{"start":{"line":15,"column":53},"end":{"line":15,"column":54}},"loc":{"start":{"line":21,"column":6},"end":{"line":61,"column":1}},"line":21},"1":{"name":"(anonymous_1)","decl":{"start":{"line":24,"column":24},"end":{"line":24,"column":25}},"loc":{"start":{"line":25,"column":8},"end":{"line":49,"column":15}},"line":25}},"branchMap":{"0":{"loc":{"start":{"line":19,"column":4},"end":{"line":19,"column":20}},"type":"default-arg","locations":[{"start":{"line":19,"column":15},"end":{"line":19,"column":20}}],"line":19},"1":{"loc":{"start":{"line":30,"column":17},"end":{"line":41,"column":17}},"type":"cond-expr","locations":[{"start":{"line":31,"column":20},"end":{"line":38,"column":27}},{"start":{"line":40,"column":20},"end":{"line":40,"column":94}}],"line":30},"2":{"loc":{"start":{"line":44,"column":13},"end":{"line":48,"column":13}},"type":"binary-expr","locations":[{"start":{"line":44,"column":13},"end":{"line":44,"column":21}},{"start":{"line":45,"column":16},"end":{"line":47,"column":23}}],"line":44},"3":{"loc":{"start":{"line":52,"column":4},"end":{"line":58,"column":5}},"type":"if","locations":[{"start":{"line":52,"column":4},"end":{"line":58,"column":5}},{"start":{},"end":{}}],"line":52},"4":{"loc":{"start":{"line":52,"column":8},"end":{"line":52,"column":34}},"type":"binary-expr","locations":[{"start":{"line":52,"column":8},"end":{"line":52,"column":16}},{"start":{"line":52,"column":20},"end":{"line":52,"column":34}}],"line":52}},"s":{"0":1,"1":4,"2":4,"3":4,"4":4,"5":1,"6":3,"7":1},"f":{"0":4,"1":4},"b":{"0":[1],"1":[2,2],"2":[4,2],"3":[1,3],"4":[4,2]},"_coverageSchema":"1a1c01bbd47fc00a2c39e90264f33305004495a9","hash":"c79c5e10431e890cec2676cf5fcd5189070fc4da"}
,"C:\\Users\\maloh\\Downloads\\1-main\\components\\RadialScoreGauge.tsx": {"path":"C:\\Users\\maloh\\Downloads\\1-main\\components\\RadialScoreGauge.tsx","statementMap":{"0":{"start":{"line":15,"column":23},"end":{"line":15,"column":63}},"1":{"start":{"line":17,"column":65},"end":{"line":84,"column":1}},"2":{"start":{"line":24,"column":23},"end":{"line":24,"column":33}},"3":{"start":{"line":25,"column":26},"end":{"line":25,"column":63}},"4":{"start":{"line":27,"column":24},"end":{"line":27,"column":26}},"5":{"start":{"line":28,"column":19},"end":{"line":28,"column":43}},"6":{"start":{"line":29,"column":26},"end":{"line":29,"column":46}},"7":{"start":{"line":30,"column":23},"end":{"line":30,"column":52}},"8":{"start":{"line":32,"column":4},"end":{"line":38,"column":21}},"9":{"start":{"line":33,"column":8},"end":{"line":37,"column":19}},"10":{"start":{"line":40,"column":29},"end":{"line":43,"column":6}},"11":{"start":{"line":45,"column":4},"end":{"line":83,"column":6}},"12":{"start":{"line":86,"column":15},"end":{"line":122,"column":2}}},"fnMap":{"0":{"name":"(anonymous_0)","decl":{"start":{"line":17,"column":65},"end":{"line":17,"column":66}},"loc":{"start":{"line":23,"column":6},"end":{"line":84,"column":1}},"line":23},"1":{"name":"(anonymous_1)","decl":{"start":{"line":32,"column":14},"end":{"line":32,"column":15}},"loc":{"start":{"line":32,"column":20},"end":{"line":38,"column":5}},"line":32}},"branchMap":{"0":{"loc":{"start":{"line":19,"column":4},"end":{"line":19,"column":18}},"type":"default-arg","locations":[{"start":{"line":19,"column":15},"end":{"line":19,"column":18}}],"line":19},"1":{"loc":{"start":{"line":22,"column":4},"end":{"line":22,"column":14}},"type":"default-arg","locations":[{"start":{"line":22,"column":11},"end":{"line":22,"column":14}}],"line":22}},"s":{"0":1,"1":1,"2":3,"3":3,"4":3,"5":3,"6":3,"7":3,"8":3,"9":3,"10":3,"11":3,"12":1},"f":{"0":3,"1":3},"b":{"0":[0],"1":[3]},"_coverageSchema":"1a1c01bbd47fc00a2c39e90264f33305004495a9","hash":"b36ed197ad1c1c406e97f126a888fc48cc6b1171"}
,"C:\\Users\\maloh\\Downloads\\1-main\\components\\UrgencyModal.tsx": {"path":"C:\\Users\\maloh\\Downloads\\1-main\\components\\UrgencyModal.tsx","statementMap":{"0":{"start":{"line":20,"column":23},"end":{"line":20,"column":33}},"1":{"start":{"line":21,"column":18},"end":{"line":21,"column":31}},"2":{"start":{"line":22,"column":19},"end":{"line":22,"column":64}},"3":{"start":{"line":22,"column":33},"end":{"line":22,"column":53}},"4":{"start":{"line":24,"column":4},"end":{"line":57,"column":6}},"5":{"start":{"line":60,"column":21},"end":{"line":118,"column":2}},"6":{"start":{"line":60,"column":38},"end":{"line":118,"column":2}}},"fnMap":{"0":{"name":"UrgencyModal","decl":{"start":{"line":19,"column":16},"end":{"line":19,"column":28}},"loc":{"start":{"line":19,"column":72},"end":{"line":58,"column":1}},"line":19},"1":{"name":"(anonymous_1)","decl":{"start":{"line":22,"column":27},"end":{"line":22,"column":28}},"loc":{"start":{"line":22,"column":33},"end":{"line":22,"column":53}},"line":22},"2":{"name":"(anonymous_2)","decl":{"start":{"line":60,"column":21},"end":{"line":60,"column":22}},"loc":{"start":{"line":60,"column":38},"end":{"line":118,"column":2}},"line":60}},"branchMap":{},"s":{"0":3,"1":3,"2":3,"3":3,"4":3,"5":1,"6":3},"f":{"0":3,"1":3,"2":3},"b":{},"_coverageSchema":"1a1c01bbd47fc00a2c39e90264f33305004495a9","hash":"77b42c4a849420ca04534e102ed4ed4046b82c37"}
}
