TN:
SF:components\LanguageSelector.tsx
FN:23,(anonymous_0)
FN:28,(anonymous_1)
FN:30,(anonymous_2)
FN:35,(anonymous_3)
FN:46,(anonymous_4)
FN:74,(anonymous_5)
FN:85,(anonymous_6)
FN:92,(anonymous_7)
FN:97,(anonymous_8)
FN:105,(anonymous_9)
FNF:10
FNH:9
FNDA:14,(anonymous_0)
FNDA:14,(anonymous_1)
FNDA:1,(anonymous_2)
FNDA:30,(anonymous_3)
FNDA:1,(anonymous_4)
FNDA:5,(anonymous_5)
FNDA:0,(anonymous_6)
FNDA:1,(anonymous_7)
FNDA:1,(anonymous_8)
FNDA:35,(anonymous_9)
DA:10,1
DA:23,1
DA:24,14
DA:25,14
DA:26,14
DA:28,14
DA:30,14
DA:31,1
DA:32,1
DA:35,14
DA:36,30
DA:37,30
DA:46,1
DA:63,14
DA:74,5
DA:85,0
DA:92,1
DA:97,1
DA:105,35
DA:115,1
LF:20
LH:19
BRDA:28,0,0,14
BRDA:28,0,1,0
BRDA:42,1,0,5
BRDA:42,1,1,25
BRDA:43,2,0,5
BRDA:43,2,1,25
BRDA:52,3,0,5
BRDA:52,3,1,25
BRDA:53,4,0,5
BRDA:53,4,1,25
BRDA:58,5,0,30
BRDA:58,5,1,5
BRDA:69,6,0,0
BRDA:69,6,1,14
BRF:14
BRH:12
end_of_record
TN:
SF:components\MetricCard.tsx
FN:15,(anonymous_0)
FN:24,(anonymous_1)
FNF:2
FNH:2
FNDA:4,(anonymous_0)
FNDA:4,(anonymous_1)
DA:15,1
DA:22,4
DA:24,4
DA:25,4
DA:52,4
DA:53,1
DA:60,3
DA:63,1
LF:8
LH:8
BRDA:19,0,0,1
BRDA:30,1,0,2
BRDA:30,1,1,2
BRDA:44,2,0,4
BRDA:44,2,1,2
BRDA:52,3,0,1
BRDA:52,3,1,3
BRDA:52,4,0,4
BRDA:52,4,1,2
BRF:9
BRH:9
end_of_record
TN:
SF:components\RadialScoreGauge.tsx
FN:17,(anonymous_0)
FN:32,(anonymous_1)
FNF:2
FNH:2
FNDA:3,(anonymous_0)
FNDA:3,(anonymous_1)
DA:15,1
DA:17,1
DA:24,3
DA:25,3
DA:27,3
DA:28,3
DA:29,3
DA:30,3
DA:32,3
DA:33,3
DA:40,3
DA:45,3
DA:86,1
LF:13
LH:13
BRDA:19,0,0,0
BRDA:22,1,0,3
BRF:2
BRH:1
end_of_record
TN:
SF:components\UrgencyModal.tsx
FN:19,UrgencyModal
FN:22,(anonymous_1)
FN:60,(anonymous_2)
FNF:3
FNH:3
FNDA:3,UrgencyModal
FNDA:3,(anonymous_1)
FNDA:3,(anonymous_2)
DA:20,3
DA:21,3
DA:22,3
DA:24,3
DA:60,3
LF:5
LH:5
BRF:0
BRH:0
end_of_record
